[0.109s] Invoking command in '/home/dareum/ME454/ros2_ws/build/coin_rolling_msg': CMAKE_PREFIX_PATH=/opt/ros/humble CONDA_PROMPT_MODIFIER=(mujoco_py) /usr/bin/cmake /home/dareum/ME454/ros2_ws/src/coin_rolling_msg -DCMAKE_INSTALL_PREFIX=/home/dareum/ME454/ros2_ws/install/coin_rolling_msg
[0.685s] -- The C compiler identification is GNU 12.1.0
[2.350s] -- The CXX compiler identification is GNU 11.4.0
[2.917s] -- Detecting C compiler ABI info
[3.206s] -- Detecting C compiler ABI info - done
[3.216s] -- Check for working C compiler: /home/dareum/anaconda3/envs/mujoco_py/bin/cc - skipped
[3.216s] -- Detecting C compile features
[3.217s] -- Detecting C compile features - done
[3.221s] -- Detecting CXX compiler ABI info
[3.544s] -- Detecting CXX compiler ABI info - done
[3.556s] -- Check for working CXX compiler: /usr/bin/c++ - skipped
[3.556s] -- Detecting CXX compile features
[3.557s] -- Detecting CXX compile features - done
[3.561s] -- Found ament_cmake: 1.3.8 (/opt/ros/humble/share/ament_cmake/cmake)
[4.368s] -- Found Python3: /home/dareum/anaconda3/envs/mujoco_py/bin/python3 (found version "3.8.19") found components: Interpreter 
[4.531s] -- Found rosidl_default_generators: 1.2.0 (/opt/ros/humble/share/rosidl_default_generators/cmake)
[4.541s] -- Using all available rosidl_typesupport_c: rosidl_typesupport_fastrtps_c;rosidl_typesupport_introspection_c
[4.556s] -- Found rosidl_adapter: 3.1.5 (/opt/ros/humble/share/rosidl_adapter/cmake)
[4.827s] -- Using all available rosidl_typesupport_cpp: rosidl_typesupport_fastrtps_cpp;rosidl_typesupport_introspection_cpp
[4.867s] -- Found geometry_msgs: 4.2.3 (/opt/ros/humble/share/geometry_msgs/cmake)
[5.177s] [31mCMake Error at /opt/ros/humble/share/rosidl_adapter/cmake/rosidl_adapt_interfaces.cmake:59 (message):
[5.178s]   execute_process(/home/dareum/anaconda3/envs/mujoco_py/bin/python3 -m
[5.178s]   rosidl_adapter --package-name coin_rolling_msg --arguments-file
[5.178s]   /home/dareum/ME454/ros2_ws/build/coin_rolling_msg/rosidl_adapter__arguments__coin_rolling_msg.json
[5.178s]   --output-dir
[5.178s]   /home/dareum/ME454/ros2_ws/build/coin_rolling_msg/rosidl_adapter/coin_rolling_msg
[5.178s]   --output-file
[5.179s]   /home/dareum/ME454/ros2_ws/build/coin_rolling_msg/rosidl_adapter/coin_rolling_msg.idls)
[5.179s]   returned error code 1:
[5.179s] 
[5.179s]   Traceback (most recent call last):
[5.179s] 
[5.179s]     File "/home/dareum/anaconda3/envs/mujoco_py/lib/python3.8/runpy.py", line 194, in _run_module_as_main
[5.179s]       return _run_code(code, main_globals, None,
[5.179s]     File "/home/dareum/anaconda3/envs/mujoco_py/lib/python3.8/runpy.py", line 87, in _run_code
[5.179s]       exec(code, run_globals)
[5.179s]     File "/opt/ros/humble/local/lib/python3.10/dist-packages/rosidl_adapter/__main__.py", line 19, in <module>
[5.179s]       sys.exit(main())
[5.179s]     File "/opt/ros/humble/local/lib/python3.10/dist-packages/rosidl_adapter/main.py", line 53, in main
[5.179s]       abs_idl_file = convert_to_idl(
[5.179s]     File "/opt/ros/humble/local/lib/python3.10/dist-packages/rosidl_adapter/__init__.py", line 18, in convert_to_idl
[5.180s]       from rosidl_adapter.msg import convert_msg_to_idl
[5.180s]     File "/opt/ros/humble/local/lib/python3.10/dist-packages/rosidl_adapter/msg/__init__.py", line 16, in <module>
[5.180s]       from rosidl_adapter.resource import expand_template
[5.180s]     File "/opt/ros/humble/local/lib/python3.10/dist-packages/rosidl_adapter/resource/__init__.py", line 19, in <module>
[5.180s]       import em
[5.180s] 
[5.180s]   ModuleNotFoundError: No module named 'em'
[5.180s] 
[5.180s] Call Stack (most recent call first):
[5.180s]   /opt/ros/humble/share/rosidl_cmake/cmake/rosidl_generate_interfaces.cmake:130 (rosidl_adapt_interfaces)
[5.180s]   CMakeLists.txt:23 (rosidl_generate_interfaces)
[5.180s] 
[5.180s] [0m
[5.181s] -- Configuring incomplete, errors occurred!
[5.181s] See also "/home/dareum/ME454/ros2_ws/build/coin_rolling_msg/CMakeFiles/CMakeOutput.log".
