[0.119s] Invoking command in '/home/dareum/ME454/ros2_ws/build/crankshaft': CMAKE_PREFIX_PATH=/opt/ros/humble CONDA_PROMPT_MODIFIER=(base) /usr/bin/cmake /home/dareum/ME454/ros2_ws/src/crankshaft -DCMAKE_INSTALL_PREFIX=/home/dareum/ME454/ros2_ws/install/crankshaft
[0.363s] -- Found ament_cmake: 1.3.8 (/opt/ros/humble/share/ament_cmake/cmake)
[0.729s] -- Found rclcpp: 16.0.8 (/opt/ros/humble/share/rclcpp/cmake)
[0.949s] -- Found rosidl_generator_c: 3.1.5 (/opt/ros/humble/share/rosidl_generator_c/cmake)
[0.951s] -- Found rosidl_adapter: 3.1.5 (/opt/ros/humble/share/rosidl_adapter/cmake)
[0.957s] -- Found rosidl_generator_cpp: 3.1.5 (/opt/ros/humble/share/rosidl_generator_cpp/cmake)
[0.967s] -- Using all available rosidl_typesupport_c: rosidl_typesupport_fastrtps_c;rosidl_typesupport_introspection_c
[0.981s] -- Using all available rosidl_typesupport_cpp: rosidl_typesupport_fastrtps_cpp;rosidl_typesupport_introspection_cpp
[1.034s] -- Found rmw_implementation_cmake: 6.1.1 (/opt/ros/humble/share/rmw_implementation_cmake/cmake)
[1.036s] -- Found rmw_fastrtps_cpp: 6.2.6 (/opt/ros/humble/share/rmw_fastrtps_cpp/cmake)
[7.889s] -- Using RMW implementation 'rmw_fastrtps_cpp' as default
[8.014s] -- Found gazebo_msgs: 3.7.0 (/opt/ros/humble/share/gazebo_msgs/cmake)
[8.226s] -- Found ament_lint_auto: 0.12.10 (/opt/ros/humble/share/ament_lint_auto/cmake)
[8.261s] Traceback (most recent call last):
[8.261s]   File "/opt/ros/humble/share/ament_cmake_core/cmake/core/package_xml_2_cmake.py", line 22, in <module>
[8.262s]     from catkin_pkg.package import parse_package_string
[8.262s] ModuleNotFoundError: No module named 'catkin_pkg'
[8.269s] [31mCMake Error at /opt/ros/humble/share/ament_cmake_core/cmake/core/ament_package_xml.cmake:95 (message):
[8.269s]   execute_process(/home/dareum/anaconda3/envs/mujoco_py/bin/python3
[8.269s]   /opt/ros/humble/share/ament_cmake_core/cmake/core/package_xml_2_cmake.py
[8.269s]   /home/dareum/ME454/ros2_ws/src/crankshaft/package.xml
[8.269s]   /home/dareum/ME454/ros2_ws/build/crankshaft/ament_cmake_core/package.cmake)
[8.269s]   returned error code 1
[8.269s] Call Stack (most recent call first):
[8.269s]   /opt/ros/humble/share/ament_cmake_core/cmake/core/ament_package_xml.cmake:49 (_ament_package_xml)
[8.269s]   /opt/ros/humble/share/ament_lint_auto/cmake/ament_lint_auto_find_test_dependencies.cmake:31 (ament_package_xml)
[8.269s]   CMakeLists.txt:45 (ament_lint_auto_find_test_dependencies)
[8.269s] 
[8.269s] [0m
[8.269s] -- Configuring incomplete, errors occurred!
[8.269s] See also "/home/dareum/ME454/ros2_ws/build/crankshaft/CMakeFiles/CMakeOutput.log".
[8.269s] See also "/home/dareum/ME454/ros2_ws/build/crankshaft/CMakeFiles/CMakeError.log".
