[0.193s] Invoking command in '/home/dareum/ME454/ros2_ws/build/four_bar_linkage': CMAKE_PREFIX_PATH=${CMAKE_PREFIX_PATH}:/opt/ros/humble CONDA_PROMPT_MODIFIER=(base) /usr/bin/cmake /home/dareum/ME454/ros2_ws/src/four_bar_linkage -DCMAKE_INSTALL_PREFIX=/home/dareum/ME454/ros2_ws/install/four_bar_linkage
[0.315s] -- Found ament_cmake: 1.3.8 (/opt/ros/humble/share/ament_cmake/cmake)
[0.584s] -- Found rclcpp: 16.0.8 (/opt/ros/humble/share/rclcpp/cmake)
[0.866s] -- Found rosidl_generator_c: 3.1.5 (/opt/ros/humble/share/rosidl_generator_c/cmake)
[0.868s] -- Found rosidl_adapter: 3.1.5 (/opt/ros/humble/share/rosidl_adapter/cmake)
[0.874s] -- Found rosidl_generator_cpp: 3.1.5 (/opt/ros/humble/share/rosidl_generator_cpp/cmake)
[0.884s] -- Using all available rosidl_typesupport_c: rosidl_typesupport_fastrtps_c;rosidl_typesupport_introspection_c
[0.899s] -- Using all available rosidl_typesupport_cpp: rosidl_typesupport_fastrtps_cpp;rosidl_typesupport_introspection_cpp
[0.964s] -- Found rmw_implementation_cmake: 6.1.1 (/opt/ros/humble/share/rmw_implementation_cmake/cmake)
[0.965s] -- Found rmw_fastrtps_cpp: 6.2.6 (/opt/ros/humble/share/rmw_fastrtps_cpp/cmake)
[4.883s] -- Using RMW implementation 'rmw_fastrtps_cpp' as default
[5.007s] -- Found gazebo_msgs: 3.7.0 (/opt/ros/humble/share/gazebo_msgs/cmake)
[5.245s] -- Found ament_lint_auto: 0.12.10 (/opt/ros/humble/share/ament_lint_auto/cmake)
[5.277s] Traceback (most recent call last):
[5.277s]   File "/opt/ros/humble/share/ament_cmake_core/cmake/core/package_xml_2_cmake.py", line 22, in <module>
[5.277s]     from catkin_pkg.package import parse_package_string
[5.277s] ModuleNotFoundError: No module named 'catkin_pkg'
[5.281s] [31mCMake Error at /opt/ros/humble/share/ament_cmake_core/cmake/core/ament_package_xml.cmake:95 (message):
[5.281s]   execute_process(/home/dareum/anaconda3/envs/mujoco_py/bin/python3
[5.281s]   /opt/ros/humble/share/ament_cmake_core/cmake/core/package_xml_2_cmake.py
[5.281s]   /home/dareum/ME454/ros2_ws/src/four_bar_linkage/package.xml
[5.281s]   /home/dareum/ME454/ros2_ws/build/four_bar_linkage/ament_cmake_core/package.cmake)
[5.281s]   returned error code 1
[5.281s] Call Stack (most recent call first):
[5.281s]   /opt/ros/humble/share/ament_cmake_core/cmake/core/ament_package_xml.cmake:49 (_ament_package_xml)
[5.281s]   /opt/ros/humble/share/ament_lint_auto/cmake/ament_lint_auto_find_test_dependencies.cmake:31 (ament_package_xml)
[5.281s]   CMakeLists.txt:41 (ament_lint_auto_find_test_dependencies)
[5.282s] 
[5.282s] [0m
[5.282s] -- Configuring incomplete, errors occurred!
[5.282s] See also "/home/dareum/ME454/ros2_ws/build/four_bar_linkage/CMakeFiles/CMakeOutput.log".
[5.282s] See also "/home/dareum/ME454/ros2_ws/build/four_bar_linkage/CMakeFiles/CMakeError.log".
