[0.019s] Invoking command in '/home/dareum/ME454/cpp_ws/HW4/build/cartpole': CMAKE_PREFIX_PATH=/opt/ros/humble /usr/bin/cmake /home/dareum/ME454/cpp_ws/HW4/src/cartpole -DCMAKE_INSTALL_PREFIX=/home/dareum/ME454/cpp_ws/HW4/install/cartpole
[0.776s] -- The C compiler identification is GNU 11.4.0
[1.979s] -- The CXX compiler identification is GNU 11.4.0
[2.476s] -- Detecting C compiler ABI info
[2.708s] -- Detecting C compiler ABI info - done
[2.716s] -- Check for working C compiler: /usr/bin/cc - skipped
[2.717s] -- Detecting C compile features
[2.717s] -- Detecting C compile features - done
[2.723s] -- Detecting CXX compiler ABI info
[2.921s] -- Detecting CXX compiler ABI info - done
[2.928s] -- Check for working CXX compiler: /usr/bin/c++ - skipped
[2.929s] -- Detecting CXX compile features
[2.929s] -- Detecting CXX compile features - done
[2.949s] -- Found ament_cmake: 1.3.8 (/opt/ros/humble/share/ament_cmake/cmake)
[3.094s] -- Found Python3: /usr/bin/python3 (found version "3.10.12") found components: Interpreter 
[3.222s] -- Found rclcpp: 16.0.8 (/opt/ros/humble/share/rclcpp/cmake)
[3.474s] -- Found rosidl_generator_c: 3.1.5 (/opt/ros/humble/share/rosidl_generator_c/cmake)
[3.482s] -- Found rosidl_adapter: 3.1.5 (/opt/ros/humble/share/rosidl_adapter/cmake)
[3.494s] -- Found rosidl_generator_cpp: 3.1.5 (/opt/ros/humble/share/rosidl_generator_cpp/cmake)
[3.526s] -- Using all available rosidl_typesupport_c: rosidl_typesupport_fastrtps_c;rosidl_typesupport_introspection_c
[3.558s] -- Using all available rosidl_typesupport_cpp: rosidl_typesupport_fastrtps_cpp;rosidl_typesupport_introspection_cpp
[3.656s] -- Found rmw_implementation_cmake: 6.1.1 (/opt/ros/humble/share/rmw_implementation_cmake/cmake)
[3.661s] -- Found rmw_fastrtps_cpp: 6.2.6 (/opt/ros/humble/share/rmw_fastrtps_cpp/cmake)
[5.284s] -- Found OpenSSL: /usr/lib/x86_64-linux-gnu/libcrypto.so (found version "3.0.2")  
[7.008s] -- Found FastRTPS: /opt/ros/humble/include  
[10.249s] -- Using RMW implementation 'rmw_fastrtps_cpp' as default
[10.275s] -- Looking for pthread.h
[10.428s] -- Looking for pthread.h - found
[10.428s] -- Performing Test CMAKE_HAVE_LIBC_PTHREAD
[10.610s] -- Performing Test CMAKE_HAVE_LIBC_PTHREAD - Success
[10.611s] -- Found Threads: TRUE  
[10.790s] -- Found gazebo_msgs: 3.7.0 (/opt/ros/humble/share/gazebo_msgs/cmake)
[11.032s] -- Found sensor_msgs: 4.2.3 (/opt/ros/humble/share/sensor_msgs/cmake)
[11.112s] -- Found control_msgs: 4.4.0 (/opt/ros/humble/share/control_msgs/cmake)
[11.414s] -- Found rclcpp_action: 16.0.8 (/opt/ros/humble/share/rclcpp_action/cmake)
[11.454s] -- Found tf2: 0.25.6 (/opt/ros/humble/share/tf2/cmake)
[11.476s] -- Found tf2_geometry_msgs: 0.25.6 (/opt/ros/humble/share/tf2_geometry_msgs/cmake)
[11.559s] -- Found eigen3_cmake_module: 0.1.1 (/opt/ros/humble/share/eigen3_cmake_module/cmake)
[11.563s] -- Found Eigen3: TRUE (found version "3.4.0") 
[11.563s] -- Ensuring Eigen3 include directory is part of orocos-kdl CMake target
[11.806s] -- Found ament_lint_auto: 0.12.10 (/opt/ros/humble/share/ament_lint_auto/cmake)
[11.892s] -- Added test 'copyright' to check source files copyright and LICENSE
[11.894s] -- Added test 'cppcheck' to perform static code analysis on C / C++ code
[11.895s] -- Configured cppcheck include dirs: 
[11.895s] -- Configured cppcheck exclude dirs and/or files: 
[11.896s] -- Added test 'cpplint' to check C / C++ code against the Google style
[11.897s] -- Configured cpplint exclude dirs and/or files: 
[11.897s] -- Added test 'flake8' to check Python code syntax and style conventions
[11.898s] -- Added test 'lint_cmake' to check CMake code style
[11.899s] -- Added test 'pep257' to check Python code against some of the docstring style conventions in PEP 257
[11.900s] -- Added test 'uncrustify' to check C / C++ code style
[11.900s] -- Configured uncrustify additional arguments: 
[11.900s] -- Added test 'xmllint' to check XML markup files
[11.904s] -- Configuring done
[11.930s] -- Generating done
[11.933s] -- Build files have been written to: /home/dareum/ME454/cpp_ws/HW4/build/cartpole
[11.961s] Invoked command in '/home/dareum/ME454/cpp_ws/HW4/build/cartpole' returned '0': CMAKE_PREFIX_PATH=/opt/ros/humble /usr/bin/cmake /home/dareum/ME454/cpp_ws/HW4/src/cartpole -DCMAKE_INSTALL_PREFIX=/home/dareum/ME454/cpp_ws/HW4/install/cartpole
[11.966s] Invoking command in '/home/dareum/ME454/cpp_ws/HW4/build/cartpole': CMAKE_PREFIX_PATH=/opt/ros/humble /usr/bin/cmake --build /home/dareum/ME454/cpp_ws/HW4/build/cartpole -- -j16 -l16
[12.046s] [ 50%] [32mBuilding CXX object CMakeFiles/pid_publisher_subscriber_node.dir/src/pid_publisher_subscriber_node.cpp.o[0m
[21.057s] [100%] [32m[1mLinking CXX executable pid_publisher_subscriber_node[0m
[21.777s] [100%] Built target pid_publisher_subscriber_node
[21.787s] Invoked command in '/home/dareum/ME454/cpp_ws/HW4/build/cartpole' returned '0': CMAKE_PREFIX_PATH=/opt/ros/humble /usr/bin/cmake --build /home/dareum/ME454/cpp_ws/HW4/build/cartpole -- -j16 -l16
[21.834s] Invoking command in '/home/dareum/ME454/cpp_ws/HW4/build/cartpole': CMAKE_PREFIX_PATH=/opt/ros/humble /usr/bin/cmake --install /home/dareum/ME454/cpp_ws/HW4/build/cartpole
[21.843s] -- Install configuration: ""
[21.843s] -- Installing: /home/dareum/ME454/cpp_ws/HW4/install/cartpole/share/cartpole/launch
[21.844s] -- Installing: /home/dareum/ME454/cpp_ws/HW4/install/cartpole/share/cartpole/launch/cartpolePID.launch.py
[21.844s] -- Installing: /home/dareum/ME454/cpp_ws/HW4/install/cartpole/share/cartpole/rsc
[21.844s] -- Installing: /home/dareum/ME454/cpp_ws/HW4/install/cartpole/share/cartpole/rsc/urdf
[21.845s] -- Installing: /home/dareum/ME454/cpp_ws/HW4/install/cartpole/share/cartpole/rsc/urdf/cartpoleeffort.urdf
[21.845s] -- Installing: /home/dareum/ME454/cpp_ws/HW4/install/cartpole/share/cartpole/worlds
[21.845s] -- Installing: /home/dareum/ME454/cpp_ws/HW4/install/cartpole/share/cartpole/worlds/cartpole.world
[21.845s] -- Installing: /home/dareum/ME454/cpp_ws/HW4/install/cartpole/share/cartpole/config
[21.845s] -- Installing: /home/dareum/ME454/cpp_ws/HW4/install/cartpole/share/cartpole/config/cartpoleeffort.yaml
[21.846s] -- Installing: /home/dareum/ME454/cpp_ws/HW4/install/cartpole/lib/cartpole/pid_publisher_subscriber_node
[21.849s] -- Set runtime path of "/home/dareum/ME454/cpp_ws/HW4/install/cartpole/lib/cartpole/pid_publisher_subscriber_node" to ""
[21.849s] -- Installing: /home/dareum/ME454/cpp_ws/HW4/install/cartpole/share/ament_index/resource_index/package_run_dependencies/cartpole
[21.849s] -- Installing: /home/dareum/ME454/cpp_ws/HW4/install/cartpole/share/ament_index/resource_index/parent_prefix_path/cartpole
[21.849s] -- Installing: /home/dareum/ME454/cpp_ws/HW4/install/cartpole/share/cartpole/environment/ament_prefix_path.sh
[21.850s] -- Installing: /home/dareum/ME454/cpp_ws/HW4/install/cartpole/share/cartpole/environment/ament_prefix_path.dsv
[21.850s] -- Installing: /home/dareum/ME454/cpp_ws/HW4/install/cartpole/share/cartpole/environment/path.sh
[21.850s] -- Installing: /home/dareum/ME454/cpp_ws/HW4/install/cartpole/share/cartpole/environment/path.dsv
[21.850s] -- Installing: /home/dareum/ME454/cpp_ws/HW4/install/cartpole/share/cartpole/local_setup.bash
[21.851s] -- Installing: /home/dareum/ME454/cpp_ws/HW4/install/cartpole/share/cartpole/local_setup.sh
[21.851s] -- Installing: /home/dareum/ME454/cpp_ws/HW4/install/cartpole/share/cartpole/local_setup.zsh
[21.851s] -- Installing: /home/dareum/ME454/cpp_ws/HW4/install/cartpole/share/cartpole/local_setup.dsv
[21.851s] -- Installing: /home/dareum/ME454/cpp_ws/HW4/install/cartpole/share/cartpole/package.dsv
[21.851s] -- Installing: /home/dareum/ME454/cpp_ws/HW4/install/cartpole/share/ament_index/resource_index/packages/cartpole
[21.851s] -- Installing: /home/dareum/ME454/cpp_ws/HW4/install/cartpole/share/cartpole/cmake/cartpoleConfig.cmake
[21.851s] -- Installing: /home/dareum/ME454/cpp_ws/HW4/install/cartpole/share/cartpole/cmake/cartpoleConfig-version.cmake
[21.851s] -- Installing: /home/dareum/ME454/cpp_ws/HW4/install/cartpole/share/cartpole/package.xml
[21.854s] Invoked command in '/home/dareum/ME454/cpp_ws/HW4/build/cartpole' returned '0': CMAKE_PREFIX_PATH=/opt/ros/humble /usr/bin/cmake --install /home/dareum/ME454/cpp_ws/HW4/build/cartpole
