[0.108s] Invoking command in '/home/dareum/ME454/ros2_ws/build/four_bar_linkage': CMAKE_PREFIX_PATH=/opt/ros/humble CONDA_PROMPT_MODIFIER=(mujoco_py) /usr/bin/cmake /home/dareum/ME454/ros2_ws/src/four_bar_linkage -DCMAKE_INSTALL_PREFIX=/home/dareum/ME454/ros2_ws/install/four_bar_linkage
[0.643s] -- The C compiler identification is GNU 12.1.0
[2.357s] -- The CXX compiler identification is GNU 11.4.0
[2.870s] -- Detecting C compiler ABI info
[3.153s] -- Detecting C compiler ABI info - done
[3.163s] -- Check for working C compiler: /home/dareum/anaconda3/envs/mujoco_py/bin/cc - skipped
[3.164s] -- Detecting C compile features
[3.164s] -- Detecting C compile features - done
[3.168s] -- Detecting CXX compiler ABI info
[3.468s] -- Detecting CXX compiler ABI info - done
[3.477s] -- Check for working CXX compiler: /usr/bin/c++ - skipped
[3.477s] -- Detecting CXX compile features
[3.478s] -- Detecting CXX compile features - done
[3.481s] -- Found ament_cmake: 1.3.8 (/opt/ros/humble/share/ament_cmake/cmake)
[4.282s] -- Found Python3: /home/dareum/anaconda3/envs/mujoco_py/bin/python3 (found version "3.8.19") found components: Interpreter 
[4.457s] -- Found rclcpp: 16.0.8 (/opt/ros/humble/share/rclcpp/cmake)
[4.669s] -- Found rosidl_generator_c: 3.1.5 (/opt/ros/humble/share/rosidl_generator_c/cmake)
[4.675s] -- Found rosidl_adapter: 3.1.5 (/opt/ros/humble/share/rosidl_adapter/cmake)
[4.690s] -- Found rosidl_generator_cpp: 3.1.5 (/opt/ros/humble/share/rosidl_generator_cpp/cmake)
[4.716s] -- Using all available rosidl_typesupport_c: rosidl_typesupport_fastrtps_c;rosidl_typesupport_introspection_c
[4.747s] -- Using all available rosidl_typesupport_cpp: rosidl_typesupport_fastrtps_cpp;rosidl_typesupport_introspection_cpp
[4.840s] -- Found rmw_implementation_cmake: 6.1.1 (/opt/ros/humble/share/rmw_implementation_cmake/cmake)
[4.845s] -- Found rmw_fastrtps_cpp: 6.2.6 (/opt/ros/humble/share/rmw_fastrtps_cpp/cmake)
[5.757s] -- Found OpenSSL: /home/linuxbrew/.linuxbrew/Cellar/openssl@3/3.3.1/lib/libcrypto.so (found version "3.3.1")  
[7.571s] -- Found FastRTPS: /opt/ros/humble/include  
[9.245s] -- Using RMW implementation 'rmw_fastrtps_cpp' as default
[9.260s] -- Looking for pthread.h
[9.449s] -- Looking for pthread.h - found
[9.449s] -- Performing Test CMAKE_HAVE_LIBC_PTHREAD
[9.646s] -- Performing Test CMAKE_HAVE_LIBC_PTHREAD - Failed
[9.646s] -- Looking for pthread_create in pthreads
[9.845s] -- Looking for pthread_create in pthreads - not found
[9.845s] -- Looking for pthread_create in pthread
[10.052s] -- Looking for pthread_create in pthread - found
[10.052s] -- Found Threads: TRUE  
[10.222s] -- Found gazebo_msgs: 3.7.0 (/opt/ros/humble/share/gazebo_msgs/cmake)
[10.500s] -- Found ament_lint_auto: 0.12.10 (/opt/ros/humble/share/ament_lint_auto/cmake)
[10.533s] Traceback (most recent call last):
[10.533s]   File "/opt/ros/humble/share/ament_cmake_core/cmake/core/package_xml_2_cmake.py", line 22, in <module>
[10.533s]     from catkin_pkg.package import parse_package_string
[10.533s] ModuleNotFoundError: No module named 'catkin_pkg'
[10.537s] [31mCMake Error at /opt/ros/humble/share/ament_cmake_core/cmake/core/ament_package_xml.cmake:95 (message):
[10.537s]   execute_process(/home/dareum/anaconda3/envs/mujoco_py/bin/python3
[10.537s]   /opt/ros/humble/share/ament_cmake_core/cmake/core/package_xml_2_cmake.py
[10.537s]   /home/dareum/ME454/ros2_ws/src/four_bar_linkage/package.xml
[10.537s]   /home/dareum/ME454/ros2_ws/build/four_bar_linkage/ament_cmake_core/package.cmake)
[10.537s]   returned error code 1
[10.537s] Call Stack (most recent call first):
[10.537s]   /opt/ros/humble/share/ament_cmake_core/cmake/core/ament_package_xml.cmake:49 (_ament_package_xml)
[10.537s]   /opt/ros/humble/share/ament_lint_auto/cmake/ament_lint_auto_find_test_dependencies.cmake:31 (ament_package_xml)
[10.537s]   CMakeLists.txt:41 (ament_lint_auto_find_test_dependencies)
[10.537s] 
[10.537s] [0m
[10.537s] -- Configuring incomplete, errors occurred!
[10.538s] See also "/home/dareum/ME454/ros2_ws/build/four_bar_linkage/CMakeFiles/CMakeOutput.log".
[10.538s] See also "/home/dareum/ME454/ros2_ws/build/four_bar_linkage/CMakeFiles/CMakeError.log".
