[0.223s] Invoking command in '/home/dareum/ME454/ros2_ws/build/pendulum_movement': CMAKE_PREFIX_PATH=/opt/ros/humble CONDA_PROMPT_MODIFIER=(base) /usr/bin/cmake /home/dareum/ME454/ros2_ws/src/pendulum_movement -DCMAKE_INSTALL_PREFIX=/home/dareum/ME454/ros2_ws/install/pendulum_movement
[0.609s] -- Found ament_cmake: 1.3.8 (/opt/ros/humble/share/ament_cmake/cmake)
[0.643s] -- Found ament_lint_auto: 0.12.10 (/opt/ros/humble/share/ament_lint_auto/cmake)
[0.708s] Traceback (most recent call last):
[0.709s]   File "/opt/ros/humble/share/ament_cmake_core/cmake/core/package_xml_2_cmake.py", line 22, in <module>
[0.710s]     from catkin_pkg.package import parse_package_string
[0.710s] ModuleNotFoundError: No module named 'catkin_pkg'
[0.722s] [31mCMake Error at /opt/ros/humble/share/ament_cmake_core/cmake/core/ament_package_xml.cmake:95 (message):
[0.722s]   execute_process(/home/dareum/anaconda3/envs/mujoco_py/bin/python3
[0.723s]   /opt/ros/humble/share/ament_cmake_core/cmake/core/package_xml_2_cmake.py
[0.723s]   /home/dareum/ME454/ros2_ws/src/pendulum_movement/package.xml
[0.723s]   /home/dareum/ME454/ros2_ws/build/pendulum_movement/ament_cmake_core/package.cmake)
[0.723s]   returned error code 1
[0.723s] Call Stack (most recent call first):
[0.723s]   /opt/ros/humble/share/ament_cmake_core/cmake/core/ament_package_xml.cmake:49 (_ament_package_xml)
[0.723s]   /opt/ros/humble/share/ament_lint_auto/cmake/ament_lint_auto_find_test_dependencies.cmake:31 (ament_package_xml)
[0.723s]   CMakeLists.txt:36 (ament_lint_auto_find_test_dependencies)
[0.723s] 
[0.723s] [0m
[0.724s] -- Configuring incomplete, errors occurred!
[0.724s] See also "/home/dareum/ME454/ros2_ws/build/pendulum_movement/CMakeFiles/CMakeOutput.log".
