[0.160s] Invoking command in '/home/dareum/ME454/ros2_ws/build/gauss_summation': CMAKE_PREFIX_PATH=/opt/ros/humble CONDA_PROMPT_MODIFIER=(base) /usr/bin/cmake /home/dareum/ME454/ros2_ws/src/gauss_summation -DCMAKE_INSTALL_PREFIX=/home/dareum/ME454/ros2_ws/install/gauss_summation
[0.368s] -- Found ament_cmake: 1.3.8 (/opt/ros/humble/share/ament_cmake/cmake)
[0.550s] -- Found rclcpp: 16.0.8 (/opt/ros/humble/share/rclcpp/cmake)
[0.787s] -- Found rosidl_generator_c: 3.1.5 (/opt/ros/humble/share/rosidl_generator_c/cmake)
[0.789s] -- Found rosidl_adapter: 3.1.5 (/opt/ros/humble/share/rosidl_adapter/cmake)
[0.797s] -- Found rosidl_generator_cpp: 3.1.5 (/opt/ros/humble/share/rosidl_generator_cpp/cmake)
[0.808s] -- Using all available rosidl_typesupport_c: rosidl_typesupport_fastrtps_c;rosidl_typesupport_introspection_c
[0.827s] -- Using all available rosidl_typesupport_cpp: rosidl_typesupport_fastrtps_cpp;rosidl_typesupport_introspection_cpp
[0.884s] -- Found rmw_implementation_cmake: 6.1.1 (/opt/ros/humble/share/rmw_implementation_cmake/cmake)
[0.885s] -- Found rmw_fastrtps_cpp: 6.2.6 (/opt/ros/humble/share/rmw_fastrtps_cpp/cmake)
[6.385s] -- Using RMW implementation 'rmw_fastrtps_cpp' as default
[6.570s] Traceback (most recent call last):
[6.570s]   File "/opt/ros/humble/share/ament_cmake_core/cmake/core/package_xml_2_cmake.py", line 22, in <module>
[6.570s]     from catkin_pkg.package import parse_package_string
[6.570s] ModuleNotFoundError: No module named 'catkin_pkg'
[6.574s] [31mCMake Error at /opt/ros/humble/share/ament_cmake_core/cmake/core/ament_package_xml.cmake:95 (message):
[6.574s]   execute_process(/home/dareum/anaconda3/envs/mujoco_py/bin/python3
[6.574s]   /opt/ros/humble/share/ament_cmake_core/cmake/core/package_xml_2_cmake.py
[6.575s]   /home/dareum/ME454/ros2_ws/src/gauss_summation/package.xml
[6.575s]   /home/dareum/ME454/ros2_ws/build/gauss_summation/ament_cmake_core/package.cmake)
[6.575s]   returned error code 1
[6.575s] Call Stack (most recent call first):
[6.575s]   /opt/ros/humble/share/ament_cmake_core/cmake/core/ament_package_xml.cmake:49 (_ament_package_xml)
[6.575s]   /opt/ros/humble/share/ament_cmake_core/cmake/core/ament_package.cmake:63 (ament_package_xml)
[6.575s]   CMakeLists.txt:25 (ament_package)
[6.575s] 
[6.575s] [0m
[6.575s] -- Configuring incomplete, errors occurred!
[6.575s] See also "/home/dareum/ME454/ros2_ws/build/gauss_summation/CMakeFiles/CMakeOutput.log".
[6.575s] See also "/home/dareum/ME454/ros2_ws/build/gauss_summation/CMakeFiles/CMakeError.log".
