[0.200s] Invoking command in '/home/dareum/ME454/ros2_ws/build/gazebo_ros2_control_demos': CMAKE_PREFIX_PATH=${CMAKE_PREFIX_PATH}:/opt/ros/humble CONDA_PROMPT_MODIFIER=(base) /usr/bin/cmake /home/dareum/ME454/ros2_ws/src/gazebo_ros2_control_demos -DCMAKE_INSTALL_PREFIX=/home/dareum/ME454/ros2_ws/install/gazebo_ros2_control_demos
[0.304s] -- Found ament_cmake: 1.3.8 (/opt/ros/humble/share/ament_cmake/cmake)
[0.523s] -- Found control_msgs: 4.4.0 (/opt/ros/humble/share/control_msgs/cmake)
[0.841s] -- Found rosidl_generator_c: 3.1.5 (/opt/ros/humble/share/rosidl_generator_c/cmake)
[0.843s] -- Found rosidl_adapter: 3.1.5 (/opt/ros/humble/share/rosidl_adapter/cmake)
[0.850s] -- Found rosidl_generator_cpp: 3.1.5 (/opt/ros/humble/share/rosidl_generator_cpp/cmake)
[0.863s] -- Using all available rosidl_typesupport_c: rosidl_typesupport_fastrtps_c;rosidl_typesupport_introspection_c
[0.882s] -- Using all available rosidl_typesupport_cpp: rosidl_typesupport_fastrtps_cpp;rosidl_typesupport_introspection_cpp
[1.410s] -- Found rclcpp: 16.0.8 (/opt/ros/humble/share/rclcpp/cmake)
[1.451s] -- Found rmw_implementation_cmake: 6.1.1 (/opt/ros/humble/share/rmw_implementation_cmake/cmake)
[1.451s] -- Found rmw_fastrtps_cpp: 6.2.6 (/opt/ros/humble/share/rmw_fastrtps_cpp/cmake)
[6.608s] -- Using RMW implementation 'rmw_fastrtps_cpp' as default
[6.700s] -- Found rclcpp_action: 16.0.8 (/opt/ros/humble/share/rclcpp_action/cmake)
[6.724s] -- Found ament_cmake_gtest: 1.3.8 (/opt/ros/humble/share/ament_cmake_gtest/cmake)
[6.724s] -- Found ament_lint_auto: 0.12.10 (/opt/ros/humble/share/ament_lint_auto/cmake)
[6.750s] Traceback (most recent call last):
[6.750s]   File "/opt/ros/humble/share/ament_cmake_core/cmake/core/package_xml_2_cmake.py", line 22, in <module>
[6.750s]     from catkin_pkg.package import parse_package_string
[6.750s] ModuleNotFoundError: No module named 'catkin_pkg'
[6.753s] [31mCMake Error at /opt/ros/humble/share/ament_cmake_core/cmake/core/ament_package_xml.cmake:95 (message):
[6.754s]   execute_process(/home/dareum/anaconda3/envs/mujoco_py/bin/python3
[6.754s]   /opt/ros/humble/share/ament_cmake_core/cmake/core/package_xml_2_cmake.py
[6.754s]   /home/dareum/ME454/ros2_ws/src/gazebo_ros2_control_demos/package.xml
[6.754s]   /home/dareum/ME454/ros2_ws/build/gazebo_ros2_control_demos/ament_cmake_core/package.cmake)
[6.754s]   returned error code 1
[6.754s] Call Stack (most recent call first):
[6.754s]   /opt/ros/humble/share/ament_cmake_core/cmake/core/ament_package_xml.cmake:49 (_ament_package_xml)
[6.754s]   /opt/ros/humble/share/ament_lint_auto/cmake/ament_lint_auto_find_test_dependencies.cmake:31 (ament_package_xml)
[6.754s]   CMakeLists.txt:79 (ament_lint_auto_find_test_dependencies)
[6.754s] 
[6.754s] [0m
[6.754s] -- Configuring incomplete, errors occurred!
[6.754s] See also "/home/dareum/ME454/ros2_ws/build/gazebo_ros2_control_demos/CMakeFiles/CMakeOutput.log".
[6.754s] See also "/home/dareum/ME454/ros2_ws/build/gazebo_ros2_control_demos/CMakeFiles/CMakeError.log".
