[0.042s] Invoking command in '/home/dareum/ME454/cpp_ws/build/midterm_2024_msg': CMAKE_PREFIX_PATH=/opt/ros/humble /usr/bin/cmake /home/dareum/ME454/cpp_ws/midterm_2024_msg -DCMAKE_INSTALL_PREFIX=/home/dareum/ME454/cpp_ws/install/midterm_2024_msg
[0.251s] -- The C compiler identification is GNU 11.4.0
[0.880s] -- The CXX compiler identification is GNU 11.4.0
[1.316s] -- Detecting C compiler ABI info
[1.491s] -- Detecting C compiler ABI info - done
[1.496s] -- Check for working C compiler: /usr/bin/cc - skipped
[1.496s] -- Detecting C compile features
[1.496s] -- Detecting C compile features - done
[1.498s] -- Detecting CXX compiler ABI info
[1.653s] -- Detecting CXX compiler ABI info - done
[1.659s] -- Check for working CXX compiler: /usr/bin/c++ - skipped
[1.659s] -- Detecting CXX compile features
[1.659s] -- Detecting CXX compile features - done
[1.660s] -- Found ament_cmake: 1.3.8 (/opt/ros/humble/share/ament_cmake/cmake)
[1.759s] -- Found Python3: /usr/bin/python3 (found version "3.10.12") found components: Interpreter 
[1.814s] -- Found rosidl_default_generators: 1.2.0 (/opt/ros/humble/share/rosidl_default_generators/cmake)
[1.816s] -- Using all available rosidl_typesupport_c: rosidl_typesupport_fastrtps_c;rosidl_typesupport_introspection_c
[1.822s] -- Found rosidl_adapter: 3.1.5 (/opt/ros/humble/share/rosidl_adapter/cmake)
[2.007s] -- Using all available rosidl_typesupport_cpp: rosidl_typesupport_fastrtps_cpp;rosidl_typesupport_introspection_cpp
[2.031s] -- Found geometry_msgs: 4.2.3 (/opt/ros/humble/share/geometry_msgs/cmake)
[2.316s] -- Found ament_cmake_ros: 0.10.0 (/opt/ros/humble/share/ament_cmake_ros/cmake)
[2.500s] -- Using all available rosidl_typesupport_c: rosidl_typesupport_fastrtps_c;rosidl_typesupport_introspection_c
[2.750s] -- Using all available rosidl_typesupport_cpp: rosidl_typesupport_fastrtps_cpp;rosidl_typesupport_introspection_cpp
[2.918s] -- Found PythonInterp: /usr/bin/python3 (found suitable version "3.10.12", minimum required is "3.6") 
[2.919s] -- Found python_cmake_module: 0.10.0 (/opt/ros/humble/share/python_cmake_module/cmake)
[3.458s] -- Found PythonLibs: /usr/lib/x86_64-linux-gnu/libpython3.10.so (found suitable version "3.10.12", minimum required is "3.5") 
[3.458s] -- Using PYTHON_EXECUTABLE: /usr/bin/python3
[3.458s] -- Using PYTHON_INCLUDE_DIRS: /usr/include/python3.10
[3.458s] -- Using PYTHON_LIBRARIES: /usr/lib/x86_64-linux-gnu/libpython3.10.so
[3.473s] -- Found PythonExtra: .so  
[3.567s] -- Found ament_lint_auto: 0.12.10 (/opt/ros/humble/share/ament_lint_auto/cmake)
[3.578s] -- Added test 'copyright' to check source files copyright and LICENSE
[3.579s] -- Added test 'lint_cmake' to check CMake code style
[3.580s] -- Added test 'xmllint' to check XML markup files
[3.582s] -- Configuring done
[3.605s] -- Generating done
[3.607s] -- Build files have been written to: /home/dareum/ME454/cpp_ws/build/midterm_2024_msg
[3.626s] Invoked command in '/home/dareum/ME454/cpp_ws/build/midterm_2024_msg' returned '0': CMAKE_PREFIX_PATH=/opt/ros/humble /usr/bin/cmake /home/dareum/ME454/cpp_ws/midterm_2024_msg -DCMAKE_INSTALL_PREFIX=/home/dareum/ME454/cpp_ws/install/midterm_2024_msg
[3.631s] Invoking command in '/home/dareum/ME454/cpp_ws/build/midterm_2024_msg': CMAKE_PREFIX_PATH=/opt/ros/humble /usr/bin/cmake --build /home/dareum/ME454/cpp_ws/build/midterm_2024_msg -- -j16 -l16
[3.665s] [  3%] [34m[1mGenerating C code for ROS interfaces[0m
[3.671s] [  6%] [34m[1mGenerating C++ code for ROS interfaces[0m
[3.679s] [  6%] Built target ament_cmake_python_copy_midterm_2024_msg
[3.887s] running egg_info
[3.888s] creating midterm_2024_msg.egg-info
[3.888s] writing midterm_2024_msg.egg-info/PKG-INFO
[3.889s] writing dependency_links to midterm_2024_msg.egg-info/dependency_links.txt
[3.889s] writing top-level names to midterm_2024_msg.egg-info/top_level.txt
[3.889s] writing manifest file 'midterm_2024_msg.egg-info/SOURCES.txt'
[3.891s] reading manifest file 'midterm_2024_msg.egg-info/SOURCES.txt'
[3.891s] writing manifest file 'midterm_2024_msg.egg-info/SOURCES.txt'
[3.908s] [  6%] Built target midterm_2024_msg__cpp
[3.916s] [ 19%] [34m[1mGenerating C++ type support dispatch for ROS interfaces[0m
[3.916s] [ 19%] [34m[1mGenerating C++ introspection for ROS interfaces[0m
[3.916s] [ 19%] [32mBuilding C object CMakeFiles/midterm_2024_msg__rosidl_generator_c.dir/rosidl_generator_c/midterm_2024_msg/msg/detail/midterm__functions.c.o[0m
[3.916s] [ 19%] [34m[1mGenerating C++ type support for eProsima Fast-RTPS[0m
[3.951s] [ 19%] Built target ament_cmake_python_build_midterm_2024_msg_egg
[3.964s] [ 22%] [32m[1mLinking C shared library libmidterm_2024_msg__rosidl_generator_c.so[0m
[4.080s] [ 22%] Built target midterm_2024_msg__rosidl_generator_c
[4.087s] [ 32%] [34m[1mGenerating C introspection for ROS interfaces[0m
[4.087s] [ 32%] [34m[1mGenerating C type support dispatch for ROS interfaces[0m
[4.087s] [ 32%] [34m[1mGenerating C type support for eProsima Fast-RTPS[0m
[4.118s] [ 35%] [32mBuilding CXX object CMakeFiles/midterm_2024_msg__rosidl_typesupport_introspection_cpp.dir/rosidl_typesupport_introspection_cpp/midterm_2024_msg/msg/detail/midterm__type_support.cpp.o[0m
[4.134s] [ 38%] [32mBuilding CXX object CMakeFiles/midterm_2024_msg__rosidl_typesupport_cpp.dir/rosidl_typesupport_cpp/midterm_2024_msg/msg/midterm__type_support.cpp.o[0m
[4.164s] [ 41%] [32mBuilding CXX object CMakeFiles/midterm_2024_msg__rosidl_typesupport_fastrtps_cpp.dir/rosidl_typesupport_fastrtps_cpp/midterm_2024_msg/msg/detail/dds_fastrtps/midterm__type_support.cpp.o[0m
[4.310s] [ 45%] [32mBuilding CXX object CMakeFiles/midterm_2024_msg__rosidl_typesupport_c.dir/rosidl_typesupport_c/midterm_2024_msg/msg/midterm__type_support.cpp.o[0m
[4.316s] [ 48%] [32mBuilding C object CMakeFiles/midterm_2024_msg__rosidl_typesupport_introspection_c.dir/rosidl_typesupport_introspection_c/midterm_2024_msg/msg/detail/midterm__type_support.c.o[0m
[4.321s] [ 51%] [32mBuilding CXX object CMakeFiles/midterm_2024_msg__rosidl_typesupport_fastrtps_c.dir/rosidl_typesupport_fastrtps_c/midterm_2024_msg/msg/detail/midterm__type_support_c.cpp.o[0m
[4.343s] [ 54%] [32m[1mLinking CXX shared library libmidterm_2024_msg__rosidl_typesupport_c.so[0m
[4.347s] [ 58%] [32m[1mLinking C shared library libmidterm_2024_msg__rosidl_typesupport_introspection_c.so[0m
[4.376s] [ 61%] [32m[1mLinking CXX shared library libmidterm_2024_msg__rosidl_typesupport_cpp.so[0m
[4.472s] [ 64%] [32m[1mLinking CXX shared library libmidterm_2024_msg__rosidl_typesupport_introspection_cpp.so[0m
[4.498s] [ 64%] Built target midterm_2024_msg__rosidl_typesupport_introspection_c
[4.498s] [ 64%] Built target midterm_2024_msg__rosidl_typesupport_c
[4.538s] [ 64%] Built target midterm_2024_msg__rosidl_typesupport_cpp
[4.606s] [ 67%] [32m[1mLinking CXX shared library libmidterm_2024_msg__rosidl_typesupport_fastrtps_c.so[0m
[4.611s] [ 67%] Built target midterm_2024_msg__rosidl_typesupport_introspection_cpp
[4.634s] [ 70%] [32m[1mLinking CXX shared library libmidterm_2024_msg__rosidl_typesupport_fastrtps_cpp.so[0m
[4.787s] [ 70%] Built target midterm_2024_msg__rosidl_typesupport_fastrtps_c
[4.801s] [ 70%] Built target midterm_2024_msg__rosidl_typesupport_fastrtps_cpp
[4.812s] [ 70%] Built target midterm_2024_msg
[4.823s] [ 74%] [34m[1mGenerating Python code for ROS interfaces[0m
[5.014s] [ 74%] Built target midterm_2024_msg__py
[5.025s] [ 77%] [32mBuilding C object CMakeFiles/midterm_2024_msg__rosidl_generator_py.dir/rosidl_generator_py/midterm_2024_msg/msg/_midterm_s.c.o[0m
[5.095s] [ 80%] [32m[1mLinking C shared library rosidl_generator_py/midterm_2024_msg/libmidterm_2024_msg__rosidl_generator_py.so[0m
[5.206s] [ 80%] Built target midterm_2024_msg__rosidl_generator_py
[5.218s] [ 83%] [32mBuilding C object CMakeFiles/midterm_2024_msg__rosidl_typesupport_introspection_c__pyext.dir/rosidl_generator_py/midterm_2024_msg/_midterm_2024_msg_s.ep.rosidl_typesupport_introspection_c.c.o[0m
[5.218s] [ 87%] [32mBuilding C object CMakeFiles/midterm_2024_msg__rosidl_typesupport_fastrtps_c__pyext.dir/rosidl_generator_py/midterm_2024_msg/_midterm_2024_msg_s.ep.rosidl_typesupport_fastrtps_c.c.o[0m
[5.218s] [ 90%] [32mBuilding C object CMakeFiles/midterm_2024_msg__rosidl_typesupport_c__pyext.dir/rosidl_generator_py/midterm_2024_msg/_midterm_2024_msg_s.ep.rosidl_typesupport_c.c.o[0m
[5.290s] [ 96%] [32m[1mLinking C shared library rosidl_generator_py/midterm_2024_msg/midterm_2024_msg_s__rosidl_typesupport_introspection_c.cpython-310-x86_64-linux-gnu.so[0m
[5.290s] [ 96%] [32m[1mLinking C shared library rosidl_generator_py/midterm_2024_msg/midterm_2024_msg_s__rosidl_typesupport_fastrtps_c.cpython-310-x86_64-linux-gnu.so[0m
[5.290s] [100%] [32m[1mLinking C shared library rosidl_generator_py/midterm_2024_msg/midterm_2024_msg_s__rosidl_typesupport_c.cpython-310-x86_64-linux-gnu.so[0m
[5.380s] [100%] Built target midterm_2024_msg__rosidl_typesupport_introspection_c__pyext
[5.383s] [100%] Built target midterm_2024_msg__rosidl_typesupport_fastrtps_c__pyext
[5.383s] [100%] Built target midterm_2024_msg__rosidl_typesupport_c__pyext
[5.392s] Invoked command in '/home/dareum/ME454/cpp_ws/build/midterm_2024_msg' returned '0': CMAKE_PREFIX_PATH=/opt/ros/humble /usr/bin/cmake --build /home/dareum/ME454/cpp_ws/build/midterm_2024_msg -- -j16 -l16
[5.443s] Invoking command in '/home/dareum/ME454/cpp_ws/build/midterm_2024_msg': CMAKE_PREFIX_PATH=/opt/ros/humble /usr/bin/cmake --install /home/dareum/ME454/cpp_ws/build/midterm_2024_msg
[5.449s] -- Install configuration: ""
[5.450s] -- Installing: /home/dareum/ME454/cpp_ws/install/midterm_2024_msg/share/ament_index/resource_index/rosidl_interfaces/midterm_2024_msg
[5.450s] -- Installing: /home/dareum/ME454/cpp_ws/install/midterm_2024_msg/include/midterm_2024_msg/midterm_2024_msg
[5.450s] -- Installing: /home/dareum/ME454/cpp_ws/install/midterm_2024_msg/include/midterm_2024_msg/midterm_2024_msg/msg
[5.451s] -- Installing: /home/dareum/ME454/cpp_ws/install/midterm_2024_msg/include/midterm_2024_msg/midterm_2024_msg/msg/midterm.h
[5.451s] -- Installing: /home/dareum/ME454/cpp_ws/install/midterm_2024_msg/include/midterm_2024_msg/midterm_2024_msg/msg/rosidl_generator_c__visibility_control.h
[5.451s] -- Installing: /home/dareum/ME454/cpp_ws/install/midterm_2024_msg/include/midterm_2024_msg/midterm_2024_msg/msg/detail
[5.452s] -- Installing: /home/dareum/ME454/cpp_ws/install/midterm_2024_msg/include/midterm_2024_msg/midterm_2024_msg/msg/detail/midterm__type_support.h
[5.452s] -- Installing: /home/dareum/ME454/cpp_ws/install/midterm_2024_msg/include/midterm_2024_msg/midterm_2024_msg/msg/detail/midterm__functions.h
[5.452s] -- Installing: /home/dareum/ME454/cpp_ws/install/midterm_2024_msg/include/midterm_2024_msg/midterm_2024_msg/msg/detail/midterm__struct.h
[5.452s] -- Installing: /home/dareum/ME454/cpp_ws/install/midterm_2024_msg/include/midterm_2024_msg/midterm_2024_msg/msg/detail/midterm__functions.c
[5.452s] -- Installing: /home/dareum/ME454/cpp_ws/install/midterm_2024_msg/share/midterm_2024_msg/environment/library_path.sh
[5.453s] -- Installing: /home/dareum/ME454/cpp_ws/install/midterm_2024_msg/share/midterm_2024_msg/environment/library_path.dsv
[5.453s] -- Installing: /home/dareum/ME454/cpp_ws/install/midterm_2024_msg/lib/libmidterm_2024_msg__rosidl_generator_c.so
[5.453s] -- Set runtime path of "/home/dareum/ME454/cpp_ws/install/midterm_2024_msg/lib/libmidterm_2024_msg__rosidl_generator_c.so" to ""
[5.453s] -- Up-to-date: /home/dareum/ME454/cpp_ws/install/midterm_2024_msg/include/midterm_2024_msg/midterm_2024_msg
[5.453s] -- Up-to-date: /home/dareum/ME454/cpp_ws/install/midterm_2024_msg/include/midterm_2024_msg/midterm_2024_msg/msg
[5.454s] -- Installing: /home/dareum/ME454/cpp_ws/install/midterm_2024_msg/include/midterm_2024_msg/midterm_2024_msg/msg/rosidl_typesupport_fastrtps_c__visibility_control.h
[5.454s] -- Up-to-date: /home/dareum/ME454/cpp_ws/install/midterm_2024_msg/include/midterm_2024_msg/midterm_2024_msg/msg/detail
[5.454s] -- Installing: /home/dareum/ME454/cpp_ws/install/midterm_2024_msg/include/midterm_2024_msg/midterm_2024_msg/msg/detail/midterm__rosidl_typesupport_fastrtps_c.h
[5.454s] -- Installing: /home/dareum/ME454/cpp_ws/install/midterm_2024_msg/lib/libmidterm_2024_msg__rosidl_typesupport_fastrtps_c.so
[5.454s] -- Set runtime path of "/home/dareum/ME454/cpp_ws/install/midterm_2024_msg/lib/libmidterm_2024_msg__rosidl_typesupport_fastrtps_c.so" to ""
[5.455s] -- Up-to-date: /home/dareum/ME454/cpp_ws/install/midterm_2024_msg/include/midterm_2024_msg/midterm_2024_msg
[5.455s] -- Up-to-date: /home/dareum/ME454/cpp_ws/install/midterm_2024_msg/include/midterm_2024_msg/midterm_2024_msg/msg
[5.455s] -- Installing: /home/dareum/ME454/cpp_ws/install/midterm_2024_msg/include/midterm_2024_msg/midterm_2024_msg/msg/rosidl_typesupport_introspection_c__visibility_control.h
[5.455s] -- Up-to-date: /home/dareum/ME454/cpp_ws/install/midterm_2024_msg/include/midterm_2024_msg/midterm_2024_msg/msg/detail
[5.455s] -- Installing: /home/dareum/ME454/cpp_ws/install/midterm_2024_msg/include/midterm_2024_msg/midterm_2024_msg/msg/detail/midterm__rosidl_typesupport_introspection_c.h
[5.456s] -- Installing: /home/dareum/ME454/cpp_ws/install/midterm_2024_msg/include/midterm_2024_msg/midterm_2024_msg/msg/detail/midterm__type_support.c
[5.456s] -- Installing: /home/dareum/ME454/cpp_ws/install/midterm_2024_msg/lib/libmidterm_2024_msg__rosidl_typesupport_introspection_c.so
[5.456s] -- Set runtime path of "/home/dareum/ME454/cpp_ws/install/midterm_2024_msg/lib/libmidterm_2024_msg__rosidl_typesupport_introspection_c.so" to ""
[5.456s] -- Installing: /home/dareum/ME454/cpp_ws/install/midterm_2024_msg/lib/libmidterm_2024_msg__rosidl_typesupport_c.so
[5.456s] -- Set runtime path of "/home/dareum/ME454/cpp_ws/install/midterm_2024_msg/lib/libmidterm_2024_msg__rosidl_typesupport_c.so" to ""
[5.456s] -- Up-to-date: /home/dareum/ME454/cpp_ws/install/midterm_2024_msg/include/midterm_2024_msg/midterm_2024_msg
[5.457s] -- Up-to-date: /home/dareum/ME454/cpp_ws/install/midterm_2024_msg/include/midterm_2024_msg/midterm_2024_msg/msg
[5.457s] -- Installing: /home/dareum/ME454/cpp_ws/install/midterm_2024_msg/include/midterm_2024_msg/midterm_2024_msg/msg/midterm.hpp
[5.457s] -- Up-to-date: /home/dareum/ME454/cpp_ws/install/midterm_2024_msg/include/midterm_2024_msg/midterm_2024_msg/msg/detail
[5.457s] -- Installing: /home/dareum/ME454/cpp_ws/install/midterm_2024_msg/include/midterm_2024_msg/midterm_2024_msg/msg/detail/midterm__builder.hpp
[5.457s] -- Installing: /home/dareum/ME454/cpp_ws/install/midterm_2024_msg/include/midterm_2024_msg/midterm_2024_msg/msg/detail/midterm__struct.hpp
[5.457s] -- Installing: /home/dareum/ME454/cpp_ws/install/midterm_2024_msg/include/midterm_2024_msg/midterm_2024_msg/msg/detail/midterm__traits.hpp
[5.457s] -- Up-to-date: /home/dareum/ME454/cpp_ws/install/midterm_2024_msg/include/midterm_2024_msg/midterm_2024_msg
[5.458s] -- Up-to-date: /home/dareum/ME454/cpp_ws/install/midterm_2024_msg/include/midterm_2024_msg/midterm_2024_msg/msg
[5.458s] -- Installing: /home/dareum/ME454/cpp_ws/install/midterm_2024_msg/include/midterm_2024_msg/midterm_2024_msg/msg/rosidl_typesupport_fastrtps_cpp__visibility_control.h
[5.458s] -- Up-to-date: /home/dareum/ME454/cpp_ws/install/midterm_2024_msg/include/midterm_2024_msg/midterm_2024_msg/msg/detail
[5.458s] -- Installing: /home/dareum/ME454/cpp_ws/install/midterm_2024_msg/include/midterm_2024_msg/midterm_2024_msg/msg/detail/midterm__rosidl_typesupport_fastrtps_cpp.hpp
[5.458s] -- Installing: /home/dareum/ME454/cpp_ws/install/midterm_2024_msg/include/midterm_2024_msg/midterm_2024_msg/msg/detail/dds_fastrtps
[5.458s] -- Installing: /home/dareum/ME454/cpp_ws/install/midterm_2024_msg/lib/libmidterm_2024_msg__rosidl_typesupport_fastrtps_cpp.so
[5.459s] -- Set runtime path of "/home/dareum/ME454/cpp_ws/install/midterm_2024_msg/lib/libmidterm_2024_msg__rosidl_typesupport_fastrtps_cpp.so" to ""
[5.459s] -- Up-to-date: /home/dareum/ME454/cpp_ws/install/midterm_2024_msg/include/midterm_2024_msg/midterm_2024_msg
[5.459s] -- Up-to-date: /home/dareum/ME454/cpp_ws/install/midterm_2024_msg/include/midterm_2024_msg/midterm_2024_msg/msg
[5.459s] -- Up-to-date: /home/dareum/ME454/cpp_ws/install/midterm_2024_msg/include/midterm_2024_msg/midterm_2024_msg/msg/detail
[5.459s] -- Installing: /home/dareum/ME454/cpp_ws/install/midterm_2024_msg/include/midterm_2024_msg/midterm_2024_msg/msg/detail/midterm__rosidl_typesupport_introspection_cpp.hpp
[5.459s] -- Installing: /home/dareum/ME454/cpp_ws/install/midterm_2024_msg/include/midterm_2024_msg/midterm_2024_msg/msg/detail/midterm__type_support.cpp
[5.459s] -- Installing: /home/dareum/ME454/cpp_ws/install/midterm_2024_msg/lib/libmidterm_2024_msg__rosidl_typesupport_introspection_cpp.so
[5.459s] -- Set runtime path of "/home/dareum/ME454/cpp_ws/install/midterm_2024_msg/lib/libmidterm_2024_msg__rosidl_typesupport_introspection_cpp.so" to ""
[5.459s] -- Installing: /home/dareum/ME454/cpp_ws/install/midterm_2024_msg/lib/libmidterm_2024_msg__rosidl_typesupport_cpp.so
[5.459s] -- Set runtime path of "/home/dareum/ME454/cpp_ws/install/midterm_2024_msg/lib/libmidterm_2024_msg__rosidl_typesupport_cpp.so" to ""
[5.459s] -- Installing: /home/dareum/ME454/cpp_ws/install/midterm_2024_msg/share/midterm_2024_msg/environment/pythonpath.sh
[5.459s] -- Installing: /home/dareum/ME454/cpp_ws/install/midterm_2024_msg/share/midterm_2024_msg/environment/pythonpath.dsv
[5.459s] -- Installing: /home/dareum/ME454/cpp_ws/install/midterm_2024_msg/local/lib/python3.10/dist-packages/midterm_2024_msg-0.0.0-py3.10.egg-info
[5.459s] -- Installing: /home/dareum/ME454/cpp_ws/install/midterm_2024_msg/local/lib/python3.10/dist-packages/midterm_2024_msg-0.0.0-py3.10.egg-info/top_level.txt
[5.459s] -- Installing: /home/dareum/ME454/cpp_ws/install/midterm_2024_msg/local/lib/python3.10/dist-packages/midterm_2024_msg-0.0.0-py3.10.egg-info/dependency_links.txt
[5.459s] -- Installing: /home/dareum/ME454/cpp_ws/install/midterm_2024_msg/local/lib/python3.10/dist-packages/midterm_2024_msg-0.0.0-py3.10.egg-info/SOURCES.txt
[5.459s] -- Installing: /home/dareum/ME454/cpp_ws/install/midterm_2024_msg/local/lib/python3.10/dist-packages/midterm_2024_msg-0.0.0-py3.10.egg-info/PKG-INFO
[5.460s] -- Installing: /home/dareum/ME454/cpp_ws/install/midterm_2024_msg/local/lib/python3.10/dist-packages/midterm_2024_msg
[5.460s] -- Installing: /home/dareum/ME454/cpp_ws/install/midterm_2024_msg/local/lib/python3.10/dist-packages/midterm_2024_msg/midterm_2024_msg_s__rosidl_typesupport_introspection_c.cpython-310-x86_64-linux-gnu.so
[5.460s] -- Installing: /home/dareum/ME454/cpp_ws/install/midterm_2024_msg/local/lib/python3.10/dist-packages/midterm_2024_msg/midterm_2024_msg_s__rosidl_typesupport_fastrtps_c.cpython-310-x86_64-linux-gnu.so
[5.460s] -- Installing: /home/dareum/ME454/cpp_ws/install/midterm_2024_msg/local/lib/python3.10/dist-packages/midterm_2024_msg/libmidterm_2024_msg__rosidl_generator_py.so
[5.460s] -- Installing: /home/dareum/ME454/cpp_ws/install/midterm_2024_msg/local/lib/python3.10/dist-packages/midterm_2024_msg/_midterm_2024_msg_s.ep.rosidl_typesupport_introspection_c.c
[5.460s] -- Installing: /home/dareum/ME454/cpp_ws/install/midterm_2024_msg/local/lib/python3.10/dist-packages/midterm_2024_msg/msg
[5.460s] -- Installing: /home/dareum/ME454/cpp_ws/install/midterm_2024_msg/local/lib/python3.10/dist-packages/midterm_2024_msg/msg/_midterm.py
[5.460s] -- Installing: /home/dareum/ME454/cpp_ws/install/midterm_2024_msg/local/lib/python3.10/dist-packages/midterm_2024_msg/msg/_midterm_s.c
[5.460s] -- Installing: /home/dareum/ME454/cpp_ws/install/midterm_2024_msg/local/lib/python3.10/dist-packages/midterm_2024_msg/msg/__init__.py
[5.460s] -- Installing: /home/dareum/ME454/cpp_ws/install/midterm_2024_msg/local/lib/python3.10/dist-packages/midterm_2024_msg/_midterm_2024_msg_s.ep.rosidl_typesupport_c.c
[5.460s] -- Installing: /home/dareum/ME454/cpp_ws/install/midterm_2024_msg/local/lib/python3.10/dist-packages/midterm_2024_msg/_midterm_2024_msg_s.ep.rosidl_typesupport_fastrtps_c.c
[5.460s] -- Installing: /home/dareum/ME454/cpp_ws/install/midterm_2024_msg/local/lib/python3.10/dist-packages/midterm_2024_msg/midterm_2024_msg_s__rosidl_typesupport_c.cpython-310-x86_64-linux-gnu.so
[5.460s] -- Installing: /home/dareum/ME454/cpp_ws/install/midterm_2024_msg/local/lib/python3.10/dist-packages/midterm_2024_msg/__init__.py
[5.494s] Listing '/home/dareum/ME454/cpp_ws/install/midterm_2024_msg/local/lib/python3.10/dist-packages/midterm_2024_msg'...
[5.494s] Compiling '/home/dareum/ME454/cpp_ws/install/midterm_2024_msg/local/lib/python3.10/dist-packages/midterm_2024_msg/__init__.py'...
[5.494s] Listing '/home/dareum/ME454/cpp_ws/install/midterm_2024_msg/local/lib/python3.10/dist-packages/midterm_2024_msg/msg'...
[5.494s] Compiling '/home/dareum/ME454/cpp_ws/install/midterm_2024_msg/local/lib/python3.10/dist-packages/midterm_2024_msg/msg/__init__.py'...
[5.494s] Compiling '/home/dareum/ME454/cpp_ws/install/midterm_2024_msg/local/lib/python3.10/dist-packages/midterm_2024_msg/msg/_midterm.py'...
[5.497s] -- Installing: /home/dareum/ME454/cpp_ws/install/midterm_2024_msg/local/lib/python3.10/dist-packages/midterm_2024_msg/midterm_2024_msg_s__rosidl_typesupport_fastrtps_c.cpython-310-x86_64-linux-gnu.so
[5.498s] -- Set runtime path of "/home/dareum/ME454/cpp_ws/install/midterm_2024_msg/local/lib/python3.10/dist-packages/midterm_2024_msg/midterm_2024_msg_s__rosidl_typesupport_fastrtps_c.cpython-310-x86_64-linux-gnu.so" to ""
[5.498s] -- Installing: /home/dareum/ME454/cpp_ws/install/midterm_2024_msg/local/lib/python3.10/dist-packages/midterm_2024_msg/midterm_2024_msg_s__rosidl_typesupport_introspection_c.cpython-310-x86_64-linux-gnu.so
[5.498s] -- Set runtime path of "/home/dareum/ME454/cpp_ws/install/midterm_2024_msg/local/lib/python3.10/dist-packages/midterm_2024_msg/midterm_2024_msg_s__rosidl_typesupport_introspection_c.cpython-310-x86_64-linux-gnu.so" to ""
[5.499s] -- Installing: /home/dareum/ME454/cpp_ws/install/midterm_2024_msg/local/lib/python3.10/dist-packages/midterm_2024_msg/midterm_2024_msg_s__rosidl_typesupport_c.cpython-310-x86_64-linux-gnu.so
[5.499s] -- Set runtime path of "/home/dareum/ME454/cpp_ws/install/midterm_2024_msg/local/lib/python3.10/dist-packages/midterm_2024_msg/midterm_2024_msg_s__rosidl_typesupport_c.cpython-310-x86_64-linux-gnu.so" to ""
[5.499s] -- Installing: /home/dareum/ME454/cpp_ws/install/midterm_2024_msg/lib/libmidterm_2024_msg__rosidl_generator_py.so
[5.499s] -- Set runtime path of "/home/dareum/ME454/cpp_ws/install/midterm_2024_msg/lib/libmidterm_2024_msg__rosidl_generator_py.so" to ""
[5.500s] -- Installing: /home/dareum/ME454/cpp_ws/install/midterm_2024_msg/share/midterm_2024_msg/msg/Midterm.idl
[5.500s] -- Installing: /home/dareum/ME454/cpp_ws/install/midterm_2024_msg/share/midterm_2024_msg/msg/Midterm.msg
[5.500s] -- Installing: /home/dareum/ME454/cpp_ws/install/midterm_2024_msg/share/ament_index/resource_index/package_run_dependencies/midterm_2024_msg
[5.501s] -- Installing: /home/dareum/ME454/cpp_ws/install/midterm_2024_msg/share/ament_index/resource_index/parent_prefix_path/midterm_2024_msg
[5.501s] -- Installing: /home/dareum/ME454/cpp_ws/install/midterm_2024_msg/share/midterm_2024_msg/environment/ament_prefix_path.sh
[5.501s] -- Installing: /home/dareum/ME454/cpp_ws/install/midterm_2024_msg/share/midterm_2024_msg/environment/ament_prefix_path.dsv
[5.501s] -- Installing: /home/dareum/ME454/cpp_ws/install/midterm_2024_msg/share/midterm_2024_msg/environment/path.sh
[5.501s] -- Installing: /home/dareum/ME454/cpp_ws/install/midterm_2024_msg/share/midterm_2024_msg/environment/path.dsv
[5.501s] -- Installing: /home/dareum/ME454/cpp_ws/install/midterm_2024_msg/share/midterm_2024_msg/local_setup.bash
[5.502s] -- Installing: /home/dareum/ME454/cpp_ws/install/midterm_2024_msg/share/midterm_2024_msg/local_setup.sh
[5.502s] -- Installing: /home/dareum/ME454/cpp_ws/install/midterm_2024_msg/share/midterm_2024_msg/local_setup.zsh
[5.502s] -- Installing: /home/dareum/ME454/cpp_ws/install/midterm_2024_msg/share/midterm_2024_msg/local_setup.dsv
[5.502s] -- Installing: /home/dareum/ME454/cpp_ws/install/midterm_2024_msg/share/midterm_2024_msg/package.dsv
[5.502s] -- Installing: /home/dareum/ME454/cpp_ws/install/midterm_2024_msg/share/ament_index/resource_index/packages/midterm_2024_msg
[5.502s] -- Installing: /home/dareum/ME454/cpp_ws/install/midterm_2024_msg/share/midterm_2024_msg/cmake/export_midterm_2024_msg__rosidl_generator_cExport.cmake
[5.503s] -- Installing: /home/dareum/ME454/cpp_ws/install/midterm_2024_msg/share/midterm_2024_msg/cmake/export_midterm_2024_msg__rosidl_generator_cExport-noconfig.cmake
[5.503s] -- Installing: /home/dareum/ME454/cpp_ws/install/midterm_2024_msg/share/midterm_2024_msg/cmake/export_midterm_2024_msg__rosidl_typesupport_fastrtps_cExport.cmake
[5.503s] -- Installing: /home/dareum/ME454/cpp_ws/install/midterm_2024_msg/share/midterm_2024_msg/cmake/export_midterm_2024_msg__rosidl_typesupport_fastrtps_cExport-noconfig.cmake
[5.503s] -- Installing: /home/dareum/ME454/cpp_ws/install/midterm_2024_msg/share/midterm_2024_msg/cmake/midterm_2024_msg__rosidl_typesupport_introspection_cExport.cmake
[5.503s] -- Installing: /home/dareum/ME454/cpp_ws/install/midterm_2024_msg/share/midterm_2024_msg/cmake/midterm_2024_msg__rosidl_typesupport_introspection_cExport-noconfig.cmake
[5.503s] -- Installing: /home/dareum/ME454/cpp_ws/install/midterm_2024_msg/share/midterm_2024_msg/cmake/midterm_2024_msg__rosidl_typesupport_cExport.cmake
[5.503s] -- Installing: /home/dareum/ME454/cpp_ws/install/midterm_2024_msg/share/midterm_2024_msg/cmake/midterm_2024_msg__rosidl_typesupport_cExport-noconfig.cmake
[5.504s] -- Installing: /home/dareum/ME454/cpp_ws/install/midterm_2024_msg/share/midterm_2024_msg/cmake/export_midterm_2024_msg__rosidl_generator_cppExport.cmake
[5.504s] -- Installing: /home/dareum/ME454/cpp_ws/install/midterm_2024_msg/share/midterm_2024_msg/cmake/export_midterm_2024_msg__rosidl_typesupport_fastrtps_cppExport.cmake
[5.504s] -- Installing: /home/dareum/ME454/cpp_ws/install/midterm_2024_msg/share/midterm_2024_msg/cmake/export_midterm_2024_msg__rosidl_typesupport_fastrtps_cppExport-noconfig.cmake
[5.504s] -- Installing: /home/dareum/ME454/cpp_ws/install/midterm_2024_msg/share/midterm_2024_msg/cmake/midterm_2024_msg__rosidl_typesupport_introspection_cppExport.cmake
[5.504s] -- Installing: /home/dareum/ME454/cpp_ws/install/midterm_2024_msg/share/midterm_2024_msg/cmake/midterm_2024_msg__rosidl_typesupport_introspection_cppExport-noconfig.cmake
[5.504s] -- Installing: /home/dareum/ME454/cpp_ws/install/midterm_2024_msg/share/midterm_2024_msg/cmake/midterm_2024_msg__rosidl_typesupport_cppExport.cmake
[5.504s] -- Installing: /home/dareum/ME454/cpp_ws/install/midterm_2024_msg/share/midterm_2024_msg/cmake/midterm_2024_msg__rosidl_typesupport_cppExport-noconfig.cmake
[5.504s] -- Installing: /home/dareum/ME454/cpp_ws/install/midterm_2024_msg/share/midterm_2024_msg/cmake/export_midterm_2024_msg__rosidl_generator_pyExport.cmake
[5.504s] -- Installing: /home/dareum/ME454/cpp_ws/install/midterm_2024_msg/share/midterm_2024_msg/cmake/export_midterm_2024_msg__rosidl_generator_pyExport-noconfig.cmake
[5.504s] -- Installing: /home/dareum/ME454/cpp_ws/install/midterm_2024_msg/share/midterm_2024_msg/cmake/rosidl_cmake-extras.cmake
[5.504s] -- Installing: /home/dareum/ME454/cpp_ws/install/midterm_2024_msg/share/midterm_2024_msg/cmake/ament_cmake_export_dependencies-extras.cmake
[5.504s] -- Installing: /home/dareum/ME454/cpp_ws/install/midterm_2024_msg/share/midterm_2024_msg/cmake/ament_cmake_export_include_directories-extras.cmake
[5.504s] -- Installing: /home/dareum/ME454/cpp_ws/install/midterm_2024_msg/share/midterm_2024_msg/cmake/ament_cmake_export_libraries-extras.cmake
[5.504s] -- Installing: /home/dareum/ME454/cpp_ws/install/midterm_2024_msg/share/midterm_2024_msg/cmake/ament_cmake_export_targets-extras.cmake
[5.504s] -- Installing: /home/dareum/ME454/cpp_ws/install/midterm_2024_msg/share/midterm_2024_msg/cmake/rosidl_cmake_export_typesupport_targets-extras.cmake
[5.504s] -- Installing: /home/dareum/ME454/cpp_ws/install/midterm_2024_msg/share/midterm_2024_msg/cmake/rosidl_cmake_export_typesupport_libraries-extras.cmake
[5.504s] -- Installing: /home/dareum/ME454/cpp_ws/install/midterm_2024_msg/share/midterm_2024_msg/cmake/midterm_2024_msgConfig.cmake
[5.504s] -- Installing: /home/dareum/ME454/cpp_ws/install/midterm_2024_msg/share/midterm_2024_msg/cmake/midterm_2024_msgConfig-version.cmake
[5.504s] -- Installing: /home/dareum/ME454/cpp_ws/install/midterm_2024_msg/share/midterm_2024_msg/package.xml
[5.505s] Invoked command in '/home/dareum/ME454/cpp_ws/build/midterm_2024_msg' returned '0': CMAKE_PREFIX_PATH=/opt/ros/humble /usr/bin/cmake --install /home/dareum/ME454/cpp_ws/build/midterm_2024_msg
