[0.111s] Invoking command in '/home/dareum/ME454/ros2_ws/build/ball_throwing': CMAKE_PREFIX_PATH=/opt/ros/humble CONDA_PROMPT_MODIFIER=(base) /usr/bin/cmake /home/dareum/ME454/ros2_ws/src/ball_throwing -DCMAKE_INSTALL_PREFIX=/home/dareum/ME454/ros2_ws/install/ball_throwing
[0.336s] -- Found ament_cmake: 1.3.8 (/opt/ros/humble/share/ament_cmake/cmake)
[0.583s] -- Found ament_lint_auto: 0.12.10 (/opt/ros/humble/share/ament_lint_auto/cmake)
[0.671s] Traceback (most recent call last):
[0.671s]   File "/opt/ros/humble/share/ament_cmake_core/cmake/core/package_xml_2_cmake.py", line 22, in <module>
[0.671s]     from catkin_pkg.package import parse_package_string
[0.672s] ModuleNotFoundError: No module named 'catkin_pkg'
[0.694s] [31mCMake Error at /opt/ros/humble/share/ament_cmake_core/cmake/core/ament_package_xml.cmake:95 (message):
[0.698s]   execute_process(/home/dareum/anaconda3/envs/mujoco_py/bin/python3
[0.698s]   /opt/ros/humble/share/ament_cmake_core/cmake/core/package_xml_2_cmake.py
[0.698s]   /home/dareum/ME454/ros2_ws/src/ball_throwing/package.xml
[0.699s]   /home/dareum/ME454/ros2_ws/build/ball_throwing/ament_cmake_core/package.cmake)
[0.703s]   returned error code 1
[0.707s] Call Stack (most recent call first):
[0.708s]   /opt/ros/humble/share/ament_cmake_core/cmake/core/ament_package_xml.cmake:49 (_ament_package_xml)
[0.708s]   /opt/ros/humble/share/ament_lint_auto/cmake/ament_lint_auto_find_test_dependencies.cmake:31 (ament_package_xml)
[0.708s]   CMakeLists.txt:36 (ament_lint_auto_find_test_dependencies)
[0.708s] 
[0.708s] [0m
[0.708s] -- Configuring incomplete, errors occurred!
[0.708s] See also "/home/dareum/ME454/ros2_ws/build/ball_throwing/CMakeFiles/CMakeOutput.log".
[0.708s] Invoked command in '/home/dareum/ME454/ros2_ws/build/ball_throwing' returned '1': CMAKE_PREFIX_PATH=/opt/ros/humble CONDA_PROMPT_MODIFIER=(base) /usr/bin/cmake /home/dareum/ME454/ros2_ws/src/ball_throwing -DCMAKE_INSTALL_PREFIX=/home/dareum/ME454/ros2_ws/install/ball_throwing
