[0.104s] Invoking command in '/home/dareum/ME454/ros2_ws/build/gazebo_ros2_control_demos': CMAKE_PREFIX_PATH=/opt/ros/humble CONDA_PROMPT_MODIFIER=(mujoco_py) /usr/bin/cmake /home/dareum/ME454/ros2_ws/src/gazebo_ros2_control_demos -DCMAKE_INSTALL_PREFIX=/home/dareum/ME454/ros2_ws/install/gazebo_ros2_control_demos
[0.622s] -- The C compiler identification is GNU 12.1.0
[2.107s] -- The CXX compiler identification is GNU 11.4.0
[2.822s] -- Detecting C compiler ABI info
[3.121s] -- Detecting C compiler ABI info - done
[3.132s] -- Check for working C compiler: /home/dareum/anaconda3/envs/mujoco_py/bin/cc - skipped
[3.133s] -- Detecting C compile features
[3.133s] -- Detecting C compile features - done
[3.138s] -- Detecting CXX compiler ABI info
[3.424s] -- Detecting CXX compiler ABI info - done
[3.434s] -- Check for working CXX compiler: /usr/bin/c++ - skipped
[3.434s] -- Detecting CXX compile features
[3.435s] -- Detecting CXX compile features - done
[3.438s] -- Found ament_cmake: 1.3.8 (/opt/ros/humble/share/ament_cmake/cmake)
[4.211s] -- Found Python3: /home/dareum/anaconda3/envs/mujoco_py/bin/python3 (found version "3.8.19") found components: Interpreter 
[4.412s] -- Found control_msgs: 4.4.0 (/opt/ros/humble/share/control_msgs/cmake)
[4.648s] -- Found rosidl_generator_c: 3.1.5 (/opt/ros/humble/share/rosidl_generator_c/cmake)
[4.654s] -- Found rosidl_adapter: 3.1.5 (/opt/ros/humble/share/rosidl_adapter/cmake)
[4.668s] -- Found rosidl_generator_cpp: 3.1.5 (/opt/ros/humble/share/rosidl_generator_cpp/cmake)
[4.696s] -- Using all available rosidl_typesupport_c: rosidl_typesupport_fastrtps_c;rosidl_typesupport_introspection_c
[4.725s] -- Using all available rosidl_typesupport_cpp: rosidl_typesupport_fastrtps_cpp;rosidl_typesupport_introspection_cpp
[5.390s] -- Found rclcpp: 16.0.8 (/opt/ros/humble/share/rclcpp/cmake)
[5.461s] -- Found rmw_implementation_cmake: 6.1.1 (/opt/ros/humble/share/rmw_implementation_cmake/cmake)
[5.464s] -- Found rmw_fastrtps_cpp: 6.2.6 (/opt/ros/humble/share/rmw_fastrtps_cpp/cmake)
[6.563s] -- Found OpenSSL: /home/linuxbrew/.linuxbrew/Cellar/openssl@3/3.3.1/lib/libcrypto.so (found version "3.3.1")  
[7.604s] -- Found FastRTPS: /opt/ros/humble/include  
[11.140s] -- Using RMW implementation 'rmw_fastrtps_cpp' as default
[11.153s] -- Looking for pthread.h
[11.364s] -- Looking for pthread.h - found
[11.365s] -- Performing Test CMAKE_HAVE_LIBC_PTHREAD
[11.607s] -- Performing Test CMAKE_HAVE_LIBC_PTHREAD - Failed
[11.607s] -- Looking for pthread_create in pthreads
[11.791s] -- Looking for pthread_create in pthreads - not found
[11.791s] -- Looking for pthread_create in pthread
[12.000s] -- Looking for pthread_create in pthread - found
[12.001s] -- Found Threads: TRUE  
[12.131s] -- Found rclcpp_action: 16.0.8 (/opt/ros/humble/share/rclcpp_action/cmake)
[12.162s] -- Found ament_cmake_gtest: 1.3.8 (/opt/ros/humble/share/ament_cmake_gtest/cmake)
[12.165s] -- Found ament_lint_auto: 0.12.10 (/opt/ros/humble/share/ament_lint_auto/cmake)
[12.197s] Traceback (most recent call last):
[12.197s]   File "/opt/ros/humble/share/ament_cmake_core/cmake/core/package_xml_2_cmake.py", line 22, in <module>
[12.197s]     from catkin_pkg.package import parse_package_string
[12.197s] ModuleNotFoundError: No module named 'catkin_pkg'
[12.201s] [31mCMake Error at /opt/ros/humble/share/ament_cmake_core/cmake/core/ament_package_xml.cmake:95 (message):
[12.201s]   execute_process(/home/dareum/anaconda3/envs/mujoco_py/bin/python3
[12.201s]   /opt/ros/humble/share/ament_cmake_core/cmake/core/package_xml_2_cmake.py
[12.202s]   /home/dareum/ME454/ros2_ws/src/gazebo_ros2_control_demos/package.xml
[12.202s]   /home/dareum/ME454/ros2_ws/build/gazebo_ros2_control_demos/ament_cmake_core/package.cmake)
[12.202s]   returned error code 1
[12.202s] Call Stack (most recent call first):
[12.202s]   /opt/ros/humble/share/ament_cmake_core/cmake/core/ament_package_xml.cmake:49 (_ament_package_xml)
[12.202s]   /opt/ros/humble/share/ament_lint_auto/cmake/ament_lint_auto_find_test_dependencies.cmake:31 (ament_package_xml)
[12.202s]   CMakeLists.txt:79 (ament_lint_auto_find_test_dependencies)
[12.202s] 
[12.203s] [0m
[12.203s] -- Configuring incomplete, errors occurred!
[12.203s] See also "/home/dareum/ME454/ros2_ws/build/gazebo_ros2_control_demos/CMakeFiles/CMakeOutput.log".
[12.203s] See also "/home/dareum/ME454/ros2_ws/build/gazebo_ros2_control_demos/CMakeFiles/CMakeError.log".
