[0.018s] Invoking command in '/home/dareum/ME454/cpp_ws/HW4/build/cartpole': CMAKE_PREFIX_PATH=${CMAKE_PREFIX_PATH}:/opt/ros/humble /usr/bin/cmake --build /home/dareum/ME454/cpp_ws/HW4/build/cartpole -- -j16 -l16
[0.067s] [35m[1mConsolidate compiler generated dependencies of target pid_publisher_subscriber_node[0m
[0.089s] [ 50%] [32mBuilding CXX object CMakeFiles/pid_publisher_subscriber_node.dir/src/pid_publisher_subscriber_node.cpp.o[0m
[7.346s] [100%] [32m[1mLinking CXX executable pid_publisher_subscriber_node[0m
[7.832s] [100%] Built target pid_publisher_subscriber_node
[7.841s] Invoked command in '/home/dareum/ME454/cpp_ws/HW4/build/cartpole' returned '0': CMAKE_PREFIX_PATH=${CMAKE_PREFIX_PATH}:/opt/ros/humble /usr/bin/cmake --build /home/dareum/ME454/cpp_ws/HW4/build/cartpole -- -j16 -l16
[7.879s] Invoking command in '/home/dareum/ME454/cpp_ws/HW4/build/cartpole': CMAKE_PREFIX_PATH=${CMAKE_PREFIX_PATH}:/opt/ros/humble /usr/bin/cmake --install /home/dareum/ME454/cpp_ws/HW4/build/cartpole
[7.885s] -- Install configuration: ""
[7.885s] -- Up-to-date: /home/dareum/ME454/cpp_ws/HW4/install/cartpole/share/cartpole/launch
[7.885s] -- Up-to-date: /home/dareum/ME454/cpp_ws/HW4/install/cartpole/share/cartpole/launch/cartpolePID.launch.py
[7.885s] -- Up-to-date: /home/dareum/ME454/cpp_ws/HW4/install/cartpole/share/cartpole/rsc
[7.885s] -- Up-to-date: /home/dareum/ME454/cpp_ws/HW4/install/cartpole/share/cartpole/rsc/urdf
[7.885s] -- Up-to-date: /home/dareum/ME454/cpp_ws/HW4/install/cartpole/share/cartpole/rsc/urdf/cartpoleeffort.urdf
[7.886s] -- Up-to-date: /home/dareum/ME454/cpp_ws/HW4/install/cartpole/share/cartpole/worlds
[7.886s] -- Up-to-date: /home/dareum/ME454/cpp_ws/HW4/install/cartpole/share/cartpole/worlds/cartpole.world
[7.886s] -- Up-to-date: /home/dareum/ME454/cpp_ws/HW4/install/cartpole/share/cartpole/config
[7.886s] -- Up-to-date: /home/dareum/ME454/cpp_ws/HW4/install/cartpole/share/cartpole/config/cartpoleeffort.yaml
[7.886s] -- Installing: /home/dareum/ME454/cpp_ws/HW4/install/cartpole/lib/cartpole/pid_publisher_subscriber_node
[7.889s] -- Set runtime path of "/home/dareum/ME454/cpp_ws/HW4/install/cartpole/lib/cartpole/pid_publisher_subscriber_node" to ""
[7.889s] -- Up-to-date: /home/dareum/ME454/cpp_ws/HW4/install/cartpole/share/ament_index/resource_index/package_run_dependencies/cartpole
[7.890s] -- Up-to-date: /home/dareum/ME454/cpp_ws/HW4/install/cartpole/share/ament_index/resource_index/parent_prefix_path/cartpole
[7.890s] -- Up-to-date: /home/dareum/ME454/cpp_ws/HW4/install/cartpole/share/cartpole/environment/ament_prefix_path.sh
[7.890s] -- Up-to-date: /home/dareum/ME454/cpp_ws/HW4/install/cartpole/share/cartpole/environment/ament_prefix_path.dsv
[7.890s] -- Up-to-date: /home/dareum/ME454/cpp_ws/HW4/install/cartpole/share/cartpole/environment/path.sh
[7.890s] -- Up-to-date: /home/dareum/ME454/cpp_ws/HW4/install/cartpole/share/cartpole/environment/path.dsv
[7.890s] -- Up-to-date: /home/dareum/ME454/cpp_ws/HW4/install/cartpole/share/cartpole/local_setup.bash
[7.890s] -- Up-to-date: /home/dareum/ME454/cpp_ws/HW4/install/cartpole/share/cartpole/local_setup.sh
[7.890s] -- Up-to-date: /home/dareum/ME454/cpp_ws/HW4/install/cartpole/share/cartpole/local_setup.zsh
[7.890s] -- Up-to-date: /home/dareum/ME454/cpp_ws/HW4/install/cartpole/share/cartpole/local_setup.dsv
[7.890s] -- Installing: /home/dareum/ME454/cpp_ws/HW4/install/cartpole/share/cartpole/package.dsv
[7.890s] -- Up-to-date: /home/dareum/ME454/cpp_ws/HW4/install/cartpole/share/ament_index/resource_index/packages/cartpole
[7.890s] -- Up-to-date: /home/dareum/ME454/cpp_ws/HW4/install/cartpole/share/cartpole/cmake/cartpoleConfig.cmake
[7.890s] -- Up-to-date: /home/dareum/ME454/cpp_ws/HW4/install/cartpole/share/cartpole/cmake/cartpoleConfig-version.cmake
[7.890s] -- Up-to-date: /home/dareum/ME454/cpp_ws/HW4/install/cartpole/share/cartpole/package.xml
[7.892s] Invoked command in '/home/dareum/ME454/cpp_ws/HW4/build/cartpole' returned '0': CMAKE_PREFIX_PATH=${CMAKE_PREFIX_PATH}:/opt/ros/humble /usr/bin/cmake --install /home/dareum/ME454/cpp_ws/HW4/build/cartpole
