[0.175s] Invoking command in '/home/dareum/ME454/ros2_ws/build/cartpole': CMAKE_PREFIX_PATH=${CMAKE_PREFIX_PATH}:/opt/ros/humble CONDA_PROMPT_MODIFIER=(base) /usr/bin/cmake /home/dareum/ME454/ros2_ws/src/cartpole -DCMAKE_INSTALL_PREFIX=/home/dareum/ME454/ros2_ws/install/cartpole
[0.312s] -- Found ament_cmake: 1.3.8 (/opt/ros/humble/share/ament_cmake/cmake)
[0.702s] -- Found rclcpp: 16.0.8 (/opt/ros/humble/share/rclcpp/cmake)
[0.903s] -- Found rosidl_generator_c: 3.1.5 (/opt/ros/humble/share/rosidl_generator_c/cmake)
[0.905s] -- Found rosidl_adapter: 3.1.5 (/opt/ros/humble/share/rosidl_adapter/cmake)
[0.913s] -- Found rosidl_generator_cpp: 3.1.5 (/opt/ros/humble/share/rosidl_generator_cpp/cmake)
[0.923s] -- Using all available rosidl_typesupport_c: rosidl_typesupport_fastrtps_c;rosidl_typesupport_introspection_c
[0.940s] -- Using all available rosidl_typesupport_cpp: rosidl_typesupport_fastrtps_cpp;rosidl_typesupport_introspection_cpp
[1.006s] -- Found rmw_implementation_cmake: 6.1.1 (/opt/ros/humble/share/rmw_implementation_cmake/cmake)
[1.008s] -- Found rmw_fastrtps_cpp: 6.2.6 (/opt/ros/humble/share/rmw_fastrtps_cpp/cmake)
[5.134s] -- Using RMW implementation 'rmw_fastrtps_cpp' as default
[5.279s] -- Found gazebo_msgs: 3.7.0 (/opt/ros/humble/share/gazebo_msgs/cmake)
[5.478s] -- Found sensor_msgs: 4.2.3 (/opt/ros/humble/share/sensor_msgs/cmake)
[5.546s] -- Found control_msgs: 4.4.0 (/opt/ros/humble/share/control_msgs/cmake)
[5.785s] -- Found rclcpp_action: 16.0.8 (/opt/ros/humble/share/rclcpp_action/cmake)
[5.819s] -- Found tf2: 0.25.6 (/opt/ros/humble/share/tf2/cmake)
[5.826s] -- Found tf2_geometry_msgs: 0.25.6 (/opt/ros/humble/share/tf2_geometry_msgs/cmake)
[5.829s] -- Found eigen3_cmake_module: 0.1.1 (/opt/ros/humble/share/eigen3_cmake_module/cmake)
[5.831s] -- Ensuring Eigen3 include directory is part of orocos-kdl CMake target
[6.021s] -- Found ament_lint_auto: 0.12.10 (/opt/ros/humble/share/ament_lint_auto/cmake)
[6.047s] Traceback (most recent call last):
[6.047s]   File "/opt/ros/humble/share/ament_cmake_core/cmake/core/package_xml_2_cmake.py", line 22, in <module>
[6.047s]     from catkin_pkg.package import parse_package_string
[6.047s] ModuleNotFoundError: No module named 'catkin_pkg'
[6.051s] [31mCMake Error at /opt/ros/humble/share/ament_cmake_core/cmake/core/ament_package_xml.cmake:95 (message):
[6.051s]   execute_process(/home/dareum/anaconda3/envs/mujoco_py/bin/python3
[6.051s]   /opt/ros/humble/share/ament_cmake_core/cmake/core/package_xml_2_cmake.py
[6.051s]   /home/dareum/ME454/ros2_ws/src/cartpole/package.xml
[6.051s]   /home/dareum/ME454/ros2_ws/build/cartpole/ament_cmake_core/package.cmake)
[6.051s]   returned error code 1
[6.051s] Call Stack (most recent call first):
[6.051s]   /opt/ros/humble/share/ament_cmake_core/cmake/core/ament_package_xml.cmake:49 (_ament_package_xml)
[6.051s]   /opt/ros/humble/share/ament_lint_auto/cmake/ament_lint_auto_find_test_dependencies.cmake:31 (ament_package_xml)
[6.052s]   CMakeLists.txt:58 (ament_lint_auto_find_test_dependencies)
[6.052s] 
[6.052s] [0m
[6.052s] -- Configuring incomplete, errors occurred!
[6.052s] See also "/home/dareum/ME454/ros2_ws/build/cartpole/CMakeFiles/CMakeOutput.log".
[6.052s] See also "/home/dareum/ME454/ros2_ws/build/cartpole/CMakeFiles/CMakeError.log".
