[0.206s] Invoking command in '/home/dareum/ME454/ros2_ws/build/gauss_summation': CMAKE_PREFIX_PATH=${CMAKE_PREFIX_PATH}:/opt/ros/humble CONDA_PROMPT_MODIFIER=(base) /usr/bin/cmake /home/dareum/ME454/ros2_ws/src/gauss_summation -DCMAKE_INSTALL_PREFIX=/home/dareum/ME454/ros2_ws/install/gauss_summation
[0.311s] -- Found ament_cmake: 1.3.8 (/opt/ros/humble/share/ament_cmake/cmake)
[0.615s] -- Found rclcpp: 16.0.8 (/opt/ros/humble/share/rclcpp/cmake)
[0.848s] -- Found rosidl_generator_c: 3.1.5 (/opt/ros/humble/share/rosidl_generator_c/cmake)
[0.851s] -- Found rosidl_adapter: 3.1.5 (/opt/ros/humble/share/rosidl_adapter/cmake)
[0.858s] -- Found rosidl_generator_cpp: 3.1.5 (/opt/ros/humble/share/rosidl_generator_cpp/cmake)
[0.871s] -- Using all available rosidl_typesupport_c: rosidl_typesupport_fastrtps_c;rosidl_typesupport_introspection_c
[0.890s] -- Using all available rosidl_typesupport_cpp: rosidl_typesupport_fastrtps_cpp;rosidl_typesupport_introspection_cpp
[0.951s] -- Found rmw_implementation_cmake: 6.1.1 (/opt/ros/humble/share/rmw_implementation_cmake/cmake)
[0.953s] -- Found rmw_fastrtps_cpp: 6.2.6 (/opt/ros/humble/share/rmw_fastrtps_cpp/cmake)
[4.866s] -- Using RMW implementation 'rmw_fastrtps_cpp' as default
[5.013s] Traceback (most recent call last):
[5.013s]   File "/opt/ros/humble/share/ament_cmake_core/cmake/core/package_xml_2_cmake.py", line 22, in <module>
[5.013s]     from catkin_pkg.package import parse_package_string
[5.013s] ModuleNotFoundError: No module named 'catkin_pkg'
[5.017s] [31mCMake Error at /opt/ros/humble/share/ament_cmake_core/cmake/core/ament_package_xml.cmake:95 (message):
[5.017s]   execute_process(/home/dareum/anaconda3/envs/mujoco_py/bin/python3
[5.018s]   /opt/ros/humble/share/ament_cmake_core/cmake/core/package_xml_2_cmake.py
[5.018s]   /home/dareum/ME454/ros2_ws/src/gauss_summation/package.xml
[5.018s]   /home/dareum/ME454/ros2_ws/build/gauss_summation/ament_cmake_core/package.cmake)
[5.018s]   returned error code 1
[5.018s] Call Stack (most recent call first):
[5.019s]   /opt/ros/humble/share/ament_cmake_core/cmake/core/ament_package_xml.cmake:49 (_ament_package_xml)
[5.019s]   /opt/ros/humble/share/ament_cmake_core/cmake/core/ament_package.cmake:63 (ament_package_xml)
[5.019s]   CMakeLists.txt:25 (ament_package)
[5.019s] 
[5.019s] [0m
[5.019s] -- Configuring incomplete, errors occurred!
[5.019s] See also "/home/dareum/ME454/ros2_ws/build/gauss_summation/CMakeFiles/CMakeOutput.log".
[5.019s] See also "/home/dareum/ME454/ros2_ws/build/gauss_summation/CMakeFiles/CMakeError.log".
