[0.151s] Invoking command in '/home/dareum/ME454/ros2_ws/build/ball_throwing': CMAKE_PREFIX_PATH=${CMAKE_PREFIX_PATH}:/opt/ros/humble CONDA_PROMPT_MODIFIER=(base) /usr/bin/cmake /home/dareum/ME454/ros2_ws/src/ball_throwing -DCMAKE_INSTALL_PREFIX=/home/dareum/ME454/ros2_ws/install/ball_throwing
[0.324s] -- Found ament_cmake: 1.3.8 (/opt/ros/humble/share/ament_cmake/cmake)
[0.643s] -- Found ament_lint_auto: 0.12.10 (/opt/ros/humble/share/ament_lint_auto/cmake)
[0.758s] Traceback (most recent call last):
[0.759s]   File "/opt/ros/humble/share/ament_cmake_core/cmake/core/package_xml_2_cmake.py", line 22, in <module>
[0.759s]     from catkin_pkg.package import parse_package_string
[0.759s] ModuleNotFoundError: No module named 'catkin_pkg'
[0.781s] [31mCMake Error at /opt/ros/humble/share/ament_cmake_core/cmake/core/ament_package_xml.cmake:95 (message):
[0.781s]   execute_process(/home/dareum/anaconda3/envs/mujoco_py/bin/python3
[0.781s]   /opt/ros/humble/share/ament_cmake_core/cmake/core/package_xml_2_cmake.py
[0.781s]   /home/dareum/ME454/ros2_ws/src/ball_throwing/package.xml
[0.781s]   /home/dareum/ME454/ros2_ws/build/ball_throwing/ament_cmake_core/package.cmake)
[0.781s]   returned error code 1
[0.781s] Call Stack (most recent call first):
[0.782s]   /opt/ros/humble/share/ament_cmake_core/cmake/core/ament_package_xml.cmake:49 (_ament_package_xml)
[0.782s]   /opt/ros/humble/share/ament_lint_auto/cmake/ament_lint_auto_find_test_dependencies.cmake:31 (ament_package_xml)
[0.782s]   CMakeLists.txt:36 (ament_lint_auto_find_test_dependencies)
[0.782s] 
[0.782s] [0m
[0.782s] -- Configuring incomplete, errors occurred!
[0.782s] See also "/home/dareum/ME454/ros2_ws/build/ball_throwing/CMakeFiles/CMakeOutput.log".
[0.825s] Invoked command in '/home/dareum/ME454/ros2_ws/build/ball_throwing' returned '1': CMAKE_PREFIX_PATH=${CMAKE_PREFIX_PATH}:/opt/ros/humble CONDA_PROMPT_MODIFIER=(base) /usr/bin/cmake /home/dareum/ME454/ros2_ws/src/ball_throwing -DCMAKE_INSTALL_PREFIX=/home/dareum/ME454/ros2_ws/install/ball_throwing
