[0.110s] Invoking command in '/home/dareum/ME454/ros2_ws/build/bowling': CMAKE_PREFIX_PATH=/opt/ros/humble CONDA_PROMPT_MODIFIER=(base) /usr/bin/cmake /home/dareum/ME454/ros2_ws/src/bowling -DCMAKE_INSTALL_PREFIX=/home/dareum/ME454/ros2_ws/install/bowling
[0.347s] -- Found ament_cmake: 1.3.8 (/opt/ros/humble/share/ament_cmake/cmake)
[0.545s] -- Found ament_lint_auto: 0.12.10 (/opt/ros/humble/share/ament_lint_auto/cmake)
[0.621s] Traceback (most recent call last):
[0.621s]   File "/opt/ros/humble/share/ament_cmake_core/cmake/core/package_xml_2_cmake.py", line 22, in <module>
[0.621s]     from catkin_pkg.package import parse_package_string
[0.621s] ModuleNotFoundError: No module named 'catkin_pkg'
[0.659s] [31mCMake Error at /opt/ros/humble/share/ament_cmake_core/cmake/core/ament_package_xml.cmake:95 (message):
[0.659s]   execute_process(/home/dareum/anaconda3/envs/mujoco_py/bin/python3
[0.659s]   /opt/ros/humble/share/ament_cmake_core/cmake/core/package_xml_2_cmake.py
[0.659s]   /home/dareum/ME454/ros2_ws/src/bowling/package.xml
[0.659s]   /home/dareum/ME454/ros2_ws/build/bowling/ament_cmake_core/package.cmake)
[0.660s]   returned error code 1
[0.660s] Call Stack (most recent call first):
[0.660s]   /opt/ros/humble/share/ament_cmake_core/cmake/core/ament_package_xml.cmake:49 (_ament_package_xml)
[0.660s]   /opt/ros/humble/share/ament_lint_auto/cmake/ament_lint_auto_find_test_dependencies.cmake:31 (ament_package_xml)
[0.660s]   CMakeLists.txt:38 (ament_lint_auto_find_test_dependencies)
[0.660s] 
[0.660s] [0m
[0.661s] -- Configuring incomplete, errors occurred!
[0.661s] See also "/home/dareum/ME454/ros2_ws/build/bowling/CMakeFiles/CMakeOutput.log".
[0.672s] Invoked command in '/home/dareum/ME454/ros2_ws/build/bowling' returned '1': CMAKE_PREFIX_PATH=/opt/ros/humble CONDA_PROMPT_MODIFIER=(base) /usr/bin/cmake /home/dareum/ME454/ros2_ws/src/bowling -DCMAKE_INSTALL_PREFIX=/home/dareum/ME454/ros2_ws/install/bowling
