[0.658s] DEBUG:colcon:Command line arguments: ['/usr/bin/colcon', 'build', '--packages-select', 'midterm_2024_msg']
[0.658s] DEBUG:colcon:Parsed command line arguments: Namespace(log_base=None, log_level=None, verb_name='build', build_base='build', install_base='install', merge_install=False, symlink_install=False, test_result_base=None, continue_on_error=False, executor='parallel', parallel_workers=16, event_handlers=None, ignore_user_meta=False, metas=['./colcon.meta'], base_paths=['.'], packages_ignore=None, packages_ignore_regex=None, paths=None, packages_up_to=None, packages_up_to_regex=None, packages_above=None, packages_above_and_dependencies=None, packages_above_depth=None, packages_select_by_dep=None, packages_skip_by_dep=None, packages_skip_up_to=None, packages_select_build_failed=False, packages_skip_build_finished=False, packages_select_test_failures=False, packages_skip_test_passed=False, packages_select=['midterm_2024_msg'], packages_skip=None, packages_select_regex=None, packages_skip_regex=None, packages_start=None, packages_end=None, allow_overriding=[], cmake_args=None, cmake_target=None, cmake_target_skip_unavailable=False, cmake_clean_cache=False, cmake_clean_first=False, cmake_force_configure=False, ament_cmake_args=None, catkin_cmake_args=None, catkin_skip_building_tests=False, verb_parser=<colcon_defaults.argument_parser.defaults.DefaultArgumentsDecorator object at 0x7fe9720acf70>, verb_extension=<colcon_core.verb.build.BuildVerb object at 0x7fe972032ec0>, main=<bound method BuildVerb.main of <colcon_core.verb.build.BuildVerb object at 0x7fe972032ec0>>)
[0.692s] Level 1:colcon.colcon_core.package_discovery:discover_packages(colcon_meta) check parameters
[0.692s] Level 1:colcon.colcon_core.package_discovery:discover_packages(recursive) check parameters
[0.692s] Level 1:colcon.colcon_core.package_discovery:discover_packages(ignore) check parameters
[0.692s] Level 1:colcon.colcon_core.package_discovery:discover_packages(path) check parameters
[0.692s] Level 1:colcon.colcon_core.package_discovery:discover_packages(colcon_meta) discover
[0.692s] Level 1:colcon.colcon_core.package_discovery:discover_packages(recursive) discover
[0.692s] INFO:colcon.colcon_core.package_discovery:Crawling recursively for packages in '/home/dareum/ME454/cpp_ws'
[0.692s] Level 1:colcon.colcon_core.package_identification:_identify(.) by extensions ['ignore', 'ignore_ament_install']
[0.692s] Level 1:colcon.colcon_core.package_identification:_identify(.) by extension 'ignore'
[0.692s] Level 1:colcon.colcon_core.package_identification:_identify(.) by extension 'ignore_ament_install'
[0.692s] Level 1:colcon.colcon_core.package_identification:_identify(.) by extensions ['colcon_pkg']
[0.692s] Level 1:colcon.colcon_core.package_identification:_identify(.) by extension 'colcon_pkg'
[0.692s] Level 1:colcon.colcon_core.package_identification:_identify(.) by extensions ['colcon_meta']
[0.692s] Level 1:colcon.colcon_core.package_identification:_identify(.) by extension 'colcon_meta'
[0.692s] Level 1:colcon.colcon_core.package_identification:_identify(.) by extensions ['ros']
[0.692s] Level 1:colcon.colcon_core.package_identification:_identify(.) by extension 'ros'
[0.702s] Level 1:colcon.colcon_core.package_identification:_identify(.) by extensions ['cmake', 'python']
[0.702s] Level 1:colcon.colcon_core.package_identification:_identify(.) by extension 'cmake'
[0.702s] Level 1:colcon.colcon_core.package_identification:_identify(.) by extension 'python'
[0.702s] Level 1:colcon.colcon_core.package_identification:_identify(.) by extensions ['python_setup_py']
[0.702s] Level 1:colcon.colcon_core.package_identification:_identify(.) by extension 'python_setup_py'
[0.702s] Level 1:colcon.colcon_core.package_identification:_identify(build) by extensions ['ignore', 'ignore_ament_install']
[0.702s] Level 1:colcon.colcon_core.package_identification:_identify(build) by extension 'ignore'
[0.702s] Level 1:colcon.colcon_core.package_identification:_identify(build) ignored
[0.702s] Level 1:colcon.colcon_core.package_identification:_identify(cpp_practice1) by extensions ['ignore', 'ignore_ament_install']
[0.702s] Level 1:colcon.colcon_core.package_identification:_identify(cpp_practice1) by extension 'ignore'
[0.702s] Level 1:colcon.colcon_core.package_identification:_identify(cpp_practice1) by extension 'ignore_ament_install'
[0.702s] Level 1:colcon.colcon_core.package_identification:_identify(cpp_practice1) by extensions ['colcon_pkg']
[0.702s] Level 1:colcon.colcon_core.package_identification:_identify(cpp_practice1) by extension 'colcon_pkg'
[0.702s] Level 1:colcon.colcon_core.package_identification:_identify(cpp_practice1) by extensions ['colcon_meta']
[0.702s] Level 1:colcon.colcon_core.package_identification:_identify(cpp_practice1) by extension 'colcon_meta'
[0.702s] Level 1:colcon.colcon_core.package_identification:_identify(cpp_practice1) by extensions ['ros']
[0.702s] Level 1:colcon.colcon_core.package_identification:_identify(cpp_practice1) by extension 'ros'
[0.702s] Level 1:colcon.colcon_core.package_identification:_identify(cpp_practice1) by extensions ['cmake', 'python']
[0.702s] Level 1:colcon.colcon_core.package_identification:_identify(cpp_practice1) by extension 'cmake'
[0.718s] Level 1:colcon.colcon_core.package_identification:_identify(cpp_practice1) by extension 'python'
[0.718s] DEBUG:colcon.colcon_core.package_identification:Package 'cpp_practice1' with type 'cmake' and name 'list4arr'
[0.718s] Level 1:colcon.colcon_core.package_identification:_identify(cpp_practice2) by extensions ['ignore', 'ignore_ament_install']
[0.718s] Level 1:colcon.colcon_core.package_identification:_identify(cpp_practice2) by extension 'ignore'
[0.718s] Level 1:colcon.colcon_core.package_identification:_identify(cpp_practice2) by extension 'ignore_ament_install'
[0.718s] Level 1:colcon.colcon_core.package_identification:_identify(cpp_practice2) by extensions ['colcon_pkg']
[0.718s] Level 1:colcon.colcon_core.package_identification:_identify(cpp_practice2) by extension 'colcon_pkg'
[0.718s] Level 1:colcon.colcon_core.package_identification:_identify(cpp_practice2) by extensions ['colcon_meta']
[0.718s] Level 1:colcon.colcon_core.package_identification:_identify(cpp_practice2) by extension 'colcon_meta'
[0.718s] Level 1:colcon.colcon_core.package_identification:_identify(cpp_practice2) by extensions ['ros']
[0.718s] Level 1:colcon.colcon_core.package_identification:_identify(cpp_practice2) by extension 'ros'
[0.718s] Level 1:colcon.colcon_core.package_identification:_identify(cpp_practice2) by extensions ['cmake', 'python']
[0.718s] Level 1:colcon.colcon_core.package_identification:_identify(cpp_practice2) by extension 'cmake'
[0.719s] Level 1:colcon.colcon_core.package_identification:_identify(cpp_practice2) by extension 'python'
[0.719s] DEBUG:colcon.colcon_core.package_identification:Package 'cpp_practice2' with type 'cmake' and name 'list4ptr'
[0.719s] Level 1:colcon.colcon_core.package_identification:_identify(hw2_20200282) by extensions ['ignore', 'ignore_ament_install']
[0.719s] Level 1:colcon.colcon_core.package_identification:_identify(hw2_20200282) by extension 'ignore'
[0.719s] Level 1:colcon.colcon_core.package_identification:_identify(hw2_20200282) by extension 'ignore_ament_install'
[0.719s] Level 1:colcon.colcon_core.package_identification:_identify(hw2_20200282) by extensions ['colcon_pkg']
[0.719s] Level 1:colcon.colcon_core.package_identification:_identify(hw2_20200282) by extension 'colcon_pkg'
[0.719s] Level 1:colcon.colcon_core.package_identification:_identify(hw2_20200282) by extensions ['colcon_meta']
[0.719s] Level 1:colcon.colcon_core.package_identification:_identify(hw2_20200282) by extension 'colcon_meta'
[0.719s] Level 1:colcon.colcon_core.package_identification:_identify(hw2_20200282) by extensions ['ros']
[0.719s] Level 1:colcon.colcon_core.package_identification:_identify(hw2_20200282) by extension 'ros'
[0.719s] Level 1:colcon.colcon_core.package_identification:_identify(hw2_20200282) by extensions ['cmake', 'python']
[0.719s] Level 1:colcon.colcon_core.package_identification:_identify(hw2_20200282) by extension 'cmake'
[0.719s] Level 1:colcon.colcon_core.package_identification:_identify(hw2_20200282) by extension 'python'
[0.719s] Level 1:colcon.colcon_core.package_identification:_identify(hw2_20200282) by extensions ['python_setup_py']
[0.719s] Level 1:colcon.colcon_core.package_identification:_identify(hw2_20200282) by extension 'python_setup_py'
[0.719s] Level 1:colcon.colcon_core.package_identification:_identify(hw2_20200282/mymat) by extensions ['ignore', 'ignore_ament_install']
[0.719s] Level 1:colcon.colcon_core.package_identification:_identify(hw2_20200282/mymat) by extension 'ignore'
[0.720s] Level 1:colcon.colcon_core.package_identification:_identify(hw2_20200282/mymat) by extension 'ignore_ament_install'
[0.720s] Level 1:colcon.colcon_core.package_identification:_identify(hw2_20200282/mymat) by extensions ['colcon_pkg']
[0.720s] Level 1:colcon.colcon_core.package_identification:_identify(hw2_20200282/mymat) by extension 'colcon_pkg'
[0.720s] Level 1:colcon.colcon_core.package_identification:_identify(hw2_20200282/mymat) by extensions ['colcon_meta']
[0.720s] Level 1:colcon.colcon_core.package_identification:_identify(hw2_20200282/mymat) by extension 'colcon_meta'
[0.720s] Level 1:colcon.colcon_core.package_identification:_identify(hw2_20200282/mymat) by extensions ['ros']
[0.720s] Level 1:colcon.colcon_core.package_identification:_identify(hw2_20200282/mymat) by extension 'ros'
[0.720s] Level 1:colcon.colcon_core.package_identification:_identify(hw2_20200282/mymat) by extensions ['cmake', 'python']
[0.720s] Level 1:colcon.colcon_core.package_identification:_identify(hw2_20200282/mymat) by extension 'cmake'
[0.725s] Level 1:colcon.colcon_core.package_identification:_identify(hw2_20200282/mymat) by extension 'python'
[0.725s] DEBUG:colcon.colcon_core.package_identification:Package 'hw2_20200282/mymat' with type 'cmake' and name 'homework2'
[0.725s] Level 1:colcon.colcon_core.package_identification:_identify(hw2_20200282/simulation) by extensions ['ignore', 'ignore_ament_install']
[0.725s] Level 1:colcon.colcon_core.package_identification:_identify(hw2_20200282/simulation) by extension 'ignore'
[0.725s] Level 1:colcon.colcon_core.package_identification:_identify(hw2_20200282/simulation) by extension 'ignore_ament_install'
[0.725s] Level 1:colcon.colcon_core.package_identification:_identify(hw2_20200282/simulation) by extensions ['colcon_pkg']
[0.725s] Level 1:colcon.colcon_core.package_identification:_identify(hw2_20200282/simulation) by extension 'colcon_pkg'
[0.725s] Level 1:colcon.colcon_core.package_identification:_identify(hw2_20200282/simulation) by extensions ['colcon_meta']
[0.725s] Level 1:colcon.colcon_core.package_identification:_identify(hw2_20200282/simulation) by extension 'colcon_meta'
[0.725s] Level 1:colcon.colcon_core.package_identification:_identify(hw2_20200282/simulation) by extensions ['ros']
[0.725s] Level 1:colcon.colcon_core.package_identification:_identify(hw2_20200282/simulation) by extension 'ros'
[0.725s] Level 1:colcon.colcon_core.package_identification:_identify(hw2_20200282/simulation) by extensions ['cmake', 'python']
[0.725s] Level 1:colcon.colcon_core.package_identification:_identify(hw2_20200282/simulation) by extension 'cmake'
[0.730s] Level 1:colcon.colcon_core.package_identification:_identify(hw2_20200282/simulation) by extension 'python'
[0.730s] DEBUG:colcon.colcon_core.package_identification:Package 'hw2_20200282/simulation' with type 'cmake' and name 'homework2'
[0.730s] Level 1:colcon.colcon_core.package_identification:_identify(install) by extensions ['ignore', 'ignore_ament_install']
[0.730s] Level 1:colcon.colcon_core.package_identification:_identify(install) by extension 'ignore'
[0.730s] Level 1:colcon.colcon_core.package_identification:_identify(install) ignored
[0.730s] Level 1:colcon.colcon_core.package_identification:_identify(log) by extensions ['ignore', 'ignore_ament_install']
[0.730s] Level 1:colcon.colcon_core.package_identification:_identify(log) by extension 'ignore'
[0.730s] Level 1:colcon.colcon_core.package_identification:_identify(log) ignored
[0.730s] Level 1:colcon.colcon_core.package_identification:_identify(midterm_2024) by extensions ['ignore', 'ignore_ament_install']
[0.730s] Level 1:colcon.colcon_core.package_identification:_identify(midterm_2024) by extension 'ignore'
[0.730s] Level 1:colcon.colcon_core.package_identification:_identify(midterm_2024) by extension 'ignore_ament_install'
[0.730s] Level 1:colcon.colcon_core.package_identification:_identify(midterm_2024) by extensions ['colcon_pkg']
[0.730s] Level 1:colcon.colcon_core.package_identification:_identify(midterm_2024) by extension 'colcon_pkg'
[0.730s] Level 1:colcon.colcon_core.package_identification:_identify(midterm_2024) by extensions ['colcon_meta']
[0.730s] Level 1:colcon.colcon_core.package_identification:_identify(midterm_2024) by extension 'colcon_meta'
[0.730s] Level 1:colcon.colcon_core.package_identification:_identify(midterm_2024) by extensions ['ros']
[0.730s] Level 1:colcon.colcon_core.package_identification:_identify(midterm_2024) by extension 'ros'
[0.733s] DEBUG:colcon.colcon_core.package_identification:Package 'midterm_2024' with type 'ros.ament_cmake' and name 'midterm_2024'
[0.733s] Level 1:colcon.colcon_core.package_identification:_identify(midterm_2024_cpp) by extensions ['ignore', 'ignore_ament_install']
[0.733s] Level 1:colcon.colcon_core.package_identification:_identify(midterm_2024_cpp) by extension 'ignore'
[0.733s] Level 1:colcon.colcon_core.package_identification:_identify(midterm_2024_cpp) by extension 'ignore_ament_install'
[0.733s] Level 1:colcon.colcon_core.package_identification:_identify(midterm_2024_cpp) by extensions ['colcon_pkg']
[0.733s] Level 1:colcon.colcon_core.package_identification:_identify(midterm_2024_cpp) by extension 'colcon_pkg'
[0.733s] Level 1:colcon.colcon_core.package_identification:_identify(midterm_2024_cpp) by extensions ['colcon_meta']
[0.733s] Level 1:colcon.colcon_core.package_identification:_identify(midterm_2024_cpp) by extension 'colcon_meta'
[0.734s] Level 1:colcon.colcon_core.package_identification:_identify(midterm_2024_cpp) by extensions ['ros']
[0.734s] Level 1:colcon.colcon_core.package_identification:_identify(midterm_2024_cpp) by extension 'ros'
[0.734s] Level 1:colcon.colcon_core.package_identification:_identify(midterm_2024_cpp) by extensions ['cmake', 'python']
[0.734s] Level 1:colcon.colcon_core.package_identification:_identify(midterm_2024_cpp) by extension 'cmake'
[0.738s] Level 1:colcon.colcon_core.package_identification:_identify(midterm_2024_cpp) by extension 'python'
[0.738s] DEBUG:colcon.colcon_core.package_identification:Package 'midterm_2024_cpp' with type 'cmake' and name 'midterm'
[0.738s] Level 1:colcon.colcon_core.package_identification:_identify(midterm_2024_lib) by extensions ['ignore', 'ignore_ament_install']
[0.738s] Level 1:colcon.colcon_core.package_identification:_identify(midterm_2024_lib) by extension 'ignore'
[0.738s] Level 1:colcon.colcon_core.package_identification:_identify(midterm_2024_lib) by extension 'ignore_ament_install'
[0.738s] Level 1:colcon.colcon_core.package_identification:_identify(midterm_2024_lib) by extensions ['colcon_pkg']
[0.738s] Level 1:colcon.colcon_core.package_identification:_identify(midterm_2024_lib) by extension 'colcon_pkg'
[0.738s] Level 1:colcon.colcon_core.package_identification:_identify(midterm_2024_lib) by extensions ['colcon_meta']
[0.738s] Level 1:colcon.colcon_core.package_identification:_identify(midterm_2024_lib) by extension 'colcon_meta'
[0.738s] Level 1:colcon.colcon_core.package_identification:_identify(midterm_2024_lib) by extensions ['ros']
[0.738s] Level 1:colcon.colcon_core.package_identification:_identify(midterm_2024_lib) by extension 'ros'
[0.738s] Level 1:colcon.colcon_core.package_identification:_identify(midterm_2024_lib) by extensions ['cmake', 'python']
[0.738s] Level 1:colcon.colcon_core.package_identification:_identify(midterm_2024_lib) by extension 'cmake'
[0.744s] Level 1:colcon.colcon_core.package_identification:_identify(midterm_2024_lib) by extension 'python'
[0.744s] DEBUG:colcon.colcon_core.package_identification:Package 'midterm_2024_lib' with type 'cmake' and name 'midterm'
[0.744s] Level 1:colcon.colcon_core.package_identification:_identify(midterm_2024_msg) by extensions ['ignore', 'ignore_ament_install']
[0.744s] Level 1:colcon.colcon_core.package_identification:_identify(midterm_2024_msg) by extension 'ignore'
[0.744s] Level 1:colcon.colcon_core.package_identification:_identify(midterm_2024_msg) by extension 'ignore_ament_install'
[0.744s] Level 1:colcon.colcon_core.package_identification:_identify(midterm_2024_msg) by extensions ['colcon_pkg']
[0.744s] Level 1:colcon.colcon_core.package_identification:_identify(midterm_2024_msg) by extension 'colcon_pkg'
[0.744s] Level 1:colcon.colcon_core.package_identification:_identify(midterm_2024_msg) by extensions ['colcon_meta']
[0.744s] Level 1:colcon.colcon_core.package_identification:_identify(midterm_2024_msg) by extension 'colcon_meta'
[0.744s] Level 1:colcon.colcon_core.package_identification:_identify(midterm_2024_msg) by extensions ['ros']
[0.745s] Level 1:colcon.colcon_core.package_identification:_identify(midterm_2024_msg) by extension 'ros'
[0.745s] DEBUG:colcon.colcon_core.package_identification:Package 'midterm_2024_msg' with type 'ros.ament_cmake' and name 'midterm_2024_msg'
[0.745s] Level 1:colcon.colcon_core.package_discovery:discover_packages(recursive) using defaults
[0.745s] Level 1:colcon.colcon_core.package_discovery:discover_packages(ignore) discover
[0.745s] Level 1:colcon.colcon_core.package_discovery:discover_packages(ignore) using defaults
[0.745s] Level 1:colcon.colcon_core.package_discovery:discover_packages(path) discover
[0.745s] Level 1:colcon.colcon_core.package_discovery:discover_packages(path) using defaults
[0.782s] INFO:colcon.colcon_core.package_selection:Skipping not selected package 'homework2' in 'hw2_20200282/simulation'
[0.782s] INFO:colcon.colcon_core.package_selection:Skipping not selected package 'homework2' in 'hw2_20200282/mymat'
[0.782s] INFO:colcon.colcon_core.package_selection:Skipping not selected package 'list4arr' in 'cpp_practice1'
[0.782s] INFO:colcon.colcon_core.package_selection:Skipping not selected package 'list4ptr' in 'cpp_practice2'
[0.782s] INFO:colcon.colcon_core.package_selection:Skipping not selected package 'midterm' in 'midterm_2024_cpp'
[0.782s] INFO:colcon.colcon_core.package_selection:Skipping not selected package 'midterm' in 'midterm_2024_lib'
[0.782s] INFO:colcon.colcon_core.package_selection:Skipping not selected package 'midterm_2024' in 'midterm_2024'
[0.802s] Level 1:colcon.colcon_core.package_discovery:discover_packages(prefix_path) check parameters
[0.802s] Level 1:colcon.colcon_core.package_discovery:discover_packages(prefix_path) discover
[0.829s] DEBUG:colcon.colcon_installed_package_information.package_discovery:Found 309 installed packages in /opt/ros/humble
[0.831s] Level 1:colcon.colcon_core.package_discovery:discover_packages(prefix_path) using defaults
[0.923s] Level 5:colcon.colcon_core.verb:set package 'midterm_2024_msg' build argument 'cmake_args' from command line to 'None'
[0.923s] Level 5:colcon.colcon_core.verb:set package 'midterm_2024_msg' build argument 'cmake_target' from command line to 'None'
[0.923s] Level 5:colcon.colcon_core.verb:set package 'midterm_2024_msg' build argument 'cmake_target_skip_unavailable' from command line to 'False'
[0.923s] Level 5:colcon.colcon_core.verb:set package 'midterm_2024_msg' build argument 'cmake_clean_cache' from command line to 'False'
[0.923s] Level 5:colcon.colcon_core.verb:set package 'midterm_2024_msg' build argument 'cmake_clean_first' from command line to 'False'
[0.923s] Level 5:colcon.colcon_core.verb:set package 'midterm_2024_msg' build argument 'cmake_force_configure' from command line to 'False'
[0.923s] Level 5:colcon.colcon_core.verb:set package 'midterm_2024_msg' build argument 'ament_cmake_args' from command line to 'None'
[0.923s] Level 5:colcon.colcon_core.verb:set package 'midterm_2024_msg' build argument 'catkin_cmake_args' from command line to 'None'
[0.923s] Level 5:colcon.colcon_core.verb:set package 'midterm_2024_msg' build argument 'catkin_skip_building_tests' from command line to 'False'
[0.923s] DEBUG:colcon.colcon_core.verb:Building package 'midterm_2024_msg' with the following arguments: {'ament_cmake_args': None, 'build_base': '/home/dareum/ME454/cpp_ws/build/midterm_2024_msg', 'catkin_cmake_args': None, 'catkin_skip_building_tests': False, 'cmake_args': None, 'cmake_clean_cache': False, 'cmake_clean_first': False, 'cmake_force_configure': False, 'cmake_target': None, 'cmake_target_skip_unavailable': False, 'install_base': '/home/dareum/ME454/cpp_ws/install/midterm_2024_msg', 'merge_install': False, 'path': '/home/dareum/ME454/cpp_ws/midterm_2024_msg', 'symlink_install': False, 'test_result_base': None}
[0.932s] INFO:colcon.colcon_core.executor:Executing jobs using 'parallel' executor
[0.940s] DEBUG:colcon.colcon_parallel_executor.executor.parallel:run_until_complete
[0.941s] INFO:colcon.colcon_ros.task.ament_cmake.build:Building ROS package in '/home/dareum/ME454/cpp_ws/midterm_2024_msg' with build type 'ament_cmake'
[0.941s] INFO:colcon.colcon_cmake.task.cmake.build:Building CMake package in '/home/dareum/ME454/cpp_ws/midterm_2024_msg'
[0.954s] INFO:colcon.colcon_core.plugin_system:Skipping extension 'colcon_core.shell.bat': Not used on non-Windows systems
[0.954s] INFO:colcon.colcon_core.shell:Skip shell extension 'powershell' for command environment: Not usable outside of PowerShell
[0.954s] DEBUG:colcon.colcon_core.shell:Skip shell extension 'dsv' for command environment
[0.985s] DEBUG:colcon.colcon_core.event_handler.log_command:Invoking command in '/home/dareum/ME454/cpp_ws/build/midterm_2024_msg': CMAKE_PREFIX_PATH=/opt/ros/humble /usr/bin/cmake /home/dareum/ME454/cpp_ws/midterm_2024_msg -DCMAKE_INSTALL_PREFIX=/home/dareum/ME454/cpp_ws/install/midterm_2024_msg
[4.568s] DEBUG:colcon.colcon_core.event_handler.log_command:Invoked command in '/home/dareum/ME454/cpp_ws/build/midterm_2024_msg' returned '0': CMAKE_PREFIX_PATH=/opt/ros/humble /usr/bin/cmake /home/dareum/ME454/cpp_ws/midterm_2024_msg -DCMAKE_INSTALL_PREFIX=/home/dareum/ME454/cpp_ws/install/midterm_2024_msg
[4.573s] DEBUG:colcon.colcon_core.event_handler.log_command:Invoking command in '/home/dareum/ME454/cpp_ws/build/midterm_2024_msg': CMAKE_PREFIX_PATH=/opt/ros/humble /usr/bin/cmake --build /home/dareum/ME454/cpp_ws/build/midterm_2024_msg -- -j16 -l16
[6.334s] DEBUG:colcon.colcon_core.event_handler.log_command:Invoked command in '/home/dareum/ME454/cpp_ws/build/midterm_2024_msg' returned '0': CMAKE_PREFIX_PATH=/opt/ros/humble /usr/bin/cmake --build /home/dareum/ME454/cpp_ws/build/midterm_2024_msg -- -j16 -l16
[6.385s] DEBUG:colcon.colcon_core.event_handler.log_command:Invoking command in '/home/dareum/ME454/cpp_ws/build/midterm_2024_msg': CMAKE_PREFIX_PATH=/opt/ros/humble /usr/bin/cmake --install /home/dareum/ME454/cpp_ws/build/midterm_2024_msg
[6.447s] Level 1:colcon.colcon_core.environment:create_environment_scripts_only(midterm_2024_msg)
[6.448s] DEBUG:colcon.colcon_core.event_handler.log_command:Invoked command in '/home/dareum/ME454/cpp_ws/build/midterm_2024_msg' returned '0': CMAKE_PREFIX_PATH=/opt/ros/humble /usr/bin/cmake --install /home/dareum/ME454/cpp_ws/build/midterm_2024_msg
[6.457s] Level 1:colcon.colcon_core.environment:checking '/home/dareum/ME454/cpp_ws/install/midterm_2024_msg' for CMake module files
[6.457s] Level 1:colcon.colcon_core.environment:checking '/home/dareum/ME454/cpp_ws/install/midterm_2024_msg' for CMake config files
[6.458s] Level 1:colcon.colcon_core.shell:create_environment_hook('midterm_2024_msg', 'cmake_prefix_path')
[6.467s] INFO:colcon.colcon_core.shell:Creating environment hook '/home/dareum/ME454/cpp_ws/install/midterm_2024_msg/share/midterm_2024_msg/hook/cmake_prefix_path.ps1'
[6.469s] INFO:colcon.colcon_core.shell:Creating environment descriptor '/home/dareum/ME454/cpp_ws/install/midterm_2024_msg/share/midterm_2024_msg/hook/cmake_prefix_path.dsv'
[6.469s] INFO:colcon.colcon_core.shell:Creating environment hook '/home/dareum/ME454/cpp_ws/install/midterm_2024_msg/share/midterm_2024_msg/hook/cmake_prefix_path.sh'
[6.470s] Level 1:colcon.colcon_core.environment:checking '/home/dareum/ME454/cpp_ws/install/midterm_2024_msg/lib'
[6.470s] Level 1:colcon.colcon_core.shell:create_environment_hook('midterm_2024_msg', 'ld_library_path_lib')
[6.482s] INFO:colcon.colcon_core.shell:Creating environment hook '/home/dareum/ME454/cpp_ws/install/midterm_2024_msg/share/midterm_2024_msg/hook/ld_library_path_lib.ps1'
[6.483s] INFO:colcon.colcon_core.shell:Creating environment descriptor '/home/dareum/ME454/cpp_ws/install/midterm_2024_msg/share/midterm_2024_msg/hook/ld_library_path_lib.dsv'
[6.483s] INFO:colcon.colcon_core.shell:Creating environment hook '/home/dareum/ME454/cpp_ws/install/midterm_2024_msg/share/midterm_2024_msg/hook/ld_library_path_lib.sh'
[6.483s] Level 1:colcon.colcon_core.environment:checking '/home/dareum/ME454/cpp_ws/install/midterm_2024_msg/bin'
[6.483s] Level 1:colcon.colcon_core.environment:checking '/home/dareum/ME454/cpp_ws/install/midterm_2024_msg/lib/pkgconfig/midterm_2024_msg.pc'
[6.483s] Level 1:colcon.colcon_core.environment:checking '/home/dareum/ME454/cpp_ws/install/midterm_2024_msg/lib/python3.10/site-packages'
[6.484s] Level 1:colcon.colcon_core.environment:checking '/home/dareum/ME454/cpp_ws/install/midterm_2024_msg/bin'
[6.490s] INFO:colcon.colcon_core.shell:Creating package script '/home/dareum/ME454/cpp_ws/install/midterm_2024_msg/share/midterm_2024_msg/package.ps1'
[6.491s] INFO:colcon.colcon_core.shell:Creating package descriptor '/home/dareum/ME454/cpp_ws/install/midterm_2024_msg/share/midterm_2024_msg/package.dsv'
[6.491s] INFO:colcon.colcon_core.shell:Creating package script '/home/dareum/ME454/cpp_ws/install/midterm_2024_msg/share/midterm_2024_msg/package.sh'
[6.492s] INFO:colcon.colcon_core.shell:Creating package script '/home/dareum/ME454/cpp_ws/install/midterm_2024_msg/share/midterm_2024_msg/package.bash'
[6.492s] INFO:colcon.colcon_core.shell:Creating package script '/home/dareum/ME454/cpp_ws/install/midterm_2024_msg/share/midterm_2024_msg/package.zsh'
[6.493s] Level 1:colcon.colcon_core.environment:create_file_with_runtime_dependencies(/home/dareum/ME454/cpp_ws/install/midterm_2024_msg/share/colcon-core/packages/midterm_2024_msg)
[6.543s] Level 1:colcon.colcon_core.environment:create_environment_scripts_only(midterm_2024_msg)
[6.549s] Level 1:colcon.colcon_core.environment:checking '/home/dareum/ME454/cpp_ws/install/midterm_2024_msg' for CMake module files
[6.550s] Level 1:colcon.colcon_core.environment:checking '/home/dareum/ME454/cpp_ws/install/midterm_2024_msg' for CMake config files
[6.550s] Level 1:colcon.colcon_core.shell:create_environment_hook('midterm_2024_msg', 'cmake_prefix_path')
[6.556s] INFO:colcon.colcon_core.shell:Creating environment hook '/home/dareum/ME454/cpp_ws/install/midterm_2024_msg/share/midterm_2024_msg/hook/cmake_prefix_path.ps1'
[6.556s] INFO:colcon.colcon_core.shell:Creating environment descriptor '/home/dareum/ME454/cpp_ws/install/midterm_2024_msg/share/midterm_2024_msg/hook/cmake_prefix_path.dsv'
[6.556s] INFO:colcon.colcon_core.shell:Creating environment hook '/home/dareum/ME454/cpp_ws/install/midterm_2024_msg/share/midterm_2024_msg/hook/cmake_prefix_path.sh'
[6.557s] Level 1:colcon.colcon_core.environment:checking '/home/dareum/ME454/cpp_ws/install/midterm_2024_msg/lib'
[6.557s] Level 1:colcon.colcon_core.shell:create_environment_hook('midterm_2024_msg', 'ld_library_path_lib')
[6.565s] INFO:colcon.colcon_core.shell:Creating environment hook '/home/dareum/ME454/cpp_ws/install/midterm_2024_msg/share/midterm_2024_msg/hook/ld_library_path_lib.ps1'
[6.565s] INFO:colcon.colcon_core.shell:Creating environment descriptor '/home/dareum/ME454/cpp_ws/install/midterm_2024_msg/share/midterm_2024_msg/hook/ld_library_path_lib.dsv'
[6.566s] INFO:colcon.colcon_core.shell:Creating environment hook '/home/dareum/ME454/cpp_ws/install/midterm_2024_msg/share/midterm_2024_msg/hook/ld_library_path_lib.sh'
[6.566s] Level 1:colcon.colcon_core.environment:checking '/home/dareum/ME454/cpp_ws/install/midterm_2024_msg/bin'
[6.566s] Level 1:colcon.colcon_core.environment:checking '/home/dareum/ME454/cpp_ws/install/midterm_2024_msg/lib/pkgconfig/midterm_2024_msg.pc'
[6.566s] Level 1:colcon.colcon_core.environment:checking '/home/dareum/ME454/cpp_ws/install/midterm_2024_msg/lib/python3.10/site-packages'
[6.566s] Level 1:colcon.colcon_core.environment:checking '/home/dareum/ME454/cpp_ws/install/midterm_2024_msg/bin'
[6.574s] INFO:colcon.colcon_core.shell:Creating package script '/home/dareum/ME454/cpp_ws/install/midterm_2024_msg/share/midterm_2024_msg/package.ps1'
[6.575s] INFO:colcon.colcon_core.shell:Creating package descriptor '/home/dareum/ME454/cpp_ws/install/midterm_2024_msg/share/midterm_2024_msg/package.dsv'
[6.575s] INFO:colcon.colcon_core.shell:Creating package script '/home/dareum/ME454/cpp_ws/install/midterm_2024_msg/share/midterm_2024_msg/package.sh'
[6.576s] INFO:colcon.colcon_core.shell:Creating package script '/home/dareum/ME454/cpp_ws/install/midterm_2024_msg/share/midterm_2024_msg/package.bash'
[6.576s] INFO:colcon.colcon_core.shell:Creating package script '/home/dareum/ME454/cpp_ws/install/midterm_2024_msg/share/midterm_2024_msg/package.zsh'
[6.578s] Level 1:colcon.colcon_core.environment:create_file_with_runtime_dependencies(/home/dareum/ME454/cpp_ws/install/midterm_2024_msg/share/colcon-core/packages/midterm_2024_msg)
[6.578s] DEBUG:colcon.colcon_parallel_executor.executor.parallel:closing loop
[6.579s] DEBUG:colcon.colcon_parallel_executor.executor.parallel:loop closed
[6.579s] DEBUG:colcon.colcon_parallel_executor.executor.parallel:run_until_complete finished with '0'
[6.579s] DEBUG:colcon.colcon_core.event_reactor:joining thread
[6.657s] INFO:colcon.colcon_core.plugin_system:Skipping extension 'colcon_notification.desktop_notification.notify_send': Could not find 'notify-send'
[6.657s] INFO:colcon.colcon_core.plugin_system:Skipping extension 'colcon_notification.desktop_notification.terminal_notifier': Not used on non-Darwin systems
[6.657s] INFO:colcon.colcon_core.plugin_system:Skipping extension 'colcon_notification.desktop_notification.win32': Not used on non-Windows systems
[6.658s] INFO:colcon.colcon_notification.desktop_notification:Sending desktop notification using 'notify2'
