[0.102s] Invoking command in '/home/dareum/ME454/ros2_ws/build/gauss_summation': CMAKE_PREFIX_PATH=/opt/ros/humble CONDA_PROMPT_MODIFIER=(mujoco_py) /usr/bin/cmake /home/dareum/ME454/ros2_ws/src/gauss_summation -DCMAKE_INSTALL_PREFIX=/home/dareum/ME454/ros2_ws/install/gauss_summation
[0.628s] -- The C compiler identification is GNU 12.1.0
[2.107s] -- The CXX compiler identification is GNU 11.4.0
[2.741s] -- Detecting C compiler ABI info
[3.004s] -- Detecting C compiler ABI info - done
[3.014s] -- Check for working C compiler: /home/dareum/anaconda3/envs/mujoco_py/bin/cc - skipped
[3.014s] -- Detecting C compile features
[3.015s] -- Detecting C compile features - done
[3.020s] -- Detecting CXX compiler ABI info
[3.362s] -- Detecting CXX compiler ABI info - done
[3.370s] -- Check for working CXX compiler: /usr/bin/c++ - skipped
[3.371s] -- Detecting CXX compile features
[3.371s] -- Detecting CXX compile features - done
[3.377s] -- Found ament_cmake: 1.3.8 (/opt/ros/humble/share/ament_cmake/cmake)
[4.184s] -- Found Python3: /home/dareum/anaconda3/envs/mujoco_py/bin/python3 (found version "3.8.19") found components: Interpreter 
[4.418s] -- Found rclcpp: 16.0.8 (/opt/ros/humble/share/rclcpp/cmake)
[4.653s] -- Found rosidl_generator_c: 3.1.5 (/opt/ros/humble/share/rosidl_generator_c/cmake)
[4.659s] -- Found rosidl_adapter: 3.1.5 (/opt/ros/humble/share/rosidl_adapter/cmake)
[4.674s] -- Found rosidl_generator_cpp: 3.1.5 (/opt/ros/humble/share/rosidl_generator_cpp/cmake)
[4.701s] -- Using all available rosidl_typesupport_c: rosidl_typesupport_fastrtps_c;rosidl_typesupport_introspection_c
[4.737s] -- Using all available rosidl_typesupport_cpp: rosidl_typesupport_fastrtps_cpp;rosidl_typesupport_introspection_cpp
[4.824s] -- Found rmw_implementation_cmake: 6.1.1 (/opt/ros/humble/share/rmw_implementation_cmake/cmake)
[4.830s] -- Found rmw_fastrtps_cpp: 6.2.6 (/opt/ros/humble/share/rmw_fastrtps_cpp/cmake)
[5.739s] -- Found OpenSSL: /home/linuxbrew/.linuxbrew/Cellar/openssl@3/3.3.1/lib/libcrypto.so (found version "3.3.1")  
[6.676s] -- Found FastRTPS: /opt/ros/humble/include  
[8.405s] -- Using RMW implementation 'rmw_fastrtps_cpp' as default
[8.427s] -- Looking for pthread.h
[8.654s] -- Looking for pthread.h - found
[8.654s] -- Performing Test CMAKE_HAVE_LIBC_PTHREAD
[8.915s] -- Performing Test CMAKE_HAVE_LIBC_PTHREAD - Failed
[8.915s] -- Looking for pthread_create in pthreads
[9.163s] -- Looking for pthread_create in pthreads - not found
[9.163s] -- Looking for pthread_create in pthread
[9.351s] -- Looking for pthread_create in pthread - found
[9.353s] -- Found Threads: TRUE  
[9.592s] Traceback (most recent call last):
[9.592s]   File "/opt/ros/humble/share/ament_cmake_core/cmake/core/package_xml_2_cmake.py", line 22, in <module>
[9.592s]     from catkin_pkg.package import parse_package_string
[9.592s] ModuleNotFoundError: No module named 'catkin_pkg'
[9.596s] [31mCMake Error at /opt/ros/humble/share/ament_cmake_core/cmake/core/ament_package_xml.cmake:95 (message):
[9.596s]   execute_process(/home/dareum/anaconda3/envs/mujoco_py/bin/python3
[9.596s]   /opt/ros/humble/share/ament_cmake_core/cmake/core/package_xml_2_cmake.py
[9.596s]   /home/dareum/ME454/ros2_ws/src/gauss_summation/package.xml
[9.596s]   /home/dareum/ME454/ros2_ws/build/gauss_summation/ament_cmake_core/package.cmake)
[9.596s]   returned error code 1
[9.596s] Call Stack (most recent call first):
[9.597s]   /opt/ros/humble/share/ament_cmake_core/cmake/core/ament_package_xml.cmake:49 (_ament_package_xml)
[9.597s]   /opt/ros/humble/share/ament_cmake_core/cmake/core/ament_package.cmake:63 (ament_package_xml)
[9.597s]   CMakeLists.txt:25 (ament_package)
[9.597s] 
[9.597s] [0m
[9.597s] -- Configuring incomplete, errors occurred!
[9.597s] See also "/home/dareum/ME454/ros2_ws/build/gauss_summation/CMakeFiles/CMakeOutput.log".
[9.597s] See also "/home/dareum/ME454/ros2_ws/build/gauss_summation/CMakeFiles/CMakeError.log".
