[0.130s] Invoking command in '/home/dareum/ME454/ros2_ws/build/vibration': CMAKE_PREFIX_PATH=/opt/ros/humble CONDA_PROMPT_MODIFIER=(mujoco_py) /usr/bin/cmake /home/dareum/ME454/ros2_ws/src/vibration -DCMAKE_INSTALL_PREFIX=/home/dareum/ME454/ros2_ws/install/vibration
[4.567s] -- The C compiler identification is GNU 12.1.0
[4.568s] -- The CXX compiler identification is GNU 11.4.0
[4.568s] -- Detecting C compiler ABI info
[4.568s] -- Detecting C compiler ABI info - done
[4.568s] -- Check for working C compiler: /home/dareum/anaconda3/envs/mujoco_py/bin/cc - skipped
[4.568s] -- Detecting C compile features
[4.568s] -- Detecting C compile features - done
[4.569s] -- Detecting CXX compiler ABI info
[4.569s] -- Detecting CXX compiler ABI info - done
[4.570s] -- Check for working CXX compiler: /usr/bin/c++ - skipped
[4.570s] -- Detecting CXX compile features
[4.570s] -- Detecting CXX compile features - done
[4.571s] -- Found ament_cmake: 1.3.8 (/opt/ros/humble/share/ament_cmake/cmake)
[4.572s] -- Found Python3: /home/dareum/anaconda3/envs/mujoco_py/bin/python3 (found version "3.8.19") found components: Interpreter 
[4.595s] -- Found xacro: 2.0.8 (/opt/ros/humble/share/xacro/cmake)
[4.597s] -- Found ament_lint_auto: 0.12.10 (/opt/ros/humble/share/ament_lint_auto/cmake)
[4.640s] Traceback (most recent call last):
[4.640s]   File "/opt/ros/humble/share/ament_cmake_core/cmake/core/package_xml_2_cmake.py", line 22, in <module>
[4.640s]     from catkin_pkg.package import parse_package_string
[4.640s] ModuleNotFoundError: No module named 'catkin_pkg'
[4.649s] [31mCMake Error at /opt/ros/humble/share/ament_cmake_core/cmake/core/ament_package_xml.cmake:95 (message):
[4.649s]   execute_process(/home/dareum/anaconda3/envs/mujoco_py/bin/python3
[4.649s]   /opt/ros/humble/share/ament_cmake_core/cmake/core/package_xml_2_cmake.py
[4.649s]   /home/dareum/ME454/ros2_ws/src/vibration/package.xml
[4.649s]   /home/dareum/ME454/ros2_ws/build/vibration/ament_cmake_core/package.cmake)
[4.650s]   returned error code 1
[4.650s] Call Stack (most recent call first):
[4.650s]   /opt/ros/humble/share/ament_cmake_core/cmake/core/ament_package_xml.cmake:49 (_ament_package_xml)
[4.650s]   /opt/ros/humble/share/ament_lint_auto/cmake/ament_lint_auto_find_test_dependencies.cmake:31 (ament_package_xml)
[4.650s]   CMakeLists.txt:41 (ament_lint_auto_find_test_dependencies)
[4.650s] 
[4.650s] [0m
[4.650s] -- Configuring incomplete, errors occurred!
[4.650s] See also "/home/dareum/ME454/ros2_ws/build/vibration/CMakeFiles/CMakeOutput.log".
