[0.166s] DEBUG:colcon:Command line arguments: ['/usr/bin/colcon', 'build', '--packages-select', 'lidar_basic']
[0.166s] DEBUG:colcon:Parsed command line arguments: Namespace(log_base=None, log_level=None, verb_name='build', build_base='build', install_base='install', merge_install=False, symlink_install=False, test_result_base=None, continue_on_error=False, executor='parallel', parallel_workers=16, event_handlers=None, ignore_user_meta=False, metas=['./colcon.meta'], base_paths=['.'], packages_ignore=None, packages_ignore_regex=None, paths=None, packages_up_to=None, packages_up_to_regex=None, packages_above=None, packages_above_and_dependencies=None, packages_above_depth=None, packages_select_by_dep=None, packages_skip_by_dep=None, packages_skip_up_to=None, packages_select_build_failed=False, packages_skip_build_finished=False, packages_select_test_failures=False, packages_skip_test_passed=False, packages_select=['lidar_basic'], packages_skip=None, packages_select_regex=None, packages_skip_regex=None, packages_start=None, packages_end=None, allow_overriding=[], cmake_args=None, cmake_target=None, cmake_target_skip_unavailable=False, cmake_clean_cache=False, cmake_clean_first=False, cmake_force_configure=False, ament_cmake_args=None, catkin_cmake_args=None, catkin_skip_building_tests=False, mixin_files=None, mixin=None, verb_parser=<colcon_mixin.mixin.mixin_argument.MixinArgumentDecorator object at 0x7f6d59f69ab0>, verb_extension=<colcon_core.verb.build.BuildVerb object at 0x7f6d59f69240>, main=<bound method BuildVerb.main of <colcon_core.verb.build.BuildVerb object at 0x7f6d59f69240>>, mixin_verb=('build',))
[0.248s] Level 1:colcon.colcon_core.package_discovery:discover_packages(colcon_meta) check parameters
[0.248s] Level 1:colcon.colcon_core.package_discovery:discover_packages(recursive) check parameters
[0.248s] Level 1:colcon.colcon_core.package_discovery:discover_packages(ignore) check parameters
[0.248s] Level 1:colcon.colcon_core.package_discovery:discover_packages(path) check parameters
[0.248s] Level 1:colcon.colcon_core.package_discovery:discover_packages(colcon_meta) discover
[0.248s] Level 1:colcon.colcon_core.package_discovery:discover_packages(recursive) discover
[0.248s] INFO:colcon.colcon_core.package_discovery:Crawling recursively for packages in '/home/dareum/ME454/ros2_ws'
[0.248s] Level 1:colcon.colcon_core.package_identification:_identify(.) by extensions ['ignore', 'ignore_ament_install']
[0.248s] Level 1:colcon.colcon_core.package_identification:_identify(.) by extension 'ignore'
[0.248s] Level 1:colcon.colcon_core.package_identification:_identify(.) by extension 'ignore_ament_install'
[0.248s] Level 1:colcon.colcon_core.package_identification:_identify(.) by extensions ['colcon_pkg']
[0.248s] Level 1:colcon.colcon_core.package_identification:_identify(.) by extension 'colcon_pkg'
[0.248s] Level 1:colcon.colcon_core.package_identification:_identify(.) by extensions ['colcon_meta']
[0.248s] Level 1:colcon.colcon_core.package_identification:_identify(.) by extension 'colcon_meta'
[0.248s] Level 1:colcon.colcon_core.package_identification:_identify(.) by extensions ['ros']
[0.248s] Level 1:colcon.colcon_core.package_identification:_identify(.) by extension 'ros'
[0.255s] Level 1:colcon.colcon_core.package_identification:_identify(.) by extensions ['cmake', 'python']
[0.255s] Level 1:colcon.colcon_core.package_identification:_identify(.) by extension 'cmake'
[0.255s] Level 1:colcon.colcon_core.package_identification:_identify(.) by extension 'python'
[0.255s] Level 1:colcon.colcon_core.package_identification:_identify(.) by extensions ['python_setup_py']
[0.255s] Level 1:colcon.colcon_core.package_identification:_identify(.) by extension 'python_setup_py'
[0.255s] Level 1:colcon.colcon_core.package_identification:_identify(build) by extensions ['ignore', 'ignore_ament_install']
[0.255s] Level 1:colcon.colcon_core.package_identification:_identify(build) by extension 'ignore'
[0.255s] Level 1:colcon.colcon_core.package_identification:_identify(build) ignored
[0.255s] Level 1:colcon.colcon_core.package_identification:_identify(install) by extensions ['ignore', 'ignore_ament_install']
[0.255s] Level 1:colcon.colcon_core.package_identification:_identify(install) by extension 'ignore'
[0.255s] Level 1:colcon.colcon_core.package_identification:_identify(install) ignored
[0.256s] Level 1:colcon.colcon_core.package_identification:_identify(log) by extensions ['ignore', 'ignore_ament_install']
[0.256s] Level 1:colcon.colcon_core.package_identification:_identify(log) by extension 'ignore'
[0.256s] Level 1:colcon.colcon_core.package_identification:_identify(log) ignored
[0.256s] Level 1:colcon.colcon_core.package_identification:_identify(src) by extensions ['ignore', 'ignore_ament_install']
[0.256s] Level 1:colcon.colcon_core.package_identification:_identify(src) by extension 'ignore'
[0.256s] Level 1:colcon.colcon_core.package_identification:_identify(src) by extension 'ignore_ament_install'
[0.256s] Level 1:colcon.colcon_core.package_identification:_identify(src) by extensions ['colcon_pkg']
[0.256s] Level 1:colcon.colcon_core.package_identification:_identify(src) by extension 'colcon_pkg'
[0.256s] Level 1:colcon.colcon_core.package_identification:_identify(src) by extensions ['colcon_meta']
[0.256s] Level 1:colcon.colcon_core.package_identification:_identify(src) by extension 'colcon_meta'
[0.256s] Level 1:colcon.colcon_core.package_identification:_identify(src) by extensions ['ros']
[0.256s] Level 1:colcon.colcon_core.package_identification:_identify(src) by extension 'ros'
[0.256s] Level 1:colcon.colcon_core.package_identification:_identify(src) by extensions ['cmake', 'python']
[0.256s] Level 1:colcon.colcon_core.package_identification:_identify(src) by extension 'cmake'
[0.256s] Level 1:colcon.colcon_core.package_identification:_identify(src) by extension 'python'
[0.256s] Level 1:colcon.colcon_core.package_identification:_identify(src) by extensions ['python_setup_py']
[0.256s] Level 1:colcon.colcon_core.package_identification:_identify(src) by extension 'python_setup_py'
[0.256s] Level 1:colcon.colcon_core.package_identification:_identify(src/ball_throwing) by extensions ['ignore', 'ignore_ament_install']
[0.256s] Level 1:colcon.colcon_core.package_identification:_identify(src/ball_throwing) by extension 'ignore'
[0.256s] Level 1:colcon.colcon_core.package_identification:_identify(src/ball_throwing) by extension 'ignore_ament_install'
[0.256s] Level 1:colcon.colcon_core.package_identification:_identify(src/ball_throwing) by extensions ['colcon_pkg']
[0.256s] Level 1:colcon.colcon_core.package_identification:_identify(src/ball_throwing) by extension 'colcon_pkg'
[0.256s] Level 1:colcon.colcon_core.package_identification:_identify(src/ball_throwing) by extensions ['colcon_meta']
[0.256s] Level 1:colcon.colcon_core.package_identification:_identify(src/ball_throwing) by extension 'colcon_meta'
[0.256s] Level 1:colcon.colcon_core.package_identification:_identify(src/ball_throwing) by extensions ['ros']
[0.256s] Level 1:colcon.colcon_core.package_identification:_identify(src/ball_throwing) by extension 'ros'
[0.257s] DEBUG:colcon.colcon_core.package_identification:Package 'src/ball_throwing' with type 'ros.ament_cmake' and name 'ball_throwing'
[0.258s] Level 1:colcon.colcon_core.package_identification:_identify(src/bowling) by extensions ['ignore', 'ignore_ament_install']
[0.258s] Level 1:colcon.colcon_core.package_identification:_identify(src/bowling) by extension 'ignore'
[0.258s] Level 1:colcon.colcon_core.package_identification:_identify(src/bowling) by extension 'ignore_ament_install'
[0.258s] Level 1:colcon.colcon_core.package_identification:_identify(src/bowling) by extensions ['colcon_pkg']
[0.258s] Level 1:colcon.colcon_core.package_identification:_identify(src/bowling) by extension 'colcon_pkg'
[0.258s] Level 1:colcon.colcon_core.package_identification:_identify(src/bowling) by extensions ['colcon_meta']
[0.258s] Level 1:colcon.colcon_core.package_identification:_identify(src/bowling) by extension 'colcon_meta'
[0.258s] Level 1:colcon.colcon_core.package_identification:_identify(src/bowling) by extensions ['ros']
[0.258s] Level 1:colcon.colcon_core.package_identification:_identify(src/bowling) by extension 'ros'
[0.258s] DEBUG:colcon.colcon_core.package_identification:Package 'src/bowling' with type 'ros.ament_cmake' and name 'bowling'
[0.258s] Level 1:colcon.colcon_core.package_identification:_identify(src/build) by extensions ['ignore', 'ignore_ament_install']
[0.258s] Level 1:colcon.colcon_core.package_identification:_identify(src/build) by extension 'ignore'
[0.258s] Level 1:colcon.colcon_core.package_identification:_identify(src/build) ignored
[0.258s] Level 1:colcon.colcon_core.package_identification:_identify(src/cartpole) by extensions ['ignore', 'ignore_ament_install']
[0.258s] Level 1:colcon.colcon_core.package_identification:_identify(src/cartpole) by extension 'ignore'
[0.258s] Level 1:colcon.colcon_core.package_identification:_identify(src/cartpole) by extension 'ignore_ament_install'
[0.258s] Level 1:colcon.colcon_core.package_identification:_identify(src/cartpole) by extensions ['colcon_pkg']
[0.258s] Level 1:colcon.colcon_core.package_identification:_identify(src/cartpole) by extension 'colcon_pkg'
[0.258s] Level 1:colcon.colcon_core.package_identification:_identify(src/cartpole) by extensions ['colcon_meta']
[0.258s] Level 1:colcon.colcon_core.package_identification:_identify(src/cartpole) by extension 'colcon_meta'
[0.258s] Level 1:colcon.colcon_core.package_identification:_identify(src/cartpole) by extensions ['ros']
[0.259s] Level 1:colcon.colcon_core.package_identification:_identify(src/cartpole) by extension 'ros'
[0.259s] DEBUG:colcon.colcon_core.package_identification:Package 'src/cartpole' with type 'ros.ament_cmake' and name 'cartpole'
[0.259s] Level 1:colcon.colcon_core.package_identification:_identify(src/coin_rolling) by extensions ['ignore', 'ignore_ament_install']
[0.259s] Level 1:colcon.colcon_core.package_identification:_identify(src/coin_rolling) by extension 'ignore'
[0.259s] Level 1:colcon.colcon_core.package_identification:_identify(src/coin_rolling) by extension 'ignore_ament_install'
[0.259s] Level 1:colcon.colcon_core.package_identification:_identify(src/coin_rolling) by extensions ['colcon_pkg']
[0.259s] Level 1:colcon.colcon_core.package_identification:_identify(src/coin_rolling) by extension 'colcon_pkg'
[0.259s] Level 1:colcon.colcon_core.package_identification:_identify(src/coin_rolling) by extensions ['colcon_meta']
[0.259s] Level 1:colcon.colcon_core.package_identification:_identify(src/coin_rolling) by extension 'colcon_meta'
[0.259s] Level 1:colcon.colcon_core.package_identification:_identify(src/coin_rolling) by extensions ['ros']
[0.259s] Level 1:colcon.colcon_core.package_identification:_identify(src/coin_rolling) by extension 'ros'
[0.260s] DEBUG:colcon.colcon_core.package_identification:Package 'src/coin_rolling' with type 'ros.ament_cmake' and name 'coin_rolling'
[0.260s] Level 1:colcon.colcon_core.package_identification:_identify(src/coin_rolling_msg) by extensions ['ignore', 'ignore_ament_install']
[0.260s] Level 1:colcon.colcon_core.package_identification:_identify(src/coin_rolling_msg) by extension 'ignore'
[0.260s] Level 1:colcon.colcon_core.package_identification:_identify(src/coin_rolling_msg) by extension 'ignore_ament_install'
[0.260s] Level 1:colcon.colcon_core.package_identification:_identify(src/coin_rolling_msg) by extensions ['colcon_pkg']
[0.260s] Level 1:colcon.colcon_core.package_identification:_identify(src/coin_rolling_msg) by extension 'colcon_pkg'
[0.260s] Level 1:colcon.colcon_core.package_identification:_identify(src/coin_rolling_msg) by extensions ['colcon_meta']
[0.260s] Level 1:colcon.colcon_core.package_identification:_identify(src/coin_rolling_msg) by extension 'colcon_meta'
[0.260s] Level 1:colcon.colcon_core.package_identification:_identify(src/coin_rolling_msg) by extensions ['ros']
[0.260s] Level 1:colcon.colcon_core.package_identification:_identify(src/coin_rolling_msg) by extension 'ros'
[0.261s] DEBUG:colcon.colcon_core.package_identification:Package 'src/coin_rolling_msg' with type 'ros.ament_cmake' and name 'coin_rolling_msg'
[0.261s] Level 1:colcon.colcon_core.package_identification:_identify(src/controls) by extensions ['ignore', 'ignore_ament_install']
[0.261s] Level 1:colcon.colcon_core.package_identification:_identify(src/controls) by extension 'ignore'
[0.261s] Level 1:colcon.colcon_core.package_identification:_identify(src/controls) by extension 'ignore_ament_install'
[0.261s] Level 1:colcon.colcon_core.package_identification:_identify(src/controls) by extensions ['colcon_pkg']
[0.261s] Level 1:colcon.colcon_core.package_identification:_identify(src/controls) by extension 'colcon_pkg'
[0.261s] Level 1:colcon.colcon_core.package_identification:_identify(src/controls) by extensions ['colcon_meta']
[0.261s] Level 1:colcon.colcon_core.package_identification:_identify(src/controls) by extension 'colcon_meta'
[0.261s] Level 1:colcon.colcon_core.package_identification:_identify(src/controls) by extensions ['ros']
[0.261s] Level 1:colcon.colcon_core.package_identification:_identify(src/controls) by extension 'ros'
[0.261s] Level 1:colcon.colcon_core.package_identification:_identify(src/controls) by extensions ['cmake', 'python']
[0.261s] Level 1:colcon.colcon_core.package_identification:_identify(src/controls) by extension 'cmake'
[0.261s] Level 1:colcon.colcon_core.package_identification:_identify(src/controls) by extension 'python'
[0.261s] Level 1:colcon.colcon_core.package_identification:_identify(src/controls) by extensions ['python_setup_py']
[0.261s] Level 1:colcon.colcon_core.package_identification:_identify(src/controls) by extension 'python_setup_py'
[0.261s] Level 1:colcon.colcon_core.package_identification:_identify(src/crankshaft) by extensions ['ignore', 'ignore_ament_install']
[0.261s] Level 1:colcon.colcon_core.package_identification:_identify(src/crankshaft) by extension 'ignore'
[0.261s] Level 1:colcon.colcon_core.package_identification:_identify(src/crankshaft) by extension 'ignore_ament_install'
[0.261s] Level 1:colcon.colcon_core.package_identification:_identify(src/crankshaft) by extensions ['colcon_pkg']
[0.261s] Level 1:colcon.colcon_core.package_identification:_identify(src/crankshaft) by extension 'colcon_pkg'
[0.261s] Level 1:colcon.colcon_core.package_identification:_identify(src/crankshaft) by extensions ['colcon_meta']
[0.261s] Level 1:colcon.colcon_core.package_identification:_identify(src/crankshaft) by extension 'colcon_meta'
[0.261s] Level 1:colcon.colcon_core.package_identification:_identify(src/crankshaft) by extensions ['ros']
[0.261s] Level 1:colcon.colcon_core.package_identification:_identify(src/crankshaft) by extension 'ros'
[0.262s] DEBUG:colcon.colcon_core.package_identification:Package 'src/crankshaft' with type 'ros.ament_cmake' and name 'crankshaft'
[0.262s] Level 1:colcon.colcon_core.package_identification:_identify(src/four_bar_linkage) by extensions ['ignore', 'ignore_ament_install']
[0.262s] Level 1:colcon.colcon_core.package_identification:_identify(src/four_bar_linkage) by extension 'ignore'
[0.262s] Level 1:colcon.colcon_core.package_identification:_identify(src/four_bar_linkage) by extension 'ignore_ament_install'
[0.262s] Level 1:colcon.colcon_core.package_identification:_identify(src/four_bar_linkage) by extensions ['colcon_pkg']
[0.262s] Level 1:colcon.colcon_core.package_identification:_identify(src/four_bar_linkage) by extension 'colcon_pkg'
[0.262s] Level 1:colcon.colcon_core.package_identification:_identify(src/four_bar_linkage) by extensions ['colcon_meta']
[0.262s] Level 1:colcon.colcon_core.package_identification:_identify(src/four_bar_linkage) by extension 'colcon_meta'
[0.262s] Level 1:colcon.colcon_core.package_identification:_identify(src/four_bar_linkage) by extensions ['ros']
[0.262s] Level 1:colcon.colcon_core.package_identification:_identify(src/four_bar_linkage) by extension 'ros'
[0.262s] DEBUG:colcon.colcon_core.package_identification:Package 'src/four_bar_linkage' with type 'ros.ament_cmake' and name 'four_bar_linkage'
[0.262s] Level 1:colcon.colcon_core.package_identification:_identify(src/friction_test) by extensions ['ignore', 'ignore_ament_install']
[0.262s] Level 1:colcon.colcon_core.package_identification:_identify(src/friction_test) by extension 'ignore'
[0.263s] Level 1:colcon.colcon_core.package_identification:_identify(src/friction_test) by extension 'ignore_ament_install'
[0.263s] Level 1:colcon.colcon_core.package_identification:_identify(src/friction_test) by extensions ['colcon_pkg']
[0.263s] Level 1:colcon.colcon_core.package_identification:_identify(src/friction_test) by extension 'colcon_pkg'
[0.263s] Level 1:colcon.colcon_core.package_identification:_identify(src/friction_test) by extensions ['colcon_meta']
[0.263s] Level 1:colcon.colcon_core.package_identification:_identify(src/friction_test) by extension 'colcon_meta'
[0.263s] Level 1:colcon.colcon_core.package_identification:_identify(src/friction_test) by extensions ['ros']
[0.263s] Level 1:colcon.colcon_core.package_identification:_identify(src/friction_test) by extension 'ros'
[0.263s] DEBUG:colcon.colcon_core.package_identification:Package 'src/friction_test' with type 'ros.ament_cmake' and name 'friction_test'
[0.263s] Level 1:colcon.colcon_core.package_identification:_identify(src/gauss_summation) by extensions ['ignore', 'ignore_ament_install']
[0.263s] Level 1:colcon.colcon_core.package_identification:_identify(src/gauss_summation) by extension 'ignore'
[0.263s] Level 1:colcon.colcon_core.package_identification:_identify(src/gauss_summation) by extension 'ignore_ament_install'
[0.263s] Level 1:colcon.colcon_core.package_identification:_identify(src/gauss_summation) by extensions ['colcon_pkg']
[0.263s] Level 1:colcon.colcon_core.package_identification:_identify(src/gauss_summation) by extension 'colcon_pkg'
[0.263s] Level 1:colcon.colcon_core.package_identification:_identify(src/gauss_summation) by extensions ['colcon_meta']
[0.263s] Level 1:colcon.colcon_core.package_identification:_identify(src/gauss_summation) by extension 'colcon_meta'
[0.263s] Level 1:colcon.colcon_core.package_identification:_identify(src/gauss_summation) by extensions ['ros']
[0.263s] Level 1:colcon.colcon_core.package_identification:_identify(src/gauss_summation) by extension 'ros'
[0.264s] DEBUG:colcon.colcon_core.package_identification:Package 'src/gauss_summation' with type 'ros.ament_cmake' and name 'gauss_summation'
[0.264s] Level 1:colcon.colcon_core.package_identification:_identify(src/gazebo_ros2_control_demos) by extensions ['ignore', 'ignore_ament_install']
[0.264s] Level 1:colcon.colcon_core.package_identification:_identify(src/gazebo_ros2_control_demos) by extension 'ignore'
[0.264s] Level 1:colcon.colcon_core.package_identification:_identify(src/gazebo_ros2_control_demos) by extension 'ignore_ament_install'
[0.264s] Level 1:colcon.colcon_core.package_identification:_identify(src/gazebo_ros2_control_demos) by extensions ['colcon_pkg']
[0.264s] Level 1:colcon.colcon_core.package_identification:_identify(src/gazebo_ros2_control_demos) by extension 'colcon_pkg'
[0.264s] Level 1:colcon.colcon_core.package_identification:_identify(src/gazebo_ros2_control_demos) by extensions ['colcon_meta']
[0.264s] Level 1:colcon.colcon_core.package_identification:_identify(src/gazebo_ros2_control_demos) by extension 'colcon_meta'
[0.264s] Level 1:colcon.colcon_core.package_identification:_identify(src/gazebo_ros2_control_demos) by extensions ['ros']
[0.264s] Level 1:colcon.colcon_core.package_identification:_identify(src/gazebo_ros2_control_demos) by extension 'ros'
[0.264s] DEBUG:colcon.colcon_core.package_identification:Package 'src/gazebo_ros2_control_demos' with type 'ros.ament_cmake' and name 'gazebo_ros2_control_demos'
[0.265s] Level 1:colcon.colcon_core.package_identification:_identify(src/install) by extensions ['ignore', 'ignore_ament_install']
[0.265s] Level 1:colcon.colcon_core.package_identification:_identify(src/install) by extension 'ignore'
[0.265s] Level 1:colcon.colcon_core.package_identification:_identify(src/install) ignored
[0.265s] Level 1:colcon.colcon_core.package_identification:_identify(src/lidar_basic) by extensions ['ignore', 'ignore_ament_install']
[0.265s] Level 1:colcon.colcon_core.package_identification:_identify(src/lidar_basic) by extension 'ignore'
[0.265s] Level 1:colcon.colcon_core.package_identification:_identify(src/lidar_basic) by extension 'ignore_ament_install'
[0.265s] Level 1:colcon.colcon_core.package_identification:_identify(src/lidar_basic) by extensions ['colcon_pkg']
[0.265s] Level 1:colcon.colcon_core.package_identification:_identify(src/lidar_basic) by extension 'colcon_pkg'
[0.265s] Level 1:colcon.colcon_core.package_identification:_identify(src/lidar_basic) by extensions ['colcon_meta']
[0.265s] Level 1:colcon.colcon_core.package_identification:_identify(src/lidar_basic) by extension 'colcon_meta'
[0.265s] Level 1:colcon.colcon_core.package_identification:_identify(src/lidar_basic) by extensions ['ros']
[0.265s] Level 1:colcon.colcon_core.package_identification:_identify(src/lidar_basic) by extension 'ros'
[0.265s] DEBUG:colcon.colcon_core.package_identification:Package 'src/lidar_basic' with type 'ros.ament_cmake' and name 'lidar_basic'
[0.265s] Level 1:colcon.colcon_core.package_identification:_identify(src/log) by extensions ['ignore', 'ignore_ament_install']
[0.266s] Level 1:colcon.colcon_core.package_identification:_identify(src/log) by extension 'ignore'
[0.266s] Level 1:colcon.colcon_core.package_identification:_identify(src/log) ignored
[0.266s] Level 1:colcon.colcon_core.package_identification:_identify(src/my_package) by extensions ['ignore', 'ignore_ament_install']
[0.266s] Level 1:colcon.colcon_core.package_identification:_identify(src/my_package) by extension 'ignore'
[0.266s] Level 1:colcon.colcon_core.package_identification:_identify(src/my_package) by extension 'ignore_ament_install'
[0.266s] Level 1:colcon.colcon_core.package_identification:_identify(src/my_package) by extensions ['colcon_pkg']
[0.266s] Level 1:colcon.colcon_core.package_identification:_identify(src/my_package) by extension 'colcon_pkg'
[0.266s] Level 1:colcon.colcon_core.package_identification:_identify(src/my_package) by extensions ['colcon_meta']
[0.266s] Level 1:colcon.colcon_core.package_identification:_identify(src/my_package) by extension 'colcon_meta'
[0.266s] Level 1:colcon.colcon_core.package_identification:_identify(src/my_package) by extensions ['ros']
[0.266s] Level 1:colcon.colcon_core.package_identification:_identify(src/my_package) by extension 'ros'
[0.266s] DEBUG:colcon.colcon_core.package_identification:Package 'src/my_package' with type 'ros.ament_cmake' and name 'my_package'
[0.266s] Level 1:colcon.colcon_core.package_identification:_identify(src/pendulum_movement) by extensions ['ignore', 'ignore_ament_install']
[0.266s] Level 1:colcon.colcon_core.package_identification:_identify(src/pendulum_movement) by extension 'ignore'
[0.266s] Level 1:colcon.colcon_core.package_identification:_identify(src/pendulum_movement) by extension 'ignore_ament_install'
[0.266s] Level 1:colcon.colcon_core.package_identification:_identify(src/pendulum_movement) by extensions ['colcon_pkg']
[0.266s] Level 1:colcon.colcon_core.package_identification:_identify(src/pendulum_movement) by extension 'colcon_pkg'
[0.266s] Level 1:colcon.colcon_core.package_identification:_identify(src/pendulum_movement) by extensions ['colcon_meta']
[0.266s] Level 1:colcon.colcon_core.package_identification:_identify(src/pendulum_movement) by extension 'colcon_meta'
[0.266s] Level 1:colcon.colcon_core.package_identification:_identify(src/pendulum_movement) by extensions ['ros']
[0.266s] Level 1:colcon.colcon_core.package_identification:_identify(src/pendulum_movement) by extension 'ros'
[0.267s] DEBUG:colcon.colcon_core.package_identification:Package 'src/pendulum_movement' with type 'ros.ament_cmake' and name 'pendulum_movement'
[0.267s] Level 1:colcon.colcon_core.package_identification:_identify(src/tricycle) by extensions ['ignore', 'ignore_ament_install']
[0.267s] Level 1:colcon.colcon_core.package_identification:_identify(src/tricycle) by extension 'ignore'
[0.267s] Level 1:colcon.colcon_core.package_identification:_identify(src/tricycle) by extension 'ignore_ament_install'
[0.267s] Level 1:colcon.colcon_core.package_identification:_identify(src/tricycle) by extensions ['colcon_pkg']
[0.267s] Level 1:colcon.colcon_core.package_identification:_identify(src/tricycle) by extension 'colcon_pkg'
[0.267s] Level 1:colcon.colcon_core.package_identification:_identify(src/tricycle) by extensions ['colcon_meta']
[0.267s] Level 1:colcon.colcon_core.package_identification:_identify(src/tricycle) by extension 'colcon_meta'
[0.267s] Level 1:colcon.colcon_core.package_identification:_identify(src/tricycle) by extensions ['ros']
[0.267s] Level 1:colcon.colcon_core.package_identification:_identify(src/tricycle) by extension 'ros'
[0.267s] DEBUG:colcon.colcon_core.package_identification:Package 'src/tricycle' with type 'ros.ament_cmake' and name 'tricycle'
[0.267s] Level 1:colcon.colcon_core.package_identification:_identify(src/vibration) by extensions ['ignore', 'ignore_ament_install']
[0.267s] Level 1:colcon.colcon_core.package_identification:_identify(src/vibration) by extension 'ignore'
[0.267s] Level 1:colcon.colcon_core.package_identification:_identify(src/vibration) by extension 'ignore_ament_install'
[0.267s] Level 1:colcon.colcon_core.package_identification:_identify(src/vibration) by extensions ['colcon_pkg']
[0.267s] Level 1:colcon.colcon_core.package_identification:_identify(src/vibration) by extension 'colcon_pkg'
[0.267s] Level 1:colcon.colcon_core.package_identification:_identify(src/vibration) by extensions ['colcon_meta']
[0.267s] Level 1:colcon.colcon_core.package_identification:_identify(src/vibration) by extension 'colcon_meta'
[0.267s] Level 1:colcon.colcon_core.package_identification:_identify(src/vibration) by extensions ['ros']
[0.267s] Level 1:colcon.colcon_core.package_identification:_identify(src/vibration) by extension 'ros'
[0.268s] DEBUG:colcon.colcon_core.package_identification:Package 'src/vibration' with type 'ros.ament_cmake' and name 'vibration'
[0.268s] Level 1:colcon.colcon_core.package_discovery:discover_packages(recursive) using defaults
[0.268s] Level 1:colcon.colcon_core.package_discovery:discover_packages(ignore) discover
[0.268s] Level 1:colcon.colcon_core.package_discovery:discover_packages(ignore) using defaults
[0.268s] Level 1:colcon.colcon_core.package_discovery:discover_packages(path) discover
[0.268s] Level 1:colcon.colcon_core.package_discovery:discover_packages(path) using defaults
[0.290s] INFO:colcon.colcon_core.package_selection:Skipping not selected package 'ball_throwing' in 'src/ball_throwing'
[0.290s] INFO:colcon.colcon_core.package_selection:Skipping not selected package 'bowling' in 'src/bowling'
[0.290s] INFO:colcon.colcon_core.package_selection:Skipping not selected package 'cartpole' in 'src/cartpole'
[0.290s] INFO:colcon.colcon_core.package_selection:Skipping not selected package 'coin_rolling_msg' in 'src/coin_rolling_msg'
[0.290s] INFO:colcon.colcon_core.package_selection:Skipping not selected package 'crankshaft' in 'src/crankshaft'
[0.290s] INFO:colcon.colcon_core.package_selection:Skipping not selected package 'four_bar_linkage' in 'src/four_bar_linkage'
[0.290s] INFO:colcon.colcon_core.package_selection:Skipping not selected package 'friction_test' in 'src/friction_test'
[0.290s] INFO:colcon.colcon_core.package_selection:Skipping not selected package 'gauss_summation' in 'src/gauss_summation'
[0.290s] INFO:colcon.colcon_core.package_selection:Skipping not selected package 'gazebo_ros2_control_demos' in 'src/gazebo_ros2_control_demos'
[0.290s] INFO:colcon.colcon_core.package_selection:Skipping not selected package 'my_package' in 'src/my_package'
[0.290s] INFO:colcon.colcon_core.package_selection:Skipping not selected package 'pendulum_movement' in 'src/pendulum_movement'
[0.290s] INFO:colcon.colcon_core.package_selection:Skipping not selected package 'tricycle' in 'src/tricycle'
[0.290s] INFO:colcon.colcon_core.package_selection:Skipping not selected package 'vibration' in 'src/vibration'
[0.290s] INFO:colcon.colcon_core.package_selection:Skipping not selected package 'coin_rolling' in 'src/coin_rolling'
[0.290s] Level 1:colcon.colcon_core.package_discovery:discover_packages(prefix_path) check parameters
[0.290s] Level 1:colcon.colcon_core.package_discovery:discover_packages(prefix_path) discover
[0.291s] WARNING:colcon.colcon_ros.prefix_path.ament:The path '/home/dareum/ME454/ros2_ws/install/cartpole' in the environment variable AMENT_PREFIX_PATH doesn't exist
[0.291s] WARNING:colcon.colcon_ros.prefix_path.catkin:The path '/home/dareum/ME454/ros2_ws/install/cartpole' in the environment variable CMAKE_PREFIX_PATH doesn't exist
[0.292s] DEBUG:colcon.colcon_installed_package_information.package_discovery:Found 1 installed packages in /home/dareum/ME454/ros2_ws/install
[0.292s] DEBUG:colcon.colcon_installed_package_information.package_discovery:Found 346 installed packages in /opt/ros/humble
[0.293s] Level 1:colcon.colcon_core.package_discovery:discover_packages(prefix_path) using defaults
[0.326s] Level 5:colcon.colcon_core.verb:set package 'lidar_basic' build argument 'cmake_args' from command line to 'None'
[0.326s] Level 5:colcon.colcon_core.verb:set package 'lidar_basic' build argument 'cmake_target' from command line to 'None'
[0.326s] Level 5:colcon.colcon_core.verb:set package 'lidar_basic' build argument 'cmake_target_skip_unavailable' from command line to 'False'
[0.326s] Level 5:colcon.colcon_core.verb:set package 'lidar_basic' build argument 'cmake_clean_cache' from command line to 'False'
[0.326s] Level 5:colcon.colcon_core.verb:set package 'lidar_basic' build argument 'cmake_clean_first' from command line to 'False'
[0.326s] Level 5:colcon.colcon_core.verb:set package 'lidar_basic' build argument 'cmake_force_configure' from command line to 'False'
[0.326s] Level 5:colcon.colcon_core.verb:set package 'lidar_basic' build argument 'ament_cmake_args' from command line to 'None'
[0.326s] Level 5:colcon.colcon_core.verb:set package 'lidar_basic' build argument 'catkin_cmake_args' from command line to 'None'
[0.326s] Level 5:colcon.colcon_core.verb:set package 'lidar_basic' build argument 'catkin_skip_building_tests' from command line to 'False'
[0.326s] DEBUG:colcon.colcon_core.verb:Building package 'lidar_basic' with the following arguments: {'ament_cmake_args': None, 'build_base': '/home/dareum/ME454/ros2_ws/build/lidar_basic', 'catkin_cmake_args': None, 'catkin_skip_building_tests': False, 'cmake_args': None, 'cmake_clean_cache': False, 'cmake_clean_first': False, 'cmake_force_configure': False, 'cmake_target': None, 'cmake_target_skip_unavailable': False, 'install_base': '/home/dareum/ME454/ros2_ws/install/lidar_basic', 'merge_install': False, 'path': '/home/dareum/ME454/ros2_ws/src/lidar_basic', 'symlink_install': False, 'test_result_base': None}
[0.327s] INFO:colcon.colcon_core.executor:Executing jobs using 'parallel' executor
[0.328s] DEBUG:colcon.colcon_parallel_executor.executor.parallel:run_until_complete
[0.328s] INFO:colcon.colcon_ros.task.ament_cmake.build:Building ROS package in '/home/dareum/ME454/ros2_ws/src/lidar_basic' with build type 'ament_cmake'
[0.329s] INFO:colcon.colcon_cmake.task.cmake.build:Building CMake package in '/home/dareum/ME454/ros2_ws/src/lidar_basic'
[0.331s] INFO:colcon.colcon_core.plugin_system:Skipping extension 'colcon_core.shell.bat': Not used on non-Windows systems
[0.332s] INFO:colcon.colcon_core.shell:Skip shell extension 'powershell' for command environment: Not usable outside of PowerShell
[0.332s] DEBUG:colcon.colcon_core.shell:Skip shell extension 'dsv' for command environment
[0.345s] DEBUG:colcon.colcon_core.event_handler.log_command:Invoking command in '/home/dareum/ME454/ros2_ws/build/lidar_basic': CMAKE_PREFIX_PATH=${CMAKE_PREFIX_PATH}:/opt/ros/humble /usr/bin/cmake --build /home/dareum/ME454/ros2_ws/build/lidar_basic -- -j16 -l16
[14.268s] DEBUG:colcon.colcon_core.event_handler.log_command:Invoked command in '/home/dareum/ME454/ros2_ws/build/lidar_basic' returned '0': CMAKE_PREFIX_PATH=${CMAKE_PREFIX_PATH}:/opt/ros/humble /usr/bin/cmake --build /home/dareum/ME454/ros2_ws/build/lidar_basic -- -j16 -l16
[14.314s] DEBUG:colcon.colcon_core.event_handler.log_command:Invoking command in '/home/dareum/ME454/ros2_ws/build/lidar_basic': CMAKE_PREFIX_PATH=${CMAKE_PREFIX_PATH}:/opt/ros/humble /usr/bin/cmake --install /home/dareum/ME454/ros2_ws/build/lidar_basic
[14.331s] Level 1:colcon.colcon_core.environment:create_environment_scripts_only(lidar_basic)
[14.332s] DEBUG:colcon.colcon_core.event_handler.log_command:Invoked command in '/home/dareum/ME454/ros2_ws/build/lidar_basic' returned '0': CMAKE_PREFIX_PATH=${CMAKE_PREFIX_PATH}:/opt/ros/humble /usr/bin/cmake --install /home/dareum/ME454/ros2_ws/build/lidar_basic
[14.334s] Level 1:colcon.colcon_core.environment:checking '/home/dareum/ME454/ros2_ws/install/lidar_basic' for CMake module files
[14.334s] Level 1:colcon.colcon_core.environment:checking '/home/dareum/ME454/ros2_ws/install/lidar_basic' for CMake config files
[14.334s] Level 1:colcon.colcon_core.shell:create_environment_hook('lidar_basic', 'cmake_prefix_path')
[14.335s] INFO:colcon.colcon_core.shell:Creating environment hook '/home/dareum/ME454/ros2_ws/install/lidar_basic/share/lidar_basic/hook/cmake_prefix_path.ps1'
[14.335s] INFO:colcon.colcon_core.shell:Creating environment descriptor '/home/dareum/ME454/ros2_ws/install/lidar_basic/share/lidar_basic/hook/cmake_prefix_path.dsv'
[14.336s] INFO:colcon.colcon_core.shell:Creating environment hook '/home/dareum/ME454/ros2_ws/install/lidar_basic/share/lidar_basic/hook/cmake_prefix_path.sh'
[14.336s] Level 1:colcon.colcon_core.environment:checking '/home/dareum/ME454/ros2_ws/install/lidar_basic/lib'
[14.336s] Level 1:colcon.colcon_core.environment:checking '/home/dareum/ME454/ros2_ws/install/lidar_basic/bin'
[14.337s] Level 1:colcon.colcon_core.environment:checking '/home/dareum/ME454/ros2_ws/install/lidar_basic/lib/pkgconfig/lidar_basic.pc'
[14.337s] Level 1:colcon.colcon_core.environment:checking '/home/dareum/ME454/ros2_ws/install/lidar_basic/lib/python3.10/site-packages'
[14.337s] Level 1:colcon.colcon_core.environment:checking '/home/dareum/ME454/ros2_ws/install/lidar_basic/bin'
[14.337s] INFO:colcon.colcon_core.shell:Creating package script '/home/dareum/ME454/ros2_ws/install/lidar_basic/share/lidar_basic/package.ps1'
[14.338s] INFO:colcon.colcon_core.shell:Creating package descriptor '/home/dareum/ME454/ros2_ws/install/lidar_basic/share/lidar_basic/package.dsv'
[14.338s] INFO:colcon.colcon_core.shell:Creating package script '/home/dareum/ME454/ros2_ws/install/lidar_basic/share/lidar_basic/package.sh'
[14.338s] INFO:colcon.colcon_core.shell:Creating package script '/home/dareum/ME454/ros2_ws/install/lidar_basic/share/lidar_basic/package.bash'
[14.339s] INFO:colcon.colcon_core.shell:Creating package script '/home/dareum/ME454/ros2_ws/install/lidar_basic/share/lidar_basic/package.zsh'
[14.339s] Level 1:colcon.colcon_core.environment:create_file_with_runtime_dependencies(/home/dareum/ME454/ros2_ws/install/lidar_basic/share/colcon-core/packages/lidar_basic)
[14.372s] Level 1:colcon.colcon_core.environment:create_environment_scripts_only(lidar_basic)
[14.372s] Level 1:colcon.colcon_core.environment:checking '/home/dareum/ME454/ros2_ws/install/lidar_basic' for CMake module files
[14.373s] Level 1:colcon.colcon_core.environment:checking '/home/dareum/ME454/ros2_ws/install/lidar_basic' for CMake config files
[14.373s] Level 1:colcon.colcon_core.shell:create_environment_hook('lidar_basic', 'cmake_prefix_path')
[14.373s] INFO:colcon.colcon_core.shell:Creating environment hook '/home/dareum/ME454/ros2_ws/install/lidar_basic/share/lidar_basic/hook/cmake_prefix_path.ps1'
[14.374s] INFO:colcon.colcon_core.shell:Creating environment descriptor '/home/dareum/ME454/ros2_ws/install/lidar_basic/share/lidar_basic/hook/cmake_prefix_path.dsv'
[14.374s] INFO:colcon.colcon_core.shell:Creating environment hook '/home/dareum/ME454/ros2_ws/install/lidar_basic/share/lidar_basic/hook/cmake_prefix_path.sh'
[14.374s] Level 1:colcon.colcon_core.environment:checking '/home/dareum/ME454/ros2_ws/install/lidar_basic/lib'
[14.374s] Level 1:colcon.colcon_core.environment:checking '/home/dareum/ME454/ros2_ws/install/lidar_basic/bin'
[14.374s] Level 1:colcon.colcon_core.environment:checking '/home/dareum/ME454/ros2_ws/install/lidar_basic/lib/pkgconfig/lidar_basic.pc'
[14.374s] Level 1:colcon.colcon_core.environment:checking '/home/dareum/ME454/ros2_ws/install/lidar_basic/lib/python3.10/site-packages'
[14.375s] Level 1:colcon.colcon_core.environment:checking '/home/dareum/ME454/ros2_ws/install/lidar_basic/bin'
[14.375s] INFO:colcon.colcon_core.shell:Creating package script '/home/dareum/ME454/ros2_ws/install/lidar_basic/share/lidar_basic/package.ps1'
[14.375s] INFO:colcon.colcon_core.shell:Creating package descriptor '/home/dareum/ME454/ros2_ws/install/lidar_basic/share/lidar_basic/package.dsv'
[14.375s] INFO:colcon.colcon_core.shell:Creating package script '/home/dareum/ME454/ros2_ws/install/lidar_basic/share/lidar_basic/package.sh'
[14.375s] INFO:colcon.colcon_core.shell:Creating package script '/home/dareum/ME454/ros2_ws/install/lidar_basic/share/lidar_basic/package.bash'
[14.376s] INFO:colcon.colcon_core.shell:Creating package script '/home/dareum/ME454/ros2_ws/install/lidar_basic/share/lidar_basic/package.zsh'
[14.376s] Level 1:colcon.colcon_core.environment:create_file_with_runtime_dependencies(/home/dareum/ME454/ros2_ws/install/lidar_basic/share/colcon-core/packages/lidar_basic)
[14.376s] DEBUG:colcon.colcon_parallel_executor.executor.parallel:closing loop
[14.377s] DEBUG:colcon.colcon_parallel_executor.executor.parallel:loop closed
[14.377s] DEBUG:colcon.colcon_parallel_executor.executor.parallel:run_until_complete finished with '0'
[14.377s] DEBUG:colcon.colcon_core.event_reactor:joining thread
[14.432s] INFO:colcon.colcon_core.plugin_system:Skipping extension 'colcon_notification.desktop_notification.notify_send': Could not find 'notify-send'
[14.432s] INFO:colcon.colcon_core.plugin_system:Skipping extension 'colcon_notification.desktop_notification.terminal_notifier': Not used on non-Darwin systems
[14.432s] INFO:colcon.colcon_core.plugin_system:Skipping extension 'colcon_notification.desktop_notification.win32': Not used on non-Windows systems
[14.432s] INFO:colcon.colcon_notification.desktop_notification:Sending desktop notification using 'notify2'
[14.440s] DEBUG:colcon.colcon_notification.desktop_notification.notify2:Failed to initialize notify2: org.freedesktop.DBus.Error.ServiceUnknown: The name org.freedesktop.Notifications was not provided by any .service files
[14.440s] DEBUG:colcon.colcon_core.event_reactor:joined thread
[14.441s] INFO:colcon.colcon_core.shell:Creating prefix script '/home/dareum/ME454/ros2_ws/install/local_setup.ps1'
[14.443s] INFO:colcon.colcon_core.shell:Creating prefix util module '/home/dareum/ME454/ros2_ws/install/_local_setup_util_ps1.py'
[14.444s] INFO:colcon.colcon_core.shell:Creating prefix chain script '/home/dareum/ME454/ros2_ws/install/setup.ps1'
[14.446s] INFO:colcon.colcon_core.shell:Creating prefix script '/home/dareum/ME454/ros2_ws/install/local_setup.sh'
[14.447s] INFO:colcon.colcon_core.shell:Creating prefix util module '/home/dareum/ME454/ros2_ws/install/_local_setup_util_sh.py'
[14.447s] INFO:colcon.colcon_core.shell:Creating prefix chain script '/home/dareum/ME454/ros2_ws/install/setup.sh'
[14.449s] INFO:colcon.colcon_core.shell:Creating prefix script '/home/dareum/ME454/ros2_ws/install/local_setup.bash'
[14.449s] INFO:colcon.colcon_core.shell:Creating prefix chain script '/home/dareum/ME454/ros2_ws/install/setup.bash'
[14.450s] INFO:colcon.colcon_core.shell:Creating prefix script '/home/dareum/ME454/ros2_ws/install/local_setup.zsh'
[14.450s] INFO:colcon.colcon_core.shell:Creating prefix chain script '/home/dareum/ME454/ros2_ws/install/setup.zsh'
