[0.166s] Invoking command in '/home/dareum/ME454/ros2_ws/build/gazebo_ros2_control_demos': CMAKE_PREFIX_PATH=/opt/ros/humble CONDA_PROMPT_MODIFIER=(base) /usr/bin/cmake /home/dareum/ME454/ros2_ws/src/gazebo_ros2_control_demos -DCMAKE_INSTALL_PREFIX=/home/dareum/ME454/ros2_ws/install/gazebo_ros2_control_demos
[0.374s] -- Found ament_cmake: 1.3.8 (/opt/ros/humble/share/ament_cmake/cmake)
[0.725s] -- Found control_msgs: 4.4.0 (/opt/ros/humble/share/control_msgs/cmake)
[0.923s] -- Found rosidl_generator_c: 3.1.5 (/opt/ros/humble/share/rosidl_generator_c/cmake)
[0.926s] -- Found rosidl_adapter: 3.1.5 (/opt/ros/humble/share/rosidl_adapter/cmake)
[0.931s] -- Found rosidl_generator_cpp: 3.1.5 (/opt/ros/humble/share/rosidl_generator_cpp/cmake)
[0.941s] -- Using all available rosidl_typesupport_c: rosidl_typesupport_fastrtps_c;rosidl_typesupport_introspection_c
[0.953s] -- Using all available rosidl_typesupport_cpp: rosidl_typesupport_fastrtps_cpp;rosidl_typesupport_introspection_cpp
[1.455s] -- Found rclcpp: 16.0.8 (/opt/ros/humble/share/rclcpp/cmake)
[1.513s] -- Found rmw_implementation_cmake: 6.1.1 (/opt/ros/humble/share/rmw_implementation_cmake/cmake)
[1.514s] -- Found rmw_fastrtps_cpp: 6.2.6 (/opt/ros/humble/share/rmw_fastrtps_cpp/cmake)
[7.611s] -- Using RMW implementation 'rmw_fastrtps_cpp' as default
[7.724s] -- Found rclcpp_action: 16.0.8 (/opt/ros/humble/share/rclcpp_action/cmake)
[7.757s] -- Found ament_cmake_gtest: 1.3.8 (/opt/ros/humble/share/ament_cmake_gtest/cmake)
[7.757s] -- Found ament_lint_auto: 0.12.10 (/opt/ros/humble/share/ament_lint_auto/cmake)
[7.789s] Traceback (most recent call last):
[7.789s]   File "/opt/ros/humble/share/ament_cmake_core/cmake/core/package_xml_2_cmake.py", line 22, in <module>
[7.789s]     from catkin_pkg.package import parse_package_string
[7.789s] ModuleNotFoundError: No module named 'catkin_pkg'
[7.793s] [31mCMake Error at /opt/ros/humble/share/ament_cmake_core/cmake/core/ament_package_xml.cmake:95 (message):
[7.794s]   execute_process(/home/dareum/anaconda3/envs/mujoco_py/bin/python3
[7.794s]   /opt/ros/humble/share/ament_cmake_core/cmake/core/package_xml_2_cmake.py
[7.794s]   /home/dareum/ME454/ros2_ws/src/gazebo_ros2_control_demos/package.xml
[7.794s]   /home/dareum/ME454/ros2_ws/build/gazebo_ros2_control_demos/ament_cmake_core/package.cmake)
[7.794s]   returned error code 1
[7.794s] Call Stack (most recent call first):
[7.794s]   /opt/ros/humble/share/ament_cmake_core/cmake/core/ament_package_xml.cmake:49 (_ament_package_xml)
[7.794s]   /opt/ros/humble/share/ament_lint_auto/cmake/ament_lint_auto_find_test_dependencies.cmake:31 (ament_package_xml)
[7.794s]   CMakeLists.txt:79 (ament_lint_auto_find_test_dependencies)
[7.795s] 
[7.795s] [0m
[7.795s] -- Configuring incomplete, errors occurred!
[7.795s] See also "/home/dareum/ME454/ros2_ws/build/gazebo_ros2_control_demos/CMakeFiles/CMakeOutput.log".
[7.795s] See also "/home/dareum/ME454/ros2_ws/build/gazebo_ros2_control_demos/CMakeFiles/CMakeError.log".
