[1.134s] DEBUG:colcon:Command line arguments: ['/usr/bin/colcon', 'build', '--symlink-install']
[1.134s] DEBUG:colcon:Parsed command line arguments: Namespace(log_base=None, log_level=None, verb_name='build', build_base='build', install_base='install', merge_install=False, symlink_install=True, test_result_base=None, continue_on_error=False, executor='parallel', parallel_workers=16, event_handlers=None, ignore_user_meta=False, metas=['./colcon.meta'], base_paths=['.'], packages_ignore=None, packages_ignore_regex=None, paths=None, packages_up_to=None, packages_up_to_regex=None, packages_above=None, packages_above_and_dependencies=None, packages_above_depth=None, packages_select_by_dep=None, packages_skip_by_dep=None, packages_skip_up_to=None, packages_select_build_failed=False, packages_skip_build_finished=False, packages_select_test_failures=False, packages_skip_test_passed=False, packages_select=None, packages_skip=None, packages_select_regex=None, packages_skip_regex=None, packages_start=None, packages_end=None, allow_overriding=[], cmake_args=None, cmake_target=None, cmake_target_skip_unavailable=False, cmake_clean_cache=False, cmake_clean_first=False, cmake_force_configure=False, ament_cmake_args=None, catkin_cmake_args=None, catkin_skip_building_tests=False, verb_parser=<colcon_defaults.argument_parser.defaults.DefaultArgumentsDecorator object at 0x7f094b8ae1a0>, verb_extension=<colcon_core.verb.build.BuildVerb object at 0x7f094b82eaa0>, main=<bound method BuildVerb.main of <colcon_core.verb.build.BuildVerb object at 0x7f094b82eaa0>>)
[1.214s] Level 1:colcon.colcon_core.package_discovery:discover_packages(colcon_meta) check parameters
[1.214s] Level 1:colcon.colcon_core.package_discovery:discover_packages(recursive) check parameters
[1.214s] Level 1:colcon.colcon_core.package_discovery:discover_packages(ignore) check parameters
[1.214s] Level 1:colcon.colcon_core.package_discovery:discover_packages(path) check parameters
[1.214s] Level 1:colcon.colcon_core.package_discovery:discover_packages(colcon_meta) discover
[1.214s] Level 1:colcon.colcon_core.package_discovery:discover_packages(recursive) discover
[1.214s] INFO:colcon.colcon_core.package_discovery:Crawling recursively for packages in '/home/dareum/ME454'
[1.214s] Level 1:colcon.colcon_core.package_identification:_identify(.) by extensions ['ignore', 'ignore_ament_install']
[1.214s] Level 1:colcon.colcon_core.package_identification:_identify(.) by extension 'ignore'
[1.214s] Level 1:colcon.colcon_core.package_identification:_identify(.) by extension 'ignore_ament_install'
[1.214s] Level 1:colcon.colcon_core.package_identification:_identify(.) by extensions ['colcon_pkg']
[1.214s] Level 1:colcon.colcon_core.package_identification:_identify(.) by extension 'colcon_pkg'
[1.214s] Level 1:colcon.colcon_core.package_identification:_identify(.) by extensions ['colcon_meta']
[1.214s] Level 1:colcon.colcon_core.package_identification:_identify(.) by extension 'colcon_meta'
[1.214s] Level 1:colcon.colcon_core.package_identification:_identify(.) by extensions ['ros']
[1.214s] Level 1:colcon.colcon_core.package_identification:_identify(.) by extension 'ros'
[1.231s] Level 1:colcon.colcon_core.package_identification:_identify(.) by extensions ['cmake', 'python']
[1.231s] Level 1:colcon.colcon_core.package_identification:_identify(.) by extension 'cmake'
[1.231s] Level 1:colcon.colcon_core.package_identification:_identify(.) by extension 'python'
[1.231s] Level 1:colcon.colcon_core.package_identification:_identify(.) by extensions ['python_setup_py']
[1.231s] Level 1:colcon.colcon_core.package_identification:_identify(.) by extension 'python_setup_py'
[1.232s] Level 1:colcon.colcon_core.package_identification:_identify(build) by extensions ['ignore', 'ignore_ament_install']
[1.232s] Level 1:colcon.colcon_core.package_identification:_identify(build) by extension 'ignore'
[1.232s] Level 1:colcon.colcon_core.package_identification:_identify(build) ignored
[1.232s] Level 1:colcon.colcon_core.package_identification:_identify(cpp_ws) by extensions ['ignore', 'ignore_ament_install']
[1.232s] Level 1:colcon.colcon_core.package_identification:_identify(cpp_ws) by extension 'ignore'
[1.232s] Level 1:colcon.colcon_core.package_identification:_identify(cpp_ws) by extension 'ignore_ament_install'
[1.232s] Level 1:colcon.colcon_core.package_identification:_identify(cpp_ws) by extensions ['colcon_pkg']
[1.232s] Level 1:colcon.colcon_core.package_identification:_identify(cpp_ws) by extension 'colcon_pkg'
[1.232s] Level 1:colcon.colcon_core.package_identification:_identify(cpp_ws) by extensions ['colcon_meta']
[1.232s] Level 1:colcon.colcon_core.package_identification:_identify(cpp_ws) by extension 'colcon_meta'
[1.232s] Level 1:colcon.colcon_core.package_identification:_identify(cpp_ws) by extensions ['ros']
[1.232s] Level 1:colcon.colcon_core.package_identification:_identify(cpp_ws) by extension 'ros'
[1.232s] Level 1:colcon.colcon_core.package_identification:_identify(cpp_ws) by extensions ['cmake', 'python']
[1.232s] Level 1:colcon.colcon_core.package_identification:_identify(cpp_ws) by extension 'cmake'
[1.232s] Level 1:colcon.colcon_core.package_identification:_identify(cpp_ws) by extension 'python'
[1.232s] Level 1:colcon.colcon_core.package_identification:_identify(cpp_ws) by extensions ['python_setup_py']
[1.232s] Level 1:colcon.colcon_core.package_identification:_identify(cpp_ws) by extension 'python_setup_py'
[1.232s] Level 1:colcon.colcon_core.package_identification:_identify(cpp_ws/cpp_practice1) by extensions ['ignore', 'ignore_ament_install']
[1.232s] Level 1:colcon.colcon_core.package_identification:_identify(cpp_ws/cpp_practice1) by extension 'ignore'
[1.232s] Level 1:colcon.colcon_core.package_identification:_identify(cpp_ws/cpp_practice1) by extension 'ignore_ament_install'
[1.232s] Level 1:colcon.colcon_core.package_identification:_identify(cpp_ws/cpp_practice1) by extensions ['colcon_pkg']
[1.232s] Level 1:colcon.colcon_core.package_identification:_identify(cpp_ws/cpp_practice1) by extension 'colcon_pkg'
[1.232s] Level 1:colcon.colcon_core.package_identification:_identify(cpp_ws/cpp_practice1) by extensions ['colcon_meta']
[1.232s] Level 1:colcon.colcon_core.package_identification:_identify(cpp_ws/cpp_practice1) by extension 'colcon_meta'
[1.232s] Level 1:colcon.colcon_core.package_identification:_identify(cpp_ws/cpp_practice1) by extensions ['ros']
[1.232s] Level 1:colcon.colcon_core.package_identification:_identify(cpp_ws/cpp_practice1) by extension 'ros'
[1.232s] Level 1:colcon.colcon_core.package_identification:_identify(cpp_ws/cpp_practice1) by extensions ['cmake', 'python']
[1.232s] Level 1:colcon.colcon_core.package_identification:_identify(cpp_ws/cpp_practice1) by extension 'cmake'
[1.240s] Level 1:colcon.colcon_core.package_identification:_identify(cpp_ws/cpp_practice1) by extension 'python'
[1.240s] DEBUG:colcon.colcon_core.package_identification:Package 'cpp_ws/cpp_practice1' with type 'cmake' and name 'list4arr'
[1.240s] Level 1:colcon.colcon_core.package_identification:_identify(cpp_ws/cpp_practice2) by extensions ['ignore', 'ignore_ament_install']
[1.240s] Level 1:colcon.colcon_core.package_identification:_identify(cpp_ws/cpp_practice2) by extension 'ignore'
[1.240s] Level 1:colcon.colcon_core.package_identification:_identify(cpp_ws/cpp_practice2) by extension 'ignore_ament_install'
[1.240s] Level 1:colcon.colcon_core.package_identification:_identify(cpp_ws/cpp_practice2) by extensions ['colcon_pkg']
[1.240s] Level 1:colcon.colcon_core.package_identification:_identify(cpp_ws/cpp_practice2) by extension 'colcon_pkg'
[1.240s] Level 1:colcon.colcon_core.package_identification:_identify(cpp_ws/cpp_practice2) by extensions ['colcon_meta']
[1.240s] Level 1:colcon.colcon_core.package_identification:_identify(cpp_ws/cpp_practice2) by extension 'colcon_meta'
[1.240s] Level 1:colcon.colcon_core.package_identification:_identify(cpp_ws/cpp_practice2) by extensions ['ros']
[1.240s] Level 1:colcon.colcon_core.package_identification:_identify(cpp_ws/cpp_practice2) by extension 'ros'
[1.241s] Level 1:colcon.colcon_core.package_identification:_identify(cpp_ws/cpp_practice2) by extensions ['cmake', 'python']
[1.241s] Level 1:colcon.colcon_core.package_identification:_identify(cpp_ws/cpp_practice2) by extension 'cmake'
[1.241s] Level 1:colcon.colcon_core.package_identification:_identify(cpp_ws/cpp_practice2) by extension 'python'
[1.241s] DEBUG:colcon.colcon_core.package_identification:Package 'cpp_ws/cpp_practice2' with type 'cmake' and name 'list4ptr'
[1.241s] Level 1:colcon.colcon_core.package_identification:_identify(install) by extensions ['ignore', 'ignore_ament_install']
[1.241s] Level 1:colcon.colcon_core.package_identification:_identify(install) by extension 'ignore'
[1.241s] Level 1:colcon.colcon_core.package_identification:_identify(install) ignored
[1.241s] Level 1:colcon.colcon_core.package_identification:_identify(log) by extensions ['ignore', 'ignore_ament_install']
[1.241s] Level 1:colcon.colcon_core.package_identification:_identify(log) by extension 'ignore'
[1.242s] Level 1:colcon.colcon_core.package_identification:_identify(log) ignored
[1.242s] Level 1:colcon.colcon_core.package_identification:_identify(matplotplusplus) by extensions ['ignore', 'ignore_ament_install']
[1.242s] Level 1:colcon.colcon_core.package_identification:_identify(matplotplusplus) by extension 'ignore'
[1.242s] Level 1:colcon.colcon_core.package_identification:_identify(matplotplusplus) by extension 'ignore_ament_install'
[1.242s] Level 1:colcon.colcon_core.package_identification:_identify(matplotplusplus) by extensions ['colcon_pkg']
[1.242s] Level 1:colcon.colcon_core.package_identification:_identify(matplotplusplus) by extension 'colcon_pkg'
[1.242s] Level 1:colcon.colcon_core.package_identification:_identify(matplotplusplus) by extensions ['colcon_meta']
[1.242s] Level 1:colcon.colcon_core.package_identification:_identify(matplotplusplus) by extension 'colcon_meta'
[1.242s] Level 1:colcon.colcon_core.package_identification:_identify(matplotplusplus) by extensions ['ros']
[1.242s] Level 1:colcon.colcon_core.package_identification:_identify(matplotplusplus) by extension 'ros'
[1.242s] Level 1:colcon.colcon_core.package_identification:_identify(matplotplusplus) by extensions ['cmake', 'python']
[1.242s] Level 1:colcon.colcon_core.package_identification:_identify(matplotplusplus) by extension 'cmake'
[1.784s] Level 1:colcon.colcon_core.package_identification:_identify(matplotplusplus) by extension 'python'
[1.785s] DEBUG:colcon.colcon_core.package_identification:Package 'matplotplusplus' with type 'cmake' and name 'matplotplusplus'
[1.785s] Level 1:colcon.colcon_core.package_identification:_identify(repos) by extensions ['ignore', 'ignore_ament_install']
[1.785s] Level 1:colcon.colcon_core.package_identification:_identify(repos) by extension 'ignore'
[1.785s] Level 1:colcon.colcon_core.package_identification:_identify(repos) by extension 'ignore_ament_install'
[1.785s] Level 1:colcon.colcon_core.package_identification:_identify(repos) by extensions ['colcon_pkg']
[1.785s] Level 1:colcon.colcon_core.package_identification:_identify(repos) by extension 'colcon_pkg'
[1.785s] Level 1:colcon.colcon_core.package_identification:_identify(repos) by extensions ['colcon_meta']
[1.785s] Level 1:colcon.colcon_core.package_identification:_identify(repos) by extension 'colcon_meta'
[1.785s] Level 1:colcon.colcon_core.package_identification:_identify(repos) by extensions ['ros']
[1.785s] Level 1:colcon.colcon_core.package_identification:_identify(repos) by extension 'ros'
[1.785s] Level 1:colcon.colcon_core.package_identification:_identify(repos) by extensions ['cmake', 'python']
[1.785s] Level 1:colcon.colcon_core.package_identification:_identify(repos) by extension 'cmake'
[1.785s] Level 1:colcon.colcon_core.package_identification:_identify(repos) by extension 'python'
[1.785s] Level 1:colcon.colcon_core.package_identification:_identify(repos) by extensions ['python_setup_py']
[1.785s] Level 1:colcon.colcon_core.package_identification:_identify(repos) by extension 'python_setup_py'
[1.785s] Level 1:colcon.colcon_core.package_identification:_identify(repos/ME454_2024) by extensions ['ignore', 'ignore_ament_install']
[1.785s] Level 1:colcon.colcon_core.package_identification:_identify(repos/ME454_2024) by extension 'ignore'
[1.785s] Level 1:colcon.colcon_core.package_identification:_identify(repos/ME454_2024) by extension 'ignore_ament_install'
[1.785s] Level 1:colcon.colcon_core.package_identification:_identify(repos/ME454_2024) by extensions ['colcon_pkg']
[1.785s] Level 1:colcon.colcon_core.package_identification:_identify(repos/ME454_2024) by extension 'colcon_pkg'
[1.785s] Level 1:colcon.colcon_core.package_identification:_identify(repos/ME454_2024) by extensions ['colcon_meta']
[1.785s] Level 1:colcon.colcon_core.package_identification:_identify(repos/ME454_2024) by extension 'colcon_meta'
[1.785s] Level 1:colcon.colcon_core.package_identification:_identify(repos/ME454_2024) by extensions ['ros']
[1.785s] Level 1:colcon.colcon_core.package_identification:_identify(repos/ME454_2024) by extension 'ros'
[1.785s] Level 1:colcon.colcon_core.package_identification:_identify(repos/ME454_2024) by extensions ['cmake', 'python']
[1.785s] Level 1:colcon.colcon_core.package_identification:_identify(repos/ME454_2024) by extension 'cmake'
[1.785s] Level 1:colcon.colcon_core.package_identification:_identify(repos/ME454_2024) by extension 'python'
[1.785s] Level 1:colcon.colcon_core.package_identification:_identify(repos/ME454_2024) by extensions ['python_setup_py']
[1.785s] Level 1:colcon.colcon_core.package_identification:_identify(repos/ME454_2024) by extension 'python_setup_py'
[1.785s] Level 1:colcon.colcon_core.package_identification:_identify(repos/ME454_2024/ball_throwing) by extensions ['ignore', 'ignore_ament_install']
[1.785s] Level 1:colcon.colcon_core.package_identification:_identify(repos/ME454_2024/ball_throwing) by extension 'ignore'
[1.785s] Level 1:colcon.colcon_core.package_identification:_identify(repos/ME454_2024/ball_throwing) by extension 'ignore_ament_install'
[1.785s] Level 1:colcon.colcon_core.package_identification:_identify(repos/ME454_2024/ball_throwing) by extensions ['colcon_pkg']
[1.786s] Level 1:colcon.colcon_core.package_identification:_identify(repos/ME454_2024/ball_throwing) by extension 'colcon_pkg'
[1.786s] Level 1:colcon.colcon_core.package_identification:_identify(repos/ME454_2024/ball_throwing) by extensions ['colcon_meta']
[1.786s] Level 1:colcon.colcon_core.package_identification:_identify(repos/ME454_2024/ball_throwing) by extension 'colcon_meta'
[1.786s] Level 1:colcon.colcon_core.package_identification:_identify(repos/ME454_2024/ball_throwing) by extensions ['ros']
[1.786s] Level 1:colcon.colcon_core.package_identification:_identify(repos/ME454_2024/ball_throwing) by extension 'ros'
[1.792s] DEBUG:colcon.colcon_core.package_identification:Package 'repos/ME454_2024/ball_throwing' with type 'ros.ament_cmake' and name 'ball_throwing'
[1.792s] Level 1:colcon.colcon_core.package_identification:_identify(repos/ME454_2024/cpp_practice1) by extensions ['ignore', 'ignore_ament_install']
[1.793s] Level 1:colcon.colcon_core.package_identification:_identify(repos/ME454_2024/cpp_practice1) by extension 'ignore'
[1.793s] Level 1:colcon.colcon_core.package_identification:_identify(repos/ME454_2024/cpp_practice1) by extension 'ignore_ament_install'
[1.793s] Level 1:colcon.colcon_core.package_identification:_identify(repos/ME454_2024/cpp_practice1) by extensions ['colcon_pkg']
[1.793s] Level 1:colcon.colcon_core.package_identification:_identify(repos/ME454_2024/cpp_practice1) by extension 'colcon_pkg'
[1.793s] Level 1:colcon.colcon_core.package_identification:_identify(repos/ME454_2024/cpp_practice1) by extensions ['colcon_meta']
[1.793s] Level 1:colcon.colcon_core.package_identification:_identify(repos/ME454_2024/cpp_practice1) by extension 'colcon_meta'
[1.793s] Level 1:colcon.colcon_core.package_identification:_identify(repos/ME454_2024/cpp_practice1) by extensions ['ros']
[1.793s] Level 1:colcon.colcon_core.package_identification:_identify(repos/ME454_2024/cpp_practice1) by extension 'ros'
[1.793s] Level 1:colcon.colcon_core.package_identification:_identify(repos/ME454_2024/cpp_practice1) by extensions ['cmake', 'python']
[1.793s] Level 1:colcon.colcon_core.package_identification:_identify(repos/ME454_2024/cpp_practice1) by extension 'cmake'
[1.794s] Level 1:colcon.colcon_core.package_identification:_identify(repos/ME454_2024/cpp_practice1) by extension 'python'
[1.794s] DEBUG:colcon.colcon_core.package_identification:Package 'repos/ME454_2024/cpp_practice1' with type 'cmake' and name 'list4arr'
[1.794s] Level 1:colcon.colcon_core.package_identification:_identify(repos/ME454_2024/cpp_practice2) by extensions ['ignore', 'ignore_ament_install']
[1.794s] Level 1:colcon.colcon_core.package_identification:_identify(repos/ME454_2024/cpp_practice2) by extension 'ignore'
[1.794s] Level 1:colcon.colcon_core.package_identification:_identify(repos/ME454_2024/cpp_practice2) by extension 'ignore_ament_install'
[1.794s] Level 1:colcon.colcon_core.package_identification:_identify(repos/ME454_2024/cpp_practice2) by extensions ['colcon_pkg']
[1.794s] Level 1:colcon.colcon_core.package_identification:_identify(repos/ME454_2024/cpp_practice2) by extension 'colcon_pkg'
[1.794s] Level 1:colcon.colcon_core.package_identification:_identify(repos/ME454_2024/cpp_practice2) by extensions ['colcon_meta']
[1.794s] Level 1:colcon.colcon_core.package_identification:_identify(repos/ME454_2024/cpp_practice2) by extension 'colcon_meta'
[1.794s] Level 1:colcon.colcon_core.package_identification:_identify(repos/ME454_2024/cpp_practice2) by extensions ['ros']
[1.794s] Level 1:colcon.colcon_core.package_identification:_identify(repos/ME454_2024/cpp_practice2) by extension 'ros'
[1.794s] Level 1:colcon.colcon_core.package_identification:_identify(repos/ME454_2024/cpp_practice2) by extensions ['cmake', 'python']
[1.794s] Level 1:colcon.colcon_core.package_identification:_identify(repos/ME454_2024/cpp_practice2) by extension 'cmake'
[1.800s] Level 1:colcon.colcon_core.package_identification:_identify(repos/ME454_2024/cpp_practice2) by extension 'python'
[1.800s] DEBUG:colcon.colcon_core.package_identification:Package 'repos/ME454_2024/cpp_practice2' with type 'cmake' and name 'list4ptr'
[1.800s] Level 1:colcon.colcon_core.package_identification:_identify(repos/ME454_2024/pendulum_movement) by extensions ['ignore', 'ignore_ament_install']
[1.800s] Level 1:colcon.colcon_core.package_identification:_identify(repos/ME454_2024/pendulum_movement) by extension 'ignore'
[1.800s] Level 1:colcon.colcon_core.package_identification:_identify(repos/ME454_2024/pendulum_movement) by extension 'ignore_ament_install'
[1.800s] Level 1:colcon.colcon_core.package_identification:_identify(repos/ME454_2024/pendulum_movement) by extensions ['colcon_pkg']
[1.800s] Level 1:colcon.colcon_core.package_identification:_identify(repos/ME454_2024/pendulum_movement) by extension 'colcon_pkg'
[1.800s] Level 1:colcon.colcon_core.package_identification:_identify(repos/ME454_2024/pendulum_movement) by extensions ['colcon_meta']
[1.800s] Level 1:colcon.colcon_core.package_identification:_identify(repos/ME454_2024/pendulum_movement) by extension 'colcon_meta'
[1.800s] Level 1:colcon.colcon_core.package_identification:_identify(repos/ME454_2024/pendulum_movement) by extensions ['ros']
[1.800s] Level 1:colcon.colcon_core.package_identification:_identify(repos/ME454_2024/pendulum_movement) by extension 'ros'
[1.801s] DEBUG:colcon.colcon_core.package_identification:Package 'repos/ME454_2024/pendulum_movement' with type 'ros.ament_cmake' and name 'pendulum_movement'
[1.801s] Level 1:colcon.colcon_core.package_identification:_identify(ros2_ws) by extensions ['ignore', 'ignore_ament_install']
[1.801s] Level 1:colcon.colcon_core.package_identification:_identify(ros2_ws) by extension 'ignore'
[1.801s] Level 1:colcon.colcon_core.package_identification:_identify(ros2_ws) by extension 'ignore_ament_install'
[1.801s] Level 1:colcon.colcon_core.package_identification:_identify(ros2_ws) by extensions ['colcon_pkg']
[1.801s] Level 1:colcon.colcon_core.package_identification:_identify(ros2_ws) by extension 'colcon_pkg'
[1.801s] Level 1:colcon.colcon_core.package_identification:_identify(ros2_ws) by extensions ['colcon_meta']
[1.801s] Level 1:colcon.colcon_core.package_identification:_identify(ros2_ws) by extension 'colcon_meta'
[1.801s] Level 1:colcon.colcon_core.package_identification:_identify(ros2_ws) by extensions ['ros']
[1.801s] Level 1:colcon.colcon_core.package_identification:_identify(ros2_ws) by extension 'ros'
[1.801s] Level 1:colcon.colcon_core.package_identification:_identify(ros2_ws) by extensions ['cmake', 'python']
[1.801s] Level 1:colcon.colcon_core.package_identification:_identify(ros2_ws) by extension 'cmake'
[1.801s] Level 1:colcon.colcon_core.package_identification:_identify(ros2_ws) by extension 'python'
[1.801s] Level 1:colcon.colcon_core.package_identification:_identify(ros2_ws) by extensions ['python_setup_py']
[1.801s] Level 1:colcon.colcon_core.package_identification:_identify(ros2_ws) by extension 'python_setup_py'
[1.801s] Level 1:colcon.colcon_core.package_identification:_identify(ros2_ws/build) by extensions ['ignore', 'ignore_ament_install']
[1.801s] Level 1:colcon.colcon_core.package_identification:_identify(ros2_ws/build) by extension 'ignore'
[1.801s] Level 1:colcon.colcon_core.package_identification:_identify(ros2_ws/build) ignored
[1.801s] Level 1:colcon.colcon_core.package_identification:_identify(ros2_ws/install) by extensions ['ignore', 'ignore_ament_install']
[1.801s] Level 1:colcon.colcon_core.package_identification:_identify(ros2_ws/install) by extension 'ignore'
[1.801s] Level 1:colcon.colcon_core.package_identification:_identify(ros2_ws/install) ignored
[1.802s] Level 1:colcon.colcon_core.package_identification:_identify(ros2_ws/log) by extensions ['ignore', 'ignore_ament_install']
[1.802s] Level 1:colcon.colcon_core.package_identification:_identify(ros2_ws/log) by extension 'ignore'
[1.802s] Level 1:colcon.colcon_core.package_identification:_identify(ros2_ws/log) ignored
[1.802s] Level 1:colcon.colcon_core.package_identification:_identify(ros2_ws/src) by extensions ['ignore', 'ignore_ament_install']
[1.802s] Level 1:colcon.colcon_core.package_identification:_identify(ros2_ws/src) by extension 'ignore'
[1.802s] Level 1:colcon.colcon_core.package_identification:_identify(ros2_ws/src) by extension 'ignore_ament_install'
[1.802s] Level 1:colcon.colcon_core.package_identification:_identify(ros2_ws/src) by extensions ['colcon_pkg']
[1.802s] Level 1:colcon.colcon_core.package_identification:_identify(ros2_ws/src) by extension 'colcon_pkg'
[1.802s] Level 1:colcon.colcon_core.package_identification:_identify(ros2_ws/src) by extensions ['colcon_meta']
[1.802s] Level 1:colcon.colcon_core.package_identification:_identify(ros2_ws/src) by extension 'colcon_meta'
[1.802s] Level 1:colcon.colcon_core.package_identification:_identify(ros2_ws/src) by extensions ['ros']
[1.802s] Level 1:colcon.colcon_core.package_identification:_identify(ros2_ws/src) by extension 'ros'
[1.802s] Level 1:colcon.colcon_core.package_identification:_identify(ros2_ws/src) by extensions ['cmake', 'python']
[1.802s] Level 1:colcon.colcon_core.package_identification:_identify(ros2_ws/src) by extension 'cmake'
[1.802s] Level 1:colcon.colcon_core.package_identification:_identify(ros2_ws/src) by extension 'python'
[1.802s] Level 1:colcon.colcon_core.package_identification:_identify(ros2_ws/src) by extensions ['python_setup_py']
[1.802s] Level 1:colcon.colcon_core.package_identification:_identify(ros2_ws/src) by extension 'python_setup_py'
[1.802s] Level 1:colcon.colcon_core.package_identification:_identify(ros2_ws/src/ball_throwing) by extensions ['ignore', 'ignore_ament_install']
[1.802s] Level 1:colcon.colcon_core.package_identification:_identify(ros2_ws/src/ball_throwing) by extension 'ignore'
[1.802s] Level 1:colcon.colcon_core.package_identification:_identify(ros2_ws/src/ball_throwing) by extension 'ignore_ament_install'
[1.802s] Level 1:colcon.colcon_core.package_identification:_identify(ros2_ws/src/ball_throwing) by extensions ['colcon_pkg']
[1.802s] Level 1:colcon.colcon_core.package_identification:_identify(ros2_ws/src/ball_throwing) by extension 'colcon_pkg'
[1.802s] Level 1:colcon.colcon_core.package_identification:_identify(ros2_ws/src/ball_throwing) by extensions ['colcon_meta']
[1.802s] Level 1:colcon.colcon_core.package_identification:_identify(ros2_ws/src/ball_throwing) by extension 'colcon_meta'
[1.802s] Level 1:colcon.colcon_core.package_identification:_identify(ros2_ws/src/ball_throwing) by extensions ['ros']
[1.802s] Level 1:colcon.colcon_core.package_identification:_identify(ros2_ws/src/ball_throwing) by extension 'ros'
[1.803s] DEBUG:colcon.colcon_core.package_identification:Package 'ros2_ws/src/ball_throwing' with type 'ros.ament_cmake' and name 'ball_throwing'
[1.803s] Level 1:colcon.colcon_core.package_identification:_identify(ros2_ws/src/pendulum_movement) by extensions ['ignore', 'ignore_ament_install']
[1.803s] Level 1:colcon.colcon_core.package_identification:_identify(ros2_ws/src/pendulum_movement) by extension 'ignore'
[1.803s] Level 1:colcon.colcon_core.package_identification:_identify(ros2_ws/src/pendulum_movement) by extension 'ignore_ament_install'
[1.803s] Level 1:colcon.colcon_core.package_identification:_identify(ros2_ws/src/pendulum_movement) by extensions ['colcon_pkg']
[1.803s] Level 1:colcon.colcon_core.package_identification:_identify(ros2_ws/src/pendulum_movement) by extension 'colcon_pkg'
[1.803s] Level 1:colcon.colcon_core.package_identification:_identify(ros2_ws/src/pendulum_movement) by extensions ['colcon_meta']
[1.803s] Level 1:colcon.colcon_core.package_identification:_identify(ros2_ws/src/pendulum_movement) by extension 'colcon_meta'
[1.803s] Level 1:colcon.colcon_core.package_identification:_identify(ros2_ws/src/pendulum_movement) by extensions ['ros']
[1.803s] Level 1:colcon.colcon_core.package_identification:_identify(ros2_ws/src/pendulum_movement) by extension 'ros'
[1.804s] DEBUG:colcon.colcon_core.package_identification:Package 'ros2_ws/src/pendulum_movement' with type 'ros.ament_cmake' and name 'pendulum_movement'
[1.804s] Level 1:colcon.colcon_core.package_discovery:discover_packages(recursive) using defaults
[1.804s] Level 1:colcon.colcon_core.package_discovery:discover_packages(ignore) discover
[1.804s] Level 1:colcon.colcon_core.package_discovery:discover_packages(ignore) using defaults
[1.804s] Level 1:colcon.colcon_core.package_discovery:discover_packages(path) discover
[1.804s] Level 1:colcon.colcon_core.package_discovery:discover_packages(path) using defaults
[1.867s] Level 1:colcon.colcon_core.package_discovery:discover_packages(prefix_path) check parameters
[1.867s] Level 1:colcon.colcon_core.package_discovery:discover_packages(prefix_path) discover
[1.885s] DEBUG:colcon.colcon_installed_package_information.package_discovery:Found 302 installed packages in /opt/ros/humble
[1.886s] Level 1:colcon.colcon_core.package_discovery:discover_packages(prefix_path) using defaults
[1.944s] ERROR:colcon:colcon build: Duplicate package names not supported:
- ball_throwing:
  - repos/ME454_2024/ball_throwing
  - ros2_ws/src/ball_throwing
- list4arr:
  - cpp_ws/cpp_practice1
  - repos/ME454_2024/cpp_practice1
- list4ptr:
  - cpp_ws/cpp_practice2
  - repos/ME454_2024/cpp_practice2
- pendulum_movement:
  - repos/ME454_2024/pendulum_movement
  - ros2_ws/src/pendulum_movement
