[0.174s] Invoking command in '/home/dareum/ME454/ros2_ws/build/crankshaft': CMAKE_PREFIX_PATH=${CMAKE_PREFIX_PATH}:/opt/ros/humble CONDA_PROMPT_MODIFIER=(base) /usr/bin/cmake /home/dareum/ME454/ros2_ws/src/crankshaft -DCMAKE_INSTALL_PREFIX=/home/dareum/ME454/ros2_ws/install/crankshaft
[0.317s] -- Found ament_cmake: 1.3.8 (/opt/ros/humble/share/ament_cmake/cmake)
[0.643s] -- Found rclcpp: 16.0.8 (/opt/ros/humble/share/rclcpp/cmake)
[0.894s] -- Found rosidl_generator_c: 3.1.5 (/opt/ros/humble/share/rosidl_generator_c/cmake)
[0.898s] -- Found rosidl_adapter: 3.1.5 (/opt/ros/humble/share/rosidl_adapter/cmake)
[0.903s] -- Found rosidl_generator_cpp: 3.1.5 (/opt/ros/humble/share/rosidl_generator_cpp/cmake)
[0.914s] -- Using all available rosidl_typesupport_c: rosidl_typesupport_fastrtps_c;rosidl_typesupport_introspection_c
[0.929s] -- Using all available rosidl_typesupport_cpp: rosidl_typesupport_fastrtps_cpp;rosidl_typesupport_introspection_cpp
[0.986s] -- Found rmw_implementation_cmake: 6.1.1 (/opt/ros/humble/share/rmw_implementation_cmake/cmake)
[0.987s] -- Found rmw_fastrtps_cpp: 6.2.6 (/opt/ros/humble/share/rmw_fastrtps_cpp/cmake)
[4.477s] -- Using RMW implementation 'rmw_fastrtps_cpp' as default
[4.614s] -- Found gazebo_msgs: 3.7.0 (/opt/ros/humble/share/gazebo_msgs/cmake)
[4.810s] -- Found ament_lint_auto: 0.12.10 (/opt/ros/humble/share/ament_lint_auto/cmake)
[4.836s] Traceback (most recent call last):
[4.836s]   File "/opt/ros/humble/share/ament_cmake_core/cmake/core/package_xml_2_cmake.py", line 22, in <module>
[4.836s]     from catkin_pkg.package import parse_package_string
[4.836s] ModuleNotFoundError: No module named 'catkin_pkg'
[4.840s] [31mCMake Error at /opt/ros/humble/share/ament_cmake_core/cmake/core/ament_package_xml.cmake:95 (message):
[4.840s]   execute_process(/home/dareum/anaconda3/envs/mujoco_py/bin/python3
[4.840s]   /opt/ros/humble/share/ament_cmake_core/cmake/core/package_xml_2_cmake.py
[4.840s]   /home/dareum/ME454/ros2_ws/src/crankshaft/package.xml
[4.840s]   /home/dareum/ME454/ros2_ws/build/crankshaft/ament_cmake_core/package.cmake)
[4.840s]   returned error code 1
[4.840s] Call Stack (most recent call first):
[4.840s]   /opt/ros/humble/share/ament_cmake_core/cmake/core/ament_package_xml.cmake:49 (_ament_package_xml)
[4.840s]   /opt/ros/humble/share/ament_lint_auto/cmake/ament_lint_auto_find_test_dependencies.cmake:31 (ament_package_xml)
[4.840s]   CMakeLists.txt:45 (ament_lint_auto_find_test_dependencies)
[4.840s] 
[4.840s] [0m
[4.840s] -- Configuring incomplete, errors occurred!
[4.841s] See also "/home/dareum/ME454/ros2_ws/build/crankshaft/CMakeFiles/CMakeOutput.log".
[4.841s] See also "/home/dareum/ME454/ros2_ws/build/crankshaft/CMakeFiles/CMakeError.log".
