[0.342s] DEBUG:colcon:Command line arguments: ['/usr/bin/colcon', 'build']
[0.342s] DEBUG:colcon:Parsed command line arguments: Namespace(log_base=None, log_level=None, verb_name='build', build_base='build', install_base='install', merge_install=False, symlink_install=False, test_result_base=None, continue_on_error=False, executor='parallel', parallel_workers=16, event_handlers=None, ignore_user_meta=False, metas=['./colcon.meta'], base_paths=['.'], packages_ignore=None, packages_ignore_regex=None, paths=None, packages_up_to=None, packages_up_to_regex=None, packages_above=None, packages_above_and_dependencies=None, packages_above_depth=None, packages_select_by_dep=None, packages_skip_by_dep=None, packages_skip_up_to=None, packages_select_build_failed=False, packages_skip_build_finished=False, packages_select_test_failures=False, packages_skip_test_passed=False, packages_select=None, packages_skip=None, packages_select_regex=None, packages_skip_regex=None, packages_start=None, packages_end=None, allow_overriding=[], cmake_args=None, cmake_target=None, cmake_target_skip_unavailable=False, cmake_clean_cache=False, cmake_clean_first=False, cmake_force_configure=False, ament_cmake_args=None, catkin_cmake_args=None, catkin_skip_building_tests=False, mixin_files=None, mixin=None, verb_parser=<colcon_mixin.mixin.mixin_argument.MixinArgumentDecorator object at 0x7fb3598b21a0>, verb_extension=<colcon_core.verb.build.BuildVerb object at 0x7fb3598b1930>, main=<bound method BuildVerb.main of <colcon_core.verb.build.BuildVerb object at 0x7fb3598b1930>>, mixin_verb=('build',))
[0.606s] Level 1:colcon.colcon_core.package_discovery:discover_packages(colcon_meta) check parameters
[0.606s] Level 1:colcon.colcon_core.package_discovery:discover_packages(recursive) check parameters
[0.606s] Level 1:colcon.colcon_core.package_discovery:discover_packages(ignore) check parameters
[0.606s] Level 1:colcon.colcon_core.package_discovery:discover_packages(path) check parameters
[0.606s] Level 1:colcon.colcon_core.package_discovery:discover_packages(colcon_meta) discover
[0.606s] Level 1:colcon.colcon_core.package_discovery:discover_packages(recursive) discover
[0.606s] INFO:colcon.colcon_core.package_discovery:Crawling recursively for packages in '/home/dareum/ME454/ros2_ws'
[0.606s] Level 1:colcon.colcon_core.package_identification:_identify(.) by extensions ['ignore', 'ignore_ament_install']
[0.606s] Level 1:colcon.colcon_core.package_identification:_identify(.) by extension 'ignore'
[0.607s] Level 1:colcon.colcon_core.package_identification:_identify(.) by extension 'ignore_ament_install'
[0.607s] Level 1:colcon.colcon_core.package_identification:_identify(.) by extensions ['colcon_pkg']
[0.607s] Level 1:colcon.colcon_core.package_identification:_identify(.) by extension 'colcon_pkg'
[0.607s] Level 1:colcon.colcon_core.package_identification:_identify(.) by extensions ['colcon_meta']
[0.607s] Level 1:colcon.colcon_core.package_identification:_identify(.) by extension 'colcon_meta'
[0.607s] Level 1:colcon.colcon_core.package_identification:_identify(.) by extensions ['ros']
[0.607s] Level 1:colcon.colcon_core.package_identification:_identify(.) by extension 'ros'
[0.631s] Level 1:colcon.colcon_core.package_identification:_identify(.) by extensions ['cmake', 'python']
[0.631s] Level 1:colcon.colcon_core.package_identification:_identify(.) by extension 'cmake'
[0.631s] Level 1:colcon.colcon_core.package_identification:_identify(.) by extension 'python'
[0.631s] Level 1:colcon.colcon_core.package_identification:_identify(.) by extensions ['python_setup_py']
[0.631s] Level 1:colcon.colcon_core.package_identification:_identify(.) by extension 'python_setup_py'
[0.631s] Level 1:colcon.colcon_core.package_identification:_identify(build) by extensions ['ignore', 'ignore_ament_install']
[0.631s] Level 1:colcon.colcon_core.package_identification:_identify(build) by extension 'ignore'
[0.631s] Level 1:colcon.colcon_core.package_identification:_identify(build) ignored
[0.632s] Level 1:colcon.colcon_core.package_identification:_identify(install) by extensions ['ignore', 'ignore_ament_install']
[0.632s] Level 1:colcon.colcon_core.package_identification:_identify(install) by extension 'ignore'
[0.632s] Level 1:colcon.colcon_core.package_identification:_identify(install) ignored
[0.632s] Level 1:colcon.colcon_core.package_identification:_identify(log) by extensions ['ignore', 'ignore_ament_install']
[0.632s] Level 1:colcon.colcon_core.package_identification:_identify(log) by extension 'ignore'
[0.632s] Level 1:colcon.colcon_core.package_identification:_identify(log) ignored
[0.632s] Level 1:colcon.colcon_core.package_identification:_identify(src) by extensions ['ignore', 'ignore_ament_install']
[0.632s] Level 1:colcon.colcon_core.package_identification:_identify(src) by extension 'ignore'
[0.632s] Level 1:colcon.colcon_core.package_identification:_identify(src) by extension 'ignore_ament_install'
[0.632s] Level 1:colcon.colcon_core.package_identification:_identify(src) by extensions ['colcon_pkg']
[0.632s] Level 1:colcon.colcon_core.package_identification:_identify(src) by extension 'colcon_pkg'
[0.632s] Level 1:colcon.colcon_core.package_identification:_identify(src) by extensions ['colcon_meta']
[0.632s] Level 1:colcon.colcon_core.package_identification:_identify(src) by extension 'colcon_meta'
[0.632s] Level 1:colcon.colcon_core.package_identification:_identify(src) by extensions ['ros']
[0.632s] Level 1:colcon.colcon_core.package_identification:_identify(src) by extension 'ros'
[0.633s] Level 1:colcon.colcon_core.package_identification:_identify(src) by extensions ['cmake', 'python']
[0.633s] Level 1:colcon.colcon_core.package_identification:_identify(src) by extension 'cmake'
[0.633s] Level 1:colcon.colcon_core.package_identification:_identify(src) by extension 'python'
[0.633s] Level 1:colcon.colcon_core.package_identification:_identify(src) by extensions ['python_setup_py']
[0.633s] Level 1:colcon.colcon_core.package_identification:_identify(src) by extension 'python_setup_py'
[0.633s] Level 1:colcon.colcon_core.package_identification:_identify(src/ball_throwing) by extensions ['ignore', 'ignore_ament_install']
[0.633s] Level 1:colcon.colcon_core.package_identification:_identify(src/ball_throwing) by extension 'ignore'
[0.633s] Level 1:colcon.colcon_core.package_identification:_identify(src/ball_throwing) by extension 'ignore_ament_install'
[0.633s] Level 1:colcon.colcon_core.package_identification:_identify(src/ball_throwing) by extensions ['colcon_pkg']
[0.633s] Level 1:colcon.colcon_core.package_identification:_identify(src/ball_throwing) by extension 'colcon_pkg'
[0.634s] Level 1:colcon.colcon_core.package_identification:_identify(src/ball_throwing) by extensions ['colcon_meta']
[0.634s] Level 1:colcon.colcon_core.package_identification:_identify(src/ball_throwing) by extension 'colcon_meta'
[0.634s] Level 1:colcon.colcon_core.package_identification:_identify(src/ball_throwing) by extensions ['ros']
[0.634s] Level 1:colcon.colcon_core.package_identification:_identify(src/ball_throwing) by extension 'ros'
[0.639s] DEBUG:colcon.colcon_core.package_identification:Package 'src/ball_throwing' with type 'ros.ament_cmake' and name 'ball_throwing'
[0.639s] Level 1:colcon.colcon_core.package_identification:_identify(src/bowling) by extensions ['ignore', 'ignore_ament_install']
[0.640s] Level 1:colcon.colcon_core.package_identification:_identify(src/bowling) by extension 'ignore'
[0.640s] Level 1:colcon.colcon_core.package_identification:_identify(src/bowling) by extension 'ignore_ament_install'
[0.640s] Level 1:colcon.colcon_core.package_identification:_identify(src/bowling) by extensions ['colcon_pkg']
[0.640s] Level 1:colcon.colcon_core.package_identification:_identify(src/bowling) by extension 'colcon_pkg'
[0.640s] Level 1:colcon.colcon_core.package_identification:_identify(src/bowling) by extensions ['colcon_meta']
[0.640s] Level 1:colcon.colcon_core.package_identification:_identify(src/bowling) by extension 'colcon_meta'
[0.640s] Level 1:colcon.colcon_core.package_identification:_identify(src/bowling) by extensions ['ros']
[0.640s] Level 1:colcon.colcon_core.package_identification:_identify(src/bowling) by extension 'ros'
[0.641s] DEBUG:colcon.colcon_core.package_identification:Package 'src/bowling' with type 'ros.ament_cmake' and name 'bowling'
[0.641s] Level 1:colcon.colcon_core.package_identification:_identify(src/cartpole) by extensions ['ignore', 'ignore_ament_install']
[0.641s] Level 1:colcon.colcon_core.package_identification:_identify(src/cartpole) by extension 'ignore'
[0.642s] Level 1:colcon.colcon_core.package_identification:_identify(src/cartpole) by extension 'ignore_ament_install'
[0.642s] Level 1:colcon.colcon_core.package_identification:_identify(src/cartpole) by extensions ['colcon_pkg']
[0.642s] Level 1:colcon.colcon_core.package_identification:_identify(src/cartpole) by extension 'colcon_pkg'
[0.642s] Level 1:colcon.colcon_core.package_identification:_identify(src/cartpole) by extensions ['colcon_meta']
[0.642s] Level 1:colcon.colcon_core.package_identification:_identify(src/cartpole) by extension 'colcon_meta'
[0.642s] Level 1:colcon.colcon_core.package_identification:_identify(src/cartpole) by extensions ['ros']
[0.642s] Level 1:colcon.colcon_core.package_identification:_identify(src/cartpole) by extension 'ros'
[0.643s] DEBUG:colcon.colcon_core.package_identification:Package 'src/cartpole' with type 'ros.ament_cmake' and name 'cartpole'
[0.643s] Level 1:colcon.colcon_core.package_identification:_identify(src/coin_rolling) by extensions ['ignore', 'ignore_ament_install']
[0.643s] Level 1:colcon.colcon_core.package_identification:_identify(src/coin_rolling) by extension 'ignore'
[0.644s] Level 1:colcon.colcon_core.package_identification:_identify(src/coin_rolling) by extension 'ignore_ament_install'
[0.644s] Level 1:colcon.colcon_core.package_identification:_identify(src/coin_rolling) by extensions ['colcon_pkg']
[0.644s] Level 1:colcon.colcon_core.package_identification:_identify(src/coin_rolling) by extension 'colcon_pkg'
[0.644s] Level 1:colcon.colcon_core.package_identification:_identify(src/coin_rolling) by extensions ['colcon_meta']
[0.644s] Level 1:colcon.colcon_core.package_identification:_identify(src/coin_rolling) by extension 'colcon_meta'
[0.644s] Level 1:colcon.colcon_core.package_identification:_identify(src/coin_rolling) by extensions ['ros']
[0.644s] Level 1:colcon.colcon_core.package_identification:_identify(src/coin_rolling) by extension 'ros'
[0.646s] DEBUG:colcon.colcon_core.package_identification:Package 'src/coin_rolling' with type 'ros.ament_cmake' and name 'coin_rolling'
[0.646s] Level 1:colcon.colcon_core.package_identification:_identify(src/coin_rolling_msg) by extensions ['ignore', 'ignore_ament_install']
[0.646s] Level 1:colcon.colcon_core.package_identification:_identify(src/coin_rolling_msg) by extension 'ignore'
[0.646s] Level 1:colcon.colcon_core.package_identification:_identify(src/coin_rolling_msg) by extension 'ignore_ament_install'
[0.646s] Level 1:colcon.colcon_core.package_identification:_identify(src/coin_rolling_msg) by extensions ['colcon_pkg']
[0.646s] Level 1:colcon.colcon_core.package_identification:_identify(src/coin_rolling_msg) by extension 'colcon_pkg'
[0.646s] Level 1:colcon.colcon_core.package_identification:_identify(src/coin_rolling_msg) by extensions ['colcon_meta']
[0.646s] Level 1:colcon.colcon_core.package_identification:_identify(src/coin_rolling_msg) by extension 'colcon_meta'
[0.646s] Level 1:colcon.colcon_core.package_identification:_identify(src/coin_rolling_msg) by extensions ['ros']
[0.646s] Level 1:colcon.colcon_core.package_identification:_identify(src/coin_rolling_msg) by extension 'ros'
[0.648s] DEBUG:colcon.colcon_core.package_identification:Package 'src/coin_rolling_msg' with type 'ros.ament_cmake' and name 'coin_rolling_msg'
[0.649s] Level 1:colcon.colcon_core.package_identification:_identify(src/controls) by extensions ['ignore', 'ignore_ament_install']
[0.649s] Level 1:colcon.colcon_core.package_identification:_identify(src/controls) by extension 'ignore'
[0.649s] Level 1:colcon.colcon_core.package_identification:_identify(src/controls) by extension 'ignore_ament_install'
[0.649s] Level 1:colcon.colcon_core.package_identification:_identify(src/controls) by extensions ['colcon_pkg']
[0.649s] Level 1:colcon.colcon_core.package_identification:_identify(src/controls) by extension 'colcon_pkg'
[0.649s] Level 1:colcon.colcon_core.package_identification:_identify(src/controls) by extensions ['colcon_meta']
[0.649s] Level 1:colcon.colcon_core.package_identification:_identify(src/controls) by extension 'colcon_meta'
[0.649s] Level 1:colcon.colcon_core.package_identification:_identify(src/controls) by extensions ['ros']
[0.649s] Level 1:colcon.colcon_core.package_identification:_identify(src/controls) by extension 'ros'
[0.650s] Level 1:colcon.colcon_core.package_identification:_identify(src/controls) by extensions ['cmake', 'python']
[0.650s] Level 1:colcon.colcon_core.package_identification:_identify(src/controls) by extension 'cmake'
[0.650s] Level 1:colcon.colcon_core.package_identification:_identify(src/controls) by extension 'python'
[0.650s] Level 1:colcon.colcon_core.package_identification:_identify(src/controls) by extensions ['python_setup_py']
[0.650s] Level 1:colcon.colcon_core.package_identification:_identify(src/controls) by extension 'python_setup_py'
[0.650s] Level 1:colcon.colcon_core.package_identification:_identify(src/crankshaft) by extensions ['ignore', 'ignore_ament_install']
[0.650s] Level 1:colcon.colcon_core.package_identification:_identify(src/crankshaft) by extension 'ignore'
[0.651s] Level 1:colcon.colcon_core.package_identification:_identify(src/crankshaft) by extension 'ignore_ament_install'
[0.651s] Level 1:colcon.colcon_core.package_identification:_identify(src/crankshaft) by extensions ['colcon_pkg']
[0.651s] Level 1:colcon.colcon_core.package_identification:_identify(src/crankshaft) by extension 'colcon_pkg'
[0.651s] Level 1:colcon.colcon_core.package_identification:_identify(src/crankshaft) by extensions ['colcon_meta']
[0.651s] Level 1:colcon.colcon_core.package_identification:_identify(src/crankshaft) by extension 'colcon_meta'
[0.651s] Level 1:colcon.colcon_core.package_identification:_identify(src/crankshaft) by extensions ['ros']
[0.651s] Level 1:colcon.colcon_core.package_identification:_identify(src/crankshaft) by extension 'ros'
[0.653s] DEBUG:colcon.colcon_core.package_identification:Package 'src/crankshaft' with type 'ros.ament_cmake' and name 'crankshaft'
[0.654s] Level 1:colcon.colcon_core.package_identification:_identify(src/four_bar_linkage) by extensions ['ignore', 'ignore_ament_install']
[0.654s] Level 1:colcon.colcon_core.package_identification:_identify(src/four_bar_linkage) by extension 'ignore'
[0.654s] Level 1:colcon.colcon_core.package_identification:_identify(src/four_bar_linkage) by extension 'ignore_ament_install'
[0.654s] Level 1:colcon.colcon_core.package_identification:_identify(src/four_bar_linkage) by extensions ['colcon_pkg']
[0.654s] Level 1:colcon.colcon_core.package_identification:_identify(src/four_bar_linkage) by extension 'colcon_pkg'
[0.654s] Level 1:colcon.colcon_core.package_identification:_identify(src/four_bar_linkage) by extensions ['colcon_meta']
[0.654s] Level 1:colcon.colcon_core.package_identification:_identify(src/four_bar_linkage) by extension 'colcon_meta'
[0.654s] Level 1:colcon.colcon_core.package_identification:_identify(src/four_bar_linkage) by extensions ['ros']
[0.654s] Level 1:colcon.colcon_core.package_identification:_identify(src/four_bar_linkage) by extension 'ros'
[0.658s] DEBUG:colcon.colcon_core.package_identification:Package 'src/four_bar_linkage' with type 'ros.ament_cmake' and name 'four_bar_linkage'
[0.659s] Level 1:colcon.colcon_core.package_identification:_identify(src/friction_test) by extensions ['ignore', 'ignore_ament_install']
[0.660s] Level 1:colcon.colcon_core.package_identification:_identify(src/friction_test) by extension 'ignore'
[0.660s] Level 1:colcon.colcon_core.package_identification:_identify(src/friction_test) by extension 'ignore_ament_install'
[0.660s] Level 1:colcon.colcon_core.package_identification:_identify(src/friction_test) by extensions ['colcon_pkg']
[0.661s] Level 1:colcon.colcon_core.package_identification:_identify(src/friction_test) by extension 'colcon_pkg'
[0.661s] Level 1:colcon.colcon_core.package_identification:_identify(src/friction_test) by extensions ['colcon_meta']
[0.661s] Level 1:colcon.colcon_core.package_identification:_identify(src/friction_test) by extension 'colcon_meta'
[0.661s] Level 1:colcon.colcon_core.package_identification:_identify(src/friction_test) by extensions ['ros']
[0.661s] Level 1:colcon.colcon_core.package_identification:_identify(src/friction_test) by extension 'ros'
[0.662s] DEBUG:colcon.colcon_core.package_identification:Package 'src/friction_test' with type 'ros.ament_cmake' and name 'friction_test'
[0.663s] Level 1:colcon.colcon_core.package_identification:_identify(src/gauss_summation) by extensions ['ignore', 'ignore_ament_install']
[0.663s] Level 1:colcon.colcon_core.package_identification:_identify(src/gauss_summation) by extension 'ignore'
[0.663s] Level 1:colcon.colcon_core.package_identification:_identify(src/gauss_summation) by extension 'ignore_ament_install'
[0.663s] Level 1:colcon.colcon_core.package_identification:_identify(src/gauss_summation) by extensions ['colcon_pkg']
[0.663s] Level 1:colcon.colcon_core.package_identification:_identify(src/gauss_summation) by extension 'colcon_pkg'
[0.664s] Level 1:colcon.colcon_core.package_identification:_identify(src/gauss_summation) by extensions ['colcon_meta']
[0.664s] Level 1:colcon.colcon_core.package_identification:_identify(src/gauss_summation) by extension 'colcon_meta'
[0.664s] Level 1:colcon.colcon_core.package_identification:_identify(src/gauss_summation) by extensions ['ros']
[0.664s] Level 1:colcon.colcon_core.package_identification:_identify(src/gauss_summation) by extension 'ros'
[0.665s] DEBUG:colcon.colcon_core.package_identification:Package 'src/gauss_summation' with type 'ros.ament_cmake' and name 'gauss_summation'
[0.665s] Level 1:colcon.colcon_core.package_identification:_identify(src/gazebo_ros2_control_demos) by extensions ['ignore', 'ignore_ament_install']
[0.665s] Level 1:colcon.colcon_core.package_identification:_identify(src/gazebo_ros2_control_demos) by extension 'ignore'
[0.666s] Level 1:colcon.colcon_core.package_identification:_identify(src/gazebo_ros2_control_demos) by extension 'ignore_ament_install'
[0.666s] Level 1:colcon.colcon_core.package_identification:_identify(src/gazebo_ros2_control_demos) by extensions ['colcon_pkg']
[0.666s] Level 1:colcon.colcon_core.package_identification:_identify(src/gazebo_ros2_control_demos) by extension 'colcon_pkg'
[0.666s] Level 1:colcon.colcon_core.package_identification:_identify(src/gazebo_ros2_control_demos) by extensions ['colcon_meta']
[0.666s] Level 1:colcon.colcon_core.package_identification:_identify(src/gazebo_ros2_control_demos) by extension 'colcon_meta'
[0.666s] Level 1:colcon.colcon_core.package_identification:_identify(src/gazebo_ros2_control_demos) by extensions ['ros']
[0.666s] Level 1:colcon.colcon_core.package_identification:_identify(src/gazebo_ros2_control_demos) by extension 'ros'
[0.667s] DEBUG:colcon.colcon_core.package_identification:Package 'src/gazebo_ros2_control_demos' with type 'ros.ament_cmake' and name 'gazebo_ros2_control_demos'
[0.668s] Level 1:colcon.colcon_core.package_identification:_identify(src/lidar_basic) by extensions ['ignore', 'ignore_ament_install']
[0.668s] Level 1:colcon.colcon_core.package_identification:_identify(src/lidar_basic) by extension 'ignore'
[0.668s] Level 1:colcon.colcon_core.package_identification:_identify(src/lidar_basic) by extension 'ignore_ament_install'
[0.668s] Level 1:colcon.colcon_core.package_identification:_identify(src/lidar_basic) by extensions ['colcon_pkg']
[0.668s] Level 1:colcon.colcon_core.package_identification:_identify(src/lidar_basic) by extension 'colcon_pkg'
[0.668s] Level 1:colcon.colcon_core.package_identification:_identify(src/lidar_basic) by extensions ['colcon_meta']
[0.668s] Level 1:colcon.colcon_core.package_identification:_identify(src/lidar_basic) by extension 'colcon_meta'
[0.668s] Level 1:colcon.colcon_core.package_identification:_identify(src/lidar_basic) by extensions ['ros']
[0.668s] Level 1:colcon.colcon_core.package_identification:_identify(src/lidar_basic) by extension 'ros'
[0.670s] DEBUG:colcon.colcon_core.package_identification:Package 'src/lidar_basic' with type 'ros.ament_cmake' and name 'lidar_basic'
[0.670s] Level 1:colcon.colcon_core.package_identification:_identify(src/my_package) by extensions ['ignore', 'ignore_ament_install']
[0.671s] Level 1:colcon.colcon_core.package_identification:_identify(src/my_package) by extension 'ignore'
[0.671s] Level 1:colcon.colcon_core.package_identification:_identify(src/my_package) by extension 'ignore_ament_install'
[0.672s] Level 1:colcon.colcon_core.package_identification:_identify(src/my_package) by extensions ['colcon_pkg']
[0.672s] Level 1:colcon.colcon_core.package_identification:_identify(src/my_package) by extension 'colcon_pkg'
[0.673s] Level 1:colcon.colcon_core.package_identification:_identify(src/my_package) by extensions ['colcon_meta']
[0.673s] Level 1:colcon.colcon_core.package_identification:_identify(src/my_package) by extension 'colcon_meta'
[0.673s] Level 1:colcon.colcon_core.package_identification:_identify(src/my_package) by extensions ['ros']
[0.673s] Level 1:colcon.colcon_core.package_identification:_identify(src/my_package) by extension 'ros'
[0.674s] DEBUG:colcon.colcon_core.package_identification:Package 'src/my_package' with type 'ros.ament_cmake' and name 'my_package'
[0.675s] Level 1:colcon.colcon_core.package_identification:_identify(src/pendulum_movement) by extensions ['ignore', 'ignore_ament_install']
[0.675s] Level 1:colcon.colcon_core.package_identification:_identify(src/pendulum_movement) by extension 'ignore'
[0.675s] Level 1:colcon.colcon_core.package_identification:_identify(src/pendulum_movement) by extension 'ignore_ament_install'
[0.676s] Level 1:colcon.colcon_core.package_identification:_identify(src/pendulum_movement) by extensions ['colcon_pkg']
[0.676s] Level 1:colcon.colcon_core.package_identification:_identify(src/pendulum_movement) by extension 'colcon_pkg'
[0.676s] Level 1:colcon.colcon_core.package_identification:_identify(src/pendulum_movement) by extensions ['colcon_meta']
[0.676s] Level 1:colcon.colcon_core.package_identification:_identify(src/pendulum_movement) by extension 'colcon_meta'
[0.676s] Level 1:colcon.colcon_core.package_identification:_identify(src/pendulum_movement) by extensions ['ros']
[0.676s] Level 1:colcon.colcon_core.package_identification:_identify(src/pendulum_movement) by extension 'ros'
[0.677s] DEBUG:colcon.colcon_core.package_identification:Package 'src/pendulum_movement' with type 'ros.ament_cmake' and name 'pendulum_movement'
[0.677s] Level 1:colcon.colcon_core.package_identification:_identify(src/tricycle) by extensions ['ignore', 'ignore_ament_install']
[0.677s] Level 1:colcon.colcon_core.package_identification:_identify(src/tricycle) by extension 'ignore'
[0.677s] Level 1:colcon.colcon_core.package_identification:_identify(src/tricycle) by extension 'ignore_ament_install'
[0.677s] Level 1:colcon.colcon_core.package_identification:_identify(src/tricycle) by extensions ['colcon_pkg']
[0.677s] Level 1:colcon.colcon_core.package_identification:_identify(src/tricycle) by extension 'colcon_pkg'
[0.677s] Level 1:colcon.colcon_core.package_identification:_identify(src/tricycle) by extensions ['colcon_meta']
[0.677s] Level 1:colcon.colcon_core.package_identification:_identify(src/tricycle) by extension 'colcon_meta'
[0.677s] Level 1:colcon.colcon_core.package_identification:_identify(src/tricycle) by extensions ['ros']
[0.677s] Level 1:colcon.colcon_core.package_identification:_identify(src/tricycle) by extension 'ros'
[0.678s] DEBUG:colcon.colcon_core.package_identification:Package 'src/tricycle' with type 'ros.ament_cmake' and name 'tricycle'
[0.679s] Level 1:colcon.colcon_core.package_identification:_identify(src/vibration) by extensions ['ignore', 'ignore_ament_install']
[0.679s] Level 1:colcon.colcon_core.package_identification:_identify(src/vibration) by extension 'ignore'
[0.679s] Level 1:colcon.colcon_core.package_identification:_identify(src/vibration) by extension 'ignore_ament_install'
[0.679s] Level 1:colcon.colcon_core.package_identification:_identify(src/vibration) by extensions ['colcon_pkg']
[0.679s] Level 1:colcon.colcon_core.package_identification:_identify(src/vibration) by extension 'colcon_pkg'
[0.679s] Level 1:colcon.colcon_core.package_identification:_identify(src/vibration) by extensions ['colcon_meta']
[0.679s] Level 1:colcon.colcon_core.package_identification:_identify(src/vibration) by extension 'colcon_meta'
[0.679s] Level 1:colcon.colcon_core.package_identification:_identify(src/vibration) by extensions ['ros']
[0.679s] Level 1:colcon.colcon_core.package_identification:_identify(src/vibration) by extension 'ros'
[0.680s] DEBUG:colcon.colcon_core.package_identification:Package 'src/vibration' with type 'ros.ament_cmake' and name 'vibration'
[0.680s] Level 1:colcon.colcon_core.package_discovery:discover_packages(recursive) using defaults
[0.680s] Level 1:colcon.colcon_core.package_discovery:discover_packages(ignore) discover
[0.680s] Level 1:colcon.colcon_core.package_discovery:discover_packages(ignore) using defaults
[0.680s] Level 1:colcon.colcon_core.package_discovery:discover_packages(path) discover
[0.680s] Level 1:colcon.colcon_core.package_discovery:discover_packages(path) using defaults
[0.718s] Level 1:colcon.colcon_core.package_discovery:discover_packages(prefix_path) check parameters
[0.719s] Level 1:colcon.colcon_core.package_discovery:discover_packages(prefix_path) discover
[0.726s] DEBUG:colcon.colcon_installed_package_information.package_discovery:Found 395 installed packages in /opt/ros/humble
[0.727s] Level 1:colcon.colcon_core.package_discovery:discover_packages(prefix_path) using defaults
[0.776s] Level 5:colcon.colcon_core.verb:set package 'ball_throwing' build argument 'cmake_args' from command line to 'None'
[0.777s] Level 5:colcon.colcon_core.verb:set package 'ball_throwing' build argument 'cmake_target' from command line to 'None'
[0.777s] Level 5:colcon.colcon_core.verb:set package 'ball_throwing' build argument 'cmake_target_skip_unavailable' from command line to 'False'
[0.777s] Level 5:colcon.colcon_core.verb:set package 'ball_throwing' build argument 'cmake_clean_cache' from command line to 'False'
[0.777s] Level 5:colcon.colcon_core.verb:set package 'ball_throwing' build argument 'cmake_clean_first' from command line to 'False'
[0.777s] Level 5:colcon.colcon_core.verb:set package 'ball_throwing' build argument 'cmake_force_configure' from command line to 'False'
[0.777s] Level 5:colcon.colcon_core.verb:set package 'ball_throwing' build argument 'ament_cmake_args' from command line to 'None'
[0.777s] Level 5:colcon.colcon_core.verb:set package 'ball_throwing' build argument 'catkin_cmake_args' from command line to 'None'
[0.777s] Level 5:colcon.colcon_core.verb:set package 'ball_throwing' build argument 'catkin_skip_building_tests' from command line to 'False'
[0.777s] DEBUG:colcon.colcon_core.verb:Building package 'ball_throwing' with the following arguments: {'ament_cmake_args': None, 'build_base': '/home/dareum/ME454/ros2_ws/build/ball_throwing', 'catkin_cmake_args': None, 'catkin_skip_building_tests': False, 'cmake_args': None, 'cmake_clean_cache': False, 'cmake_clean_first': False, 'cmake_force_configure': False, 'cmake_target': None, 'cmake_target_skip_unavailable': False, 'install_base': '/home/dareum/ME454/ros2_ws/install/ball_throwing', 'merge_install': False, 'path': '/home/dareum/ME454/ros2_ws/src/ball_throwing', 'symlink_install': False, 'test_result_base': None}
[0.777s] Level 5:colcon.colcon_core.verb:set package 'bowling' build argument 'cmake_args' from command line to 'None'
[0.777s] Level 5:colcon.colcon_core.verb:set package 'bowling' build argument 'cmake_target' from command line to 'None'
[0.777s] Level 5:colcon.colcon_core.verb:set package 'bowling' build argument 'cmake_target_skip_unavailable' from command line to 'False'
[0.777s] Level 5:colcon.colcon_core.verb:set package 'bowling' build argument 'cmake_clean_cache' from command line to 'False'
[0.777s] Level 5:colcon.colcon_core.verb:set package 'bowling' build argument 'cmake_clean_first' from command line to 'False'
[0.777s] Level 5:colcon.colcon_core.verb:set package 'bowling' build argument 'cmake_force_configure' from command line to 'False'
[0.777s] Level 5:colcon.colcon_core.verb:set package 'bowling' build argument 'ament_cmake_args' from command line to 'None'
[0.777s] Level 5:colcon.colcon_core.verb:set package 'bowling' build argument 'catkin_cmake_args' from command line to 'None'
[0.777s] Level 5:colcon.colcon_core.verb:set package 'bowling' build argument 'catkin_skip_building_tests' from command line to 'False'
[0.777s] DEBUG:colcon.colcon_core.verb:Building package 'bowling' with the following arguments: {'ament_cmake_args': None, 'build_base': '/home/dareum/ME454/ros2_ws/build/bowling', 'catkin_cmake_args': None, 'catkin_skip_building_tests': False, 'cmake_args': None, 'cmake_clean_cache': False, 'cmake_clean_first': False, 'cmake_force_configure': False, 'cmake_target': None, 'cmake_target_skip_unavailable': False, 'install_base': '/home/dareum/ME454/ros2_ws/install/bowling', 'merge_install': False, 'path': '/home/dareum/ME454/ros2_ws/src/bowling', 'symlink_install': False, 'test_result_base': None}
[0.778s] Level 5:colcon.colcon_core.verb:set package 'cartpole' build argument 'cmake_args' from command line to 'None'
[0.778s] Level 5:colcon.colcon_core.verb:set package 'cartpole' build argument 'cmake_target' from command line to 'None'
[0.778s] Level 5:colcon.colcon_core.verb:set package 'cartpole' build argument 'cmake_target_skip_unavailable' from command line to 'False'
[0.778s] Level 5:colcon.colcon_core.verb:set package 'cartpole' build argument 'cmake_clean_cache' from command line to 'False'
[0.778s] Level 5:colcon.colcon_core.verb:set package 'cartpole' build argument 'cmake_clean_first' from command line to 'False'
[0.778s] Level 5:colcon.colcon_core.verb:set package 'cartpole' build argument 'cmake_force_configure' from command line to 'False'
[0.778s] Level 5:colcon.colcon_core.verb:set package 'cartpole' build argument 'ament_cmake_args' from command line to 'None'
[0.778s] Level 5:colcon.colcon_core.verb:set package 'cartpole' build argument 'catkin_cmake_args' from command line to 'None'
[0.778s] Level 5:colcon.colcon_core.verb:set package 'cartpole' build argument 'catkin_skip_building_tests' from command line to 'False'
[0.778s] DEBUG:colcon.colcon_core.verb:Building package 'cartpole' with the following arguments: {'ament_cmake_args': None, 'build_base': '/home/dareum/ME454/ros2_ws/build/cartpole', 'catkin_cmake_args': None, 'catkin_skip_building_tests': False, 'cmake_args': None, 'cmake_clean_cache': False, 'cmake_clean_first': False, 'cmake_force_configure': False, 'cmake_target': None, 'cmake_target_skip_unavailable': False, 'install_base': '/home/dareum/ME454/ros2_ws/install/cartpole', 'merge_install': False, 'path': '/home/dareum/ME454/ros2_ws/src/cartpole', 'symlink_install': False, 'test_result_base': None}
[0.778s] Level 5:colcon.colcon_core.verb:set package 'coin_rolling_msg' build argument 'cmake_args' from command line to 'None'
[0.778s] Level 5:colcon.colcon_core.verb:set package 'coin_rolling_msg' build argument 'cmake_target' from command line to 'None'
[0.778s] Level 5:colcon.colcon_core.verb:set package 'coin_rolling_msg' build argument 'cmake_target_skip_unavailable' from command line to 'False'
[0.778s] Level 5:colcon.colcon_core.verb:set package 'coin_rolling_msg' build argument 'cmake_clean_cache' from command line to 'False'
[0.778s] Level 5:colcon.colcon_core.verb:set package 'coin_rolling_msg' build argument 'cmake_clean_first' from command line to 'False'
[0.778s] Level 5:colcon.colcon_core.verb:set package 'coin_rolling_msg' build argument 'cmake_force_configure' from command line to 'False'
[0.778s] Level 5:colcon.colcon_core.verb:set package 'coin_rolling_msg' build argument 'ament_cmake_args' from command line to 'None'
[0.778s] Level 5:colcon.colcon_core.verb:set package 'coin_rolling_msg' build argument 'catkin_cmake_args' from command line to 'None'
[0.778s] Level 5:colcon.colcon_core.verb:set package 'coin_rolling_msg' build argument 'catkin_skip_building_tests' from command line to 'False'
[0.778s] DEBUG:colcon.colcon_core.verb:Building package 'coin_rolling_msg' with the following arguments: {'ament_cmake_args': None, 'build_base': '/home/dareum/ME454/ros2_ws/build/coin_rolling_msg', 'catkin_cmake_args': None, 'catkin_skip_building_tests': False, 'cmake_args': None, 'cmake_clean_cache': False, 'cmake_clean_first': False, 'cmake_force_configure': False, 'cmake_target': None, 'cmake_target_skip_unavailable': False, 'install_base': '/home/dareum/ME454/ros2_ws/install/coin_rolling_msg', 'merge_install': False, 'path': '/home/dareum/ME454/ros2_ws/src/coin_rolling_msg', 'symlink_install': False, 'test_result_base': None}
[0.779s] Level 5:colcon.colcon_core.verb:set package 'crankshaft' build argument 'cmake_args' from command line to 'None'
[0.779s] Level 5:colcon.colcon_core.verb:set package 'crankshaft' build argument 'cmake_target' from command line to 'None'
[0.779s] Level 5:colcon.colcon_core.verb:set package 'crankshaft' build argument 'cmake_target_skip_unavailable' from command line to 'False'
[0.779s] Level 5:colcon.colcon_core.verb:set package 'crankshaft' build argument 'cmake_clean_cache' from command line to 'False'
[0.779s] Level 5:colcon.colcon_core.verb:set package 'crankshaft' build argument 'cmake_clean_first' from command line to 'False'
[0.779s] Level 5:colcon.colcon_core.verb:set package 'crankshaft' build argument 'cmake_force_configure' from command line to 'False'
[0.779s] Level 5:colcon.colcon_core.verb:set package 'crankshaft' build argument 'ament_cmake_args' from command line to 'None'
[0.779s] Level 5:colcon.colcon_core.verb:set package 'crankshaft' build argument 'catkin_cmake_args' from command line to 'None'
[0.779s] Level 5:colcon.colcon_core.verb:set package 'crankshaft' build argument 'catkin_skip_building_tests' from command line to 'False'
[0.779s] DEBUG:colcon.colcon_core.verb:Building package 'crankshaft' with the following arguments: {'ament_cmake_args': None, 'build_base': '/home/dareum/ME454/ros2_ws/build/crankshaft', 'catkin_cmake_args': None, 'catkin_skip_building_tests': False, 'cmake_args': None, 'cmake_clean_cache': False, 'cmake_clean_first': False, 'cmake_force_configure': False, 'cmake_target': None, 'cmake_target_skip_unavailable': False, 'install_base': '/home/dareum/ME454/ros2_ws/install/crankshaft', 'merge_install': False, 'path': '/home/dareum/ME454/ros2_ws/src/crankshaft', 'symlink_install': False, 'test_result_base': None}
[0.779s] Level 5:colcon.colcon_core.verb:set package 'four_bar_linkage' build argument 'cmake_args' from command line to 'None'
[0.779s] Level 5:colcon.colcon_core.verb:set package 'four_bar_linkage' build argument 'cmake_target' from command line to 'None'
[0.779s] Level 5:colcon.colcon_core.verb:set package 'four_bar_linkage' build argument 'cmake_target_skip_unavailable' from command line to 'False'
[0.779s] Level 5:colcon.colcon_core.verb:set package 'four_bar_linkage' build argument 'cmake_clean_cache' from command line to 'False'
[0.779s] Level 5:colcon.colcon_core.verb:set package 'four_bar_linkage' build argument 'cmake_clean_first' from command line to 'False'
[0.779s] Level 5:colcon.colcon_core.verb:set package 'four_bar_linkage' build argument 'cmake_force_configure' from command line to 'False'
[0.779s] Level 5:colcon.colcon_core.verb:set package 'four_bar_linkage' build argument 'ament_cmake_args' from command line to 'None'
[0.779s] Level 5:colcon.colcon_core.verb:set package 'four_bar_linkage' build argument 'catkin_cmake_args' from command line to 'None'
[0.779s] Level 5:colcon.colcon_core.verb:set package 'four_bar_linkage' build argument 'catkin_skip_building_tests' from command line to 'False'
[0.779s] DEBUG:colcon.colcon_core.verb:Building package 'four_bar_linkage' with the following arguments: {'ament_cmake_args': None, 'build_base': '/home/dareum/ME454/ros2_ws/build/four_bar_linkage', 'catkin_cmake_args': None, 'catkin_skip_building_tests': False, 'cmake_args': None, 'cmake_clean_cache': False, 'cmake_clean_first': False, 'cmake_force_configure': False, 'cmake_target': None, 'cmake_target_skip_unavailable': False, 'install_base': '/home/dareum/ME454/ros2_ws/install/four_bar_linkage', 'merge_install': False, 'path': '/home/dareum/ME454/ros2_ws/src/four_bar_linkage', 'symlink_install': False, 'test_result_base': None}
[0.780s] Level 5:colcon.colcon_core.verb:set package 'friction_test' build argument 'cmake_args' from command line to 'None'
[0.780s] Level 5:colcon.colcon_core.verb:set package 'friction_test' build argument 'cmake_target' from command line to 'None'
[0.780s] Level 5:colcon.colcon_core.verb:set package 'friction_test' build argument 'cmake_target_skip_unavailable' from command line to 'False'
[0.780s] Level 5:colcon.colcon_core.verb:set package 'friction_test' build argument 'cmake_clean_cache' from command line to 'False'
[0.780s] Level 5:colcon.colcon_core.verb:set package 'friction_test' build argument 'cmake_clean_first' from command line to 'False'
[0.780s] Level 5:colcon.colcon_core.verb:set package 'friction_test' build argument 'cmake_force_configure' from command line to 'False'
[0.780s] Level 5:colcon.colcon_core.verb:set package 'friction_test' build argument 'ament_cmake_args' from command line to 'None'
[0.780s] Level 5:colcon.colcon_core.verb:set package 'friction_test' build argument 'catkin_cmake_args' from command line to 'None'
[0.780s] Level 5:colcon.colcon_core.verb:set package 'friction_test' build argument 'catkin_skip_building_tests' from command line to 'False'
[0.780s] DEBUG:colcon.colcon_core.verb:Building package 'friction_test' with the following arguments: {'ament_cmake_args': None, 'build_base': '/home/dareum/ME454/ros2_ws/build/friction_test', 'catkin_cmake_args': None, 'catkin_skip_building_tests': False, 'cmake_args': None, 'cmake_clean_cache': False, 'cmake_clean_first': False, 'cmake_force_configure': False, 'cmake_target': None, 'cmake_target_skip_unavailable': False, 'install_base': '/home/dareum/ME454/ros2_ws/install/friction_test', 'merge_install': False, 'path': '/home/dareum/ME454/ros2_ws/src/friction_test', 'symlink_install': False, 'test_result_base': None}
[0.780s] Level 5:colcon.colcon_core.verb:set package 'gauss_summation' build argument 'cmake_args' from command line to 'None'
[0.780s] Level 5:colcon.colcon_core.verb:set package 'gauss_summation' build argument 'cmake_target' from command line to 'None'
[0.780s] Level 5:colcon.colcon_core.verb:set package 'gauss_summation' build argument 'cmake_target_skip_unavailable' from command line to 'False'
[0.780s] Level 5:colcon.colcon_core.verb:set package 'gauss_summation' build argument 'cmake_clean_cache' from command line to 'False'
[0.780s] Level 5:colcon.colcon_core.verb:set package 'gauss_summation' build argument 'cmake_clean_first' from command line to 'False'
[0.780s] Level 5:colcon.colcon_core.verb:set package 'gauss_summation' build argument 'cmake_force_configure' from command line to 'False'
[0.780s] Level 5:colcon.colcon_core.verb:set package 'gauss_summation' build argument 'ament_cmake_args' from command line to 'None'
[0.780s] Level 5:colcon.colcon_core.verb:set package 'gauss_summation' build argument 'catkin_cmake_args' from command line to 'None'
[0.780s] Level 5:colcon.colcon_core.verb:set package 'gauss_summation' build argument 'catkin_skip_building_tests' from command line to 'False'
[0.780s] DEBUG:colcon.colcon_core.verb:Building package 'gauss_summation' with the following arguments: {'ament_cmake_args': None, 'build_base': '/home/dareum/ME454/ros2_ws/build/gauss_summation', 'catkin_cmake_args': None, 'catkin_skip_building_tests': False, 'cmake_args': None, 'cmake_clean_cache': False, 'cmake_clean_first': False, 'cmake_force_configure': False, 'cmake_target': None, 'cmake_target_skip_unavailable': False, 'install_base': '/home/dareum/ME454/ros2_ws/install/gauss_summation', 'merge_install': False, 'path': '/home/dareum/ME454/ros2_ws/src/gauss_summation', 'symlink_install': False, 'test_result_base': None}
[0.781s] Level 5:colcon.colcon_core.verb:set package 'gazebo_ros2_control_demos' build argument 'cmake_args' from command line to 'None'
[0.781s] Level 5:colcon.colcon_core.verb:set package 'gazebo_ros2_control_demos' build argument 'cmake_target' from command line to 'None'
[0.781s] Level 5:colcon.colcon_core.verb:set package 'gazebo_ros2_control_demos' build argument 'cmake_target_skip_unavailable' from command line to 'False'
[0.781s] Level 5:colcon.colcon_core.verb:set package 'gazebo_ros2_control_demos' build argument 'cmake_clean_cache' from command line to 'False'
[0.781s] Level 5:colcon.colcon_core.verb:set package 'gazebo_ros2_control_demos' build argument 'cmake_clean_first' from command line to 'False'
[0.781s] Level 5:colcon.colcon_core.verb:set package 'gazebo_ros2_control_demos' build argument 'cmake_force_configure' from command line to 'False'
[0.781s] Level 5:colcon.colcon_core.verb:set package 'gazebo_ros2_control_demos' build argument 'ament_cmake_args' from command line to 'None'
[0.781s] Level 5:colcon.colcon_core.verb:set package 'gazebo_ros2_control_demos' build argument 'catkin_cmake_args' from command line to 'None'
[0.781s] Level 5:colcon.colcon_core.verb:set package 'gazebo_ros2_control_demos' build argument 'catkin_skip_building_tests' from command line to 'False'
[0.781s] DEBUG:colcon.colcon_core.verb:Building package 'gazebo_ros2_control_demos' with the following arguments: {'ament_cmake_args': None, 'build_base': '/home/dareum/ME454/ros2_ws/build/gazebo_ros2_control_demos', 'catkin_cmake_args': None, 'catkin_skip_building_tests': False, 'cmake_args': None, 'cmake_clean_cache': False, 'cmake_clean_first': False, 'cmake_force_configure': False, 'cmake_target': None, 'cmake_target_skip_unavailable': False, 'install_base': '/home/dareum/ME454/ros2_ws/install/gazebo_ros2_control_demos', 'merge_install': False, 'path': '/home/dareum/ME454/ros2_ws/src/gazebo_ros2_control_demos', 'symlink_install': False, 'test_result_base': None}
[0.781s] Level 5:colcon.colcon_core.verb:set package 'lidar_basic' build argument 'cmake_args' from command line to 'None'
[0.781s] Level 5:colcon.colcon_core.verb:set package 'lidar_basic' build argument 'cmake_target' from command line to 'None'
[0.781s] Level 5:colcon.colcon_core.verb:set package 'lidar_basic' build argument 'cmake_target_skip_unavailable' from command line to 'False'
[0.781s] Level 5:colcon.colcon_core.verb:set package 'lidar_basic' build argument 'cmake_clean_cache' from command line to 'False'
[0.781s] Level 5:colcon.colcon_core.verb:set package 'lidar_basic' build argument 'cmake_clean_first' from command line to 'False'
[0.781s] Level 5:colcon.colcon_core.verb:set package 'lidar_basic' build argument 'cmake_force_configure' from command line to 'False'
[0.781s] Level 5:colcon.colcon_core.verb:set package 'lidar_basic' build argument 'ament_cmake_args' from command line to 'None'
[0.781s] Level 5:colcon.colcon_core.verb:set package 'lidar_basic' build argument 'catkin_cmake_args' from command line to 'None'
[0.781s] Level 5:colcon.colcon_core.verb:set package 'lidar_basic' build argument 'catkin_skip_building_tests' from command line to 'False'
[0.781s] DEBUG:colcon.colcon_core.verb:Building package 'lidar_basic' with the following arguments: {'ament_cmake_args': None, 'build_base': '/home/dareum/ME454/ros2_ws/build/lidar_basic', 'catkin_cmake_args': None, 'catkin_skip_building_tests': False, 'cmake_args': None, 'cmake_clean_cache': False, 'cmake_clean_first': False, 'cmake_force_configure': False, 'cmake_target': None, 'cmake_target_skip_unavailable': False, 'install_base': '/home/dareum/ME454/ros2_ws/install/lidar_basic', 'merge_install': False, 'path': '/home/dareum/ME454/ros2_ws/src/lidar_basic', 'symlink_install': False, 'test_result_base': None}
[0.781s] Level 5:colcon.colcon_core.verb:set package 'my_package' build argument 'cmake_args' from command line to 'None'
[0.781s] Level 5:colcon.colcon_core.verb:set package 'my_package' build argument 'cmake_target' from command line to 'None'
[0.781s] Level 5:colcon.colcon_core.verb:set package 'my_package' build argument 'cmake_target_skip_unavailable' from command line to 'False'
[0.782s] Level 5:colcon.colcon_core.verb:set package 'my_package' build argument 'cmake_clean_cache' from command line to 'False'
[0.782s] Level 5:colcon.colcon_core.verb:set package 'my_package' build argument 'cmake_clean_first' from command line to 'False'
[0.782s] Level 5:colcon.colcon_core.verb:set package 'my_package' build argument 'cmake_force_configure' from command line to 'False'
[0.782s] Level 5:colcon.colcon_core.verb:set package 'my_package' build argument 'ament_cmake_args' from command line to 'None'
[0.782s] Level 5:colcon.colcon_core.verb:set package 'my_package' build argument 'catkin_cmake_args' from command line to 'None'
[0.782s] Level 5:colcon.colcon_core.verb:set package 'my_package' build argument 'catkin_skip_building_tests' from command line to 'False'
[0.782s] DEBUG:colcon.colcon_core.verb:Building package 'my_package' with the following arguments: {'ament_cmake_args': None, 'build_base': '/home/dareum/ME454/ros2_ws/build/my_package', 'catkin_cmake_args': None, 'catkin_skip_building_tests': False, 'cmake_args': None, 'cmake_clean_cache': False, 'cmake_clean_first': False, 'cmake_force_configure': False, 'cmake_target': None, 'cmake_target_skip_unavailable': False, 'install_base': '/home/dareum/ME454/ros2_ws/install/my_package', 'merge_install': False, 'path': '/home/dareum/ME454/ros2_ws/src/my_package', 'symlink_install': False, 'test_result_base': None}
[0.782s] Level 5:colcon.colcon_core.verb:set package 'pendulum_movement' build argument 'cmake_args' from command line to 'None'
[0.782s] Level 5:colcon.colcon_core.verb:set package 'pendulum_movement' build argument 'cmake_target' from command line to 'None'
[0.782s] Level 5:colcon.colcon_core.verb:set package 'pendulum_movement' build argument 'cmake_target_skip_unavailable' from command line to 'False'
[0.782s] Level 5:colcon.colcon_core.verb:set package 'pendulum_movement' build argument 'cmake_clean_cache' from command line to 'False'
[0.782s] Level 5:colcon.colcon_core.verb:set package 'pendulum_movement' build argument 'cmake_clean_first' from command line to 'False'
[0.782s] Level 5:colcon.colcon_core.verb:set package 'pendulum_movement' build argument 'cmake_force_configure' from command line to 'False'
[0.782s] Level 5:colcon.colcon_core.verb:set package 'pendulum_movement' build argument 'ament_cmake_args' from command line to 'None'
[0.782s] Level 5:colcon.colcon_core.verb:set package 'pendulum_movement' build argument 'catkin_cmake_args' from command line to 'None'
[0.782s] Level 5:colcon.colcon_core.verb:set package 'pendulum_movement' build argument 'catkin_skip_building_tests' from command line to 'False'
[0.782s] DEBUG:colcon.colcon_core.verb:Building package 'pendulum_movement' with the following arguments: {'ament_cmake_args': None, 'build_base': '/home/dareum/ME454/ros2_ws/build/pendulum_movement', 'catkin_cmake_args': None, 'catkin_skip_building_tests': False, 'cmake_args': None, 'cmake_clean_cache': False, 'cmake_clean_first': False, 'cmake_force_configure': False, 'cmake_target': None, 'cmake_target_skip_unavailable': False, 'install_base': '/home/dareum/ME454/ros2_ws/install/pendulum_movement', 'merge_install': False, 'path': '/home/dareum/ME454/ros2_ws/src/pendulum_movement', 'symlink_install': False, 'test_result_base': None}
[0.783s] Level 5:colcon.colcon_core.verb:set package 'tricycle' build argument 'cmake_args' from command line to 'None'
[0.783s] Level 5:colcon.colcon_core.verb:set package 'tricycle' build argument 'cmake_target' from command line to 'None'
[0.783s] Level 5:colcon.colcon_core.verb:set package 'tricycle' build argument 'cmake_target_skip_unavailable' from command line to 'False'
[0.783s] Level 5:colcon.colcon_core.verb:set package 'tricycle' build argument 'cmake_clean_cache' from command line to 'False'
[0.783s] Level 5:colcon.colcon_core.verb:set package 'tricycle' build argument 'cmake_clean_first' from command line to 'False'
[0.783s] Level 5:colcon.colcon_core.verb:set package 'tricycle' build argument 'cmake_force_configure' from command line to 'False'
[0.783s] Level 5:colcon.colcon_core.verb:set package 'tricycle' build argument 'ament_cmake_args' from command line to 'None'
[0.783s] Level 5:colcon.colcon_core.verb:set package 'tricycle' build argument 'catkin_cmake_args' from command line to 'None'
[0.783s] Level 5:colcon.colcon_core.verb:set package 'tricycle' build argument 'catkin_skip_building_tests' from command line to 'False'
[0.783s] DEBUG:colcon.colcon_core.verb:Building package 'tricycle' with the following arguments: {'ament_cmake_args': None, 'build_base': '/home/dareum/ME454/ros2_ws/build/tricycle', 'catkin_cmake_args': None, 'catkin_skip_building_tests': False, 'cmake_args': None, 'cmake_clean_cache': False, 'cmake_clean_first': False, 'cmake_force_configure': False, 'cmake_target': None, 'cmake_target_skip_unavailable': False, 'install_base': '/home/dareum/ME454/ros2_ws/install/tricycle', 'merge_install': False, 'path': '/home/dareum/ME454/ros2_ws/src/tricycle', 'symlink_install': False, 'test_result_base': None}
[0.783s] Level 5:colcon.colcon_core.verb:set package 'vibration' build argument 'cmake_args' from command line to 'None'
[0.783s] Level 5:colcon.colcon_core.verb:set package 'vibration' build argument 'cmake_target' from command line to 'None'
[0.783s] Level 5:colcon.colcon_core.verb:set package 'vibration' build argument 'cmake_target_skip_unavailable' from command line to 'False'
[0.783s] Level 5:colcon.colcon_core.verb:set package 'vibration' build argument 'cmake_clean_cache' from command line to 'False'
[0.783s] Level 5:colcon.colcon_core.verb:set package 'vibration' build argument 'cmake_clean_first' from command line to 'False'
[0.783s] Level 5:colcon.colcon_core.verb:set package 'vibration' build argument 'cmake_force_configure' from command line to 'False'
[0.783s] Level 5:colcon.colcon_core.verb:set package 'vibration' build argument 'ament_cmake_args' from command line to 'None'
[0.783s] Level 5:colcon.colcon_core.verb:set package 'vibration' build argument 'catkin_cmake_args' from command line to 'None'
[0.783s] Level 5:colcon.colcon_core.verb:set package 'vibration' build argument 'catkin_skip_building_tests' from command line to 'False'
[0.783s] DEBUG:colcon.colcon_core.verb:Building package 'vibration' with the following arguments: {'ament_cmake_args': None, 'build_base': '/home/dareum/ME454/ros2_ws/build/vibration', 'catkin_cmake_args': None, 'catkin_skip_building_tests': False, 'cmake_args': None, 'cmake_clean_cache': False, 'cmake_clean_first': False, 'cmake_force_configure': False, 'cmake_target': None, 'cmake_target_skip_unavailable': False, 'install_base': '/home/dareum/ME454/ros2_ws/install/vibration', 'merge_install': False, 'path': '/home/dareum/ME454/ros2_ws/src/vibration', 'symlink_install': False, 'test_result_base': None}
[0.783s] Level 5:colcon.colcon_core.verb:set package 'coin_rolling' build argument 'cmake_args' from command line to 'None'
[0.783s] Level 5:colcon.colcon_core.verb:set package 'coin_rolling' build argument 'cmake_target' from command line to 'None'
[0.783s] Level 5:colcon.colcon_core.verb:set package 'coin_rolling' build argument 'cmake_target_skip_unavailable' from command line to 'False'
[0.784s] Level 5:colcon.colcon_core.verb:set package 'coin_rolling' build argument 'cmake_clean_cache' from command line to 'False'
[0.784s] Level 5:colcon.colcon_core.verb:set package 'coin_rolling' build argument 'cmake_clean_first' from command line to 'False'
[0.784s] Level 5:colcon.colcon_core.verb:set package 'coin_rolling' build argument 'cmake_force_configure' from command line to 'False'
[0.784s] Level 5:colcon.colcon_core.verb:set package 'coin_rolling' build argument 'ament_cmake_args' from command line to 'None'
[0.784s] Level 5:colcon.colcon_core.verb:set package 'coin_rolling' build argument 'catkin_cmake_args' from command line to 'None'
[0.784s] Level 5:colcon.colcon_core.verb:set package 'coin_rolling' build argument 'catkin_skip_building_tests' from command line to 'False'
[0.784s] DEBUG:colcon.colcon_core.verb:Building package 'coin_rolling' with the following arguments: {'ament_cmake_args': None, 'build_base': '/home/dareum/ME454/ros2_ws/build/coin_rolling', 'catkin_cmake_args': None, 'catkin_skip_building_tests': False, 'cmake_args': None, 'cmake_clean_cache': False, 'cmake_clean_first': False, 'cmake_force_configure': False, 'cmake_target': None, 'cmake_target_skip_unavailable': False, 'install_base': '/home/dareum/ME454/ros2_ws/install/coin_rolling', 'merge_install': False, 'path': '/home/dareum/ME454/ros2_ws/src/coin_rolling', 'symlink_install': False, 'test_result_base': None}
[0.784s] INFO:colcon.colcon_core.executor:Executing jobs using 'parallel' executor
[0.785s] DEBUG:colcon.colcon_parallel_executor.executor.parallel:run_until_complete
[0.786s] INFO:colcon.colcon_ros.task.ament_cmake.build:Building ROS package in '/home/dareum/ME454/ros2_ws/src/coin_rolling_msg' with build type 'ament_cmake'
[0.786s] INFO:colcon.colcon_cmake.task.cmake.build:Building CMake package in '/home/dareum/ME454/ros2_ws/src/coin_rolling_msg'
[0.801s] INFO:colcon.colcon_core.plugin_system:Skipping extension 'colcon_core.shell.bat': Not used on non-Windows systems
[0.801s] INFO:colcon.colcon_core.shell:Skip shell extension 'powershell' for command environment: Not usable outside of PowerShell
[0.801s] DEBUG:colcon.colcon_core.shell:Skip shell extension 'dsv' for command environment
[0.809s] INFO:colcon.colcon_ros.task.ament_cmake.build:Building ROS package in '/home/dareum/ME454/ros2_ws/src/ball_throwing' with build type 'ament_cmake'
[0.809s] INFO:colcon.colcon_cmake.task.cmake.build:Building CMake package in '/home/dareum/ME454/ros2_ws/src/ball_throwing'
[0.809s] INFO:colcon.colcon_core.shell:Skip shell extension 'powershell' for command environment: Not usable outside of PowerShell
[0.809s] DEBUG:colcon.colcon_core.shell:Skip shell extension 'dsv' for command environment
[0.813s] INFO:colcon.colcon_ros.task.ament_cmake.build:Building ROS package in '/home/dareum/ME454/ros2_ws/src/bowling' with build type 'ament_cmake'
[0.813s] INFO:colcon.colcon_cmake.task.cmake.build:Building CMake package in '/home/dareum/ME454/ros2_ws/src/bowling'
[0.813s] INFO:colcon.colcon_core.shell:Skip shell extension 'powershell' for command environment: Not usable outside of PowerShell
[0.813s] DEBUG:colcon.colcon_core.shell:Skip shell extension 'dsv' for command environment
[0.817s] INFO:colcon.colcon_ros.task.ament_cmake.build:Building ROS package in '/home/dareum/ME454/ros2_ws/src/cartpole' with build type 'ament_cmake'
[0.817s] INFO:colcon.colcon_cmake.task.cmake.build:Building CMake package in '/home/dareum/ME454/ros2_ws/src/cartpole'
[0.817s] INFO:colcon.colcon_core.shell:Skip shell extension 'powershell' for command environment: Not usable outside of PowerShell
[0.818s] DEBUG:colcon.colcon_core.shell:Skip shell extension 'dsv' for command environment
[0.822s] INFO:colcon.colcon_ros.task.ament_cmake.build:Building ROS package in '/home/dareum/ME454/ros2_ws/src/crankshaft' with build type 'ament_cmake'
[0.823s] INFO:colcon.colcon_cmake.task.cmake.build:Building CMake package in '/home/dareum/ME454/ros2_ws/src/crankshaft'
[0.823s] INFO:colcon.colcon_core.shell:Skip shell extension 'powershell' for command environment: Not usable outside of PowerShell
[0.824s] DEBUG:colcon.colcon_core.shell:Skip shell extension 'dsv' for command environment
[0.828s] INFO:colcon.colcon_ros.task.ament_cmake.build:Building ROS package in '/home/dareum/ME454/ros2_ws/src/four_bar_linkage' with build type 'ament_cmake'
[0.828s] INFO:colcon.colcon_cmake.task.cmake.build:Building CMake package in '/home/dareum/ME454/ros2_ws/src/four_bar_linkage'
[0.829s] INFO:colcon.colcon_core.shell:Skip shell extension 'powershell' for command environment: Not usable outside of PowerShell
[0.829s] DEBUG:colcon.colcon_core.shell:Skip shell extension 'dsv' for command environment
[0.837s] INFO:colcon.colcon_ros.task.ament_cmake.build:Building ROS package in '/home/dareum/ME454/ros2_ws/src/friction_test' with build type 'ament_cmake'
[0.837s] INFO:colcon.colcon_cmake.task.cmake.build:Building CMake package in '/home/dareum/ME454/ros2_ws/src/friction_test'
[0.838s] INFO:colcon.colcon_core.shell:Skip shell extension 'powershell' for command environment: Not usable outside of PowerShell
[0.838s] DEBUG:colcon.colcon_core.shell:Skip shell extension 'dsv' for command environment
[0.843s] INFO:colcon.colcon_ros.task.ament_cmake.build:Building ROS package in '/home/dareum/ME454/ros2_ws/src/gauss_summation' with build type 'ament_cmake'
[0.843s] INFO:colcon.colcon_cmake.task.cmake.build:Building CMake package in '/home/dareum/ME454/ros2_ws/src/gauss_summation'
[0.844s] INFO:colcon.colcon_core.shell:Skip shell extension 'powershell' for command environment: Not usable outside of PowerShell
[0.844s] DEBUG:colcon.colcon_core.shell:Skip shell extension 'dsv' for command environment
[0.849s] INFO:colcon.colcon_ros.task.ament_cmake.build:Building ROS package in '/home/dareum/ME454/ros2_ws/src/gazebo_ros2_control_demos' with build type 'ament_cmake'
[0.849s] INFO:colcon.colcon_cmake.task.cmake.build:Building CMake package in '/home/dareum/ME454/ros2_ws/src/gazebo_ros2_control_demos'
[0.850s] INFO:colcon.colcon_core.shell:Skip shell extension 'powershell' for command environment: Not usable outside of PowerShell
[0.850s] DEBUG:colcon.colcon_core.shell:Skip shell extension 'dsv' for command environment
[0.855s] INFO:colcon.colcon_ros.task.ament_cmake.build:Building ROS package in '/home/dareum/ME454/ros2_ws/src/lidar_basic' with build type 'ament_cmake'
[0.856s] INFO:colcon.colcon_cmake.task.cmake.build:Building CMake package in '/home/dareum/ME454/ros2_ws/src/lidar_basic'
[0.856s] INFO:colcon.colcon_core.shell:Skip shell extension 'powershell' for command environment: Not usable outside of PowerShell
[0.856s] DEBUG:colcon.colcon_core.shell:Skip shell extension 'dsv' for command environment
[0.861s] INFO:colcon.colcon_ros.task.ament_cmake.build:Building ROS package in '/home/dareum/ME454/ros2_ws/src/my_package' with build type 'ament_cmake'
[0.861s] INFO:colcon.colcon_cmake.task.cmake.build:Building CMake package in '/home/dareum/ME454/ros2_ws/src/my_package'
[0.862s] INFO:colcon.colcon_core.shell:Skip shell extension 'powershell' for command environment: Not usable outside of PowerShell
[0.862s] DEBUG:colcon.colcon_core.shell:Skip shell extension 'dsv' for command environment
[0.866s] INFO:colcon.colcon_ros.task.ament_cmake.build:Building ROS package in '/home/dareum/ME454/ros2_ws/src/pendulum_movement' with build type 'ament_cmake'
[0.867s] INFO:colcon.colcon_cmake.task.cmake.build:Building CMake package in '/home/dareum/ME454/ros2_ws/src/pendulum_movement'
[0.867s] INFO:colcon.colcon_core.shell:Skip shell extension 'powershell' for command environment: Not usable outside of PowerShell
[0.868s] DEBUG:colcon.colcon_core.shell:Skip shell extension 'dsv' for command environment
[0.873s] INFO:colcon.colcon_ros.task.ament_cmake.build:Building ROS package in '/home/dareum/ME454/ros2_ws/src/tricycle' with build type 'ament_cmake'
[0.874s] INFO:colcon.colcon_cmake.task.cmake.build:Building CMake package in '/home/dareum/ME454/ros2_ws/src/tricycle'
[0.874s] INFO:colcon.colcon_core.shell:Skip shell extension 'powershell' for command environment: Not usable outside of PowerShell
[0.875s] DEBUG:colcon.colcon_core.shell:Skip shell extension 'dsv' for command environment
[0.880s] INFO:colcon.colcon_ros.task.ament_cmake.build:Building ROS package in '/home/dareum/ME454/ros2_ws/src/vibration' with build type 'ament_cmake'
[0.881s] INFO:colcon.colcon_cmake.task.cmake.build:Building CMake package in '/home/dareum/ME454/ros2_ws/src/vibration'
[0.881s] INFO:colcon.colcon_core.shell:Skip shell extension 'powershell' for command environment: Not usable outside of PowerShell
[0.881s] DEBUG:colcon.colcon_core.shell:Skip shell extension 'dsv' for command environment
[0.896s] DEBUG:colcon.colcon_core.event_handler.log_command:Invoking command in '/home/dareum/ME454/ros2_ws/build/coin_rolling_msg': CMAKE_PREFIX_PATH=/opt/ros/humble CONDA_PROMPT_MODIFIER=(mujoco_py) /usr/bin/cmake /home/dareum/ME454/ros2_ws/src/coin_rolling_msg -DCMAKE_INSTALL_PREFIX=/home/dareum/ME454/ros2_ws/install/coin_rolling_msg
[0.907s] DEBUG:colcon.colcon_core.event_handler.log_command:Invoking command in '/home/dareum/ME454/ros2_ws/build/ball_throwing': CMAKE_PREFIX_PATH=/opt/ros/humble CONDA_PROMPT_MODIFIER=(mujoco_py) /usr/bin/cmake /home/dareum/ME454/ros2_ws/src/ball_throwing -DCMAKE_INSTALL_PREFIX=/home/dareum/ME454/ros2_ws/install/ball_throwing
[0.912s] DEBUG:colcon.colcon_core.event_handler.log_command:Invoking command in '/home/dareum/ME454/ros2_ws/build/bowling': CMAKE_PREFIX_PATH=/opt/ros/humble CONDA_PROMPT_MODIFIER=(mujoco_py) /usr/bin/cmake /home/dareum/ME454/ros2_ws/src/bowling -DCMAKE_INSTALL_PREFIX=/home/dareum/ME454/ros2_ws/install/bowling
[0.919s] DEBUG:colcon.colcon_core.event_handler.log_command:Invoking command in '/home/dareum/ME454/ros2_ws/build/cartpole': CMAKE_PREFIX_PATH=/opt/ros/humble CONDA_PROMPT_MODIFIER=(mujoco_py) /usr/bin/cmake /home/dareum/ME454/ros2_ws/src/cartpole -DCMAKE_INSTALL_PREFIX=/home/dareum/ME454/ros2_ws/install/cartpole
[0.929s] DEBUG:colcon.colcon_core.event_handler.log_command:Invoking command in '/home/dareum/ME454/ros2_ws/build/crankshaft': CMAKE_PREFIX_PATH=/opt/ros/humble CONDA_PROMPT_MODIFIER=(mujoco_py) /usr/bin/cmake /home/dareum/ME454/ros2_ws/src/crankshaft -DCMAKE_INSTALL_PREFIX=/home/dareum/ME454/ros2_ws/install/crankshaft
[0.936s] DEBUG:colcon.colcon_core.event_handler.log_command:Invoking command in '/home/dareum/ME454/ros2_ws/build/four_bar_linkage': CMAKE_PREFIX_PATH=/opt/ros/humble CONDA_PROMPT_MODIFIER=(mujoco_py) /usr/bin/cmake /home/dareum/ME454/ros2_ws/src/four_bar_linkage -DCMAKE_INSTALL_PREFIX=/home/dareum/ME454/ros2_ws/install/four_bar_linkage
[0.939s] DEBUG:colcon.colcon_core.event_handler.log_command:Invoking command in '/home/dareum/ME454/ros2_ws/build/friction_test': CMAKE_PREFIX_PATH=/opt/ros/humble CONDA_PROMPT_MODIFIER=(mujoco_py) /usr/bin/cmake /home/dareum/ME454/ros2_ws/src/friction_test -DCMAKE_INSTALL_PREFIX=/home/dareum/ME454/ros2_ws/install/friction_test
[0.946s] DEBUG:colcon.colcon_core.event_handler.log_command:Invoking command in '/home/dareum/ME454/ros2_ws/build/gauss_summation': CMAKE_PREFIX_PATH=/opt/ros/humble CONDA_PROMPT_MODIFIER=(mujoco_py) /usr/bin/cmake /home/dareum/ME454/ros2_ws/src/gauss_summation -DCMAKE_INSTALL_PREFIX=/home/dareum/ME454/ros2_ws/install/gauss_summation
[0.959s] DEBUG:colcon.colcon_core.event_handler.log_command:Invoking command in '/home/dareum/ME454/ros2_ws/build/gazebo_ros2_control_demos': CMAKE_PREFIX_PATH=/opt/ros/humble CONDA_PROMPT_MODIFIER=(mujoco_py) /usr/bin/cmake /home/dareum/ME454/ros2_ws/src/gazebo_ros2_control_demos -DCMAKE_INSTALL_PREFIX=/home/dareum/ME454/ros2_ws/install/gazebo_ros2_control_demos
[0.977s] DEBUG:colcon.colcon_core.event_handler.log_command:Invoking command in '/home/dareum/ME454/ros2_ws/build/lidar_basic': CMAKE_PREFIX_PATH=/opt/ros/humble CONDA_PROMPT_MODIFIER=(mujoco_py) /usr/bin/cmake --build /home/dareum/ME454/ros2_ws/build/lidar_basic -- -j16 -l16
[0.983s] DEBUG:colcon.colcon_core.event_handler.log_command:Invoking command in '/home/dareum/ME454/ros2_ws/build/my_package': CMAKE_PREFIX_PATH=/opt/ros/humble CONDA_PROMPT_MODIFIER=(mujoco_py) /usr/bin/cmake /home/dareum/ME454/ros2_ws/src/my_package -DCMAKE_INSTALL_PREFIX=/home/dareum/ME454/ros2_ws/install/my_package
[1.002s] DEBUG:colcon.colcon_core.event_handler.log_command:Invoking command in '/home/dareum/ME454/ros2_ws/build/pendulum_movement': CMAKE_PREFIX_PATH=/opt/ros/humble CONDA_PROMPT_MODIFIER=(mujoco_py) /usr/bin/cmake /home/dareum/ME454/ros2_ws/src/pendulum_movement -DCMAKE_INSTALL_PREFIX=/home/dareum/ME454/ros2_ws/install/pendulum_movement
[1.009s] DEBUG:colcon.colcon_core.event_handler.log_command:Invoking command in '/home/dareum/ME454/ros2_ws/build/tricycle': CMAKE_PREFIX_PATH=/opt/ros/humble CONDA_PROMPT_MODIFIER=(mujoco_py) /usr/bin/cmake /home/dareum/ME454/ros2_ws/src/tricycle -DCMAKE_INSTALL_PREFIX=/home/dareum/ME454/ros2_ws/install/tricycle
[1.011s] DEBUG:colcon.colcon_core.event_handler.log_command:Invoking command in '/home/dareum/ME454/ros2_ws/build/vibration': CMAKE_PREFIX_PATH=/opt/ros/humble CONDA_PROMPT_MODIFIER=(mujoco_py) /usr/bin/cmake /home/dareum/ME454/ros2_ws/src/vibration -DCMAKE_INSTALL_PREFIX=/home/dareum/ME454/ros2_ws/install/vibration
[5.407s] DEBUG:colcon.colcon_core.event_handler.log_command:Invoked command in '/home/dareum/ME454/ros2_ws/build/bowling' returned '1': CMAKE_PREFIX_PATH=/opt/ros/humble CONDA_PROMPT_MODIFIER=(mujoco_py) /usr/bin/cmake /home/dareum/ME454/ros2_ws/src/bowling -DCMAKE_INSTALL_PREFIX=/home/dareum/ME454/ros2_ws/install/bowling
[5.437s] DEBUG:colcon.colcon_core.event_handler.log_command:Invoked command in '/home/dareum/ME454/ros2_ws/build/ball_throwing' returned '1': CMAKE_PREFIX_PATH=/opt/ros/humble CONDA_PROMPT_MODIFIER=(mujoco_py) /usr/bin/cmake /home/dareum/ME454/ros2_ws/src/ball_throwing -DCMAKE_INSTALL_PREFIX=/home/dareum/ME454/ros2_ws/install/ball_throwing
[5.440s] Level 1:colcon.colcon_core.environment:create_environment_scripts_only(bowling)
[5.457s] DEBUG:colcon.colcon_core.event_handler.log_command:Invoked command in '/home/dareum/ME454/ros2_ws/build/pendulum_movement' returned '1': CMAKE_PREFIX_PATH=/opt/ros/humble CONDA_PROMPT_MODIFIER=(mujoco_py) /usr/bin/cmake /home/dareum/ME454/ros2_ws/src/pendulum_movement -DCMAKE_INSTALL_PREFIX=/home/dareum/ME454/ros2_ws/install/pendulum_movement
[5.458s] DEBUG:colcon.colcon_core.event_handler.log_command:Invoked command in '/home/dareum/ME454/ros2_ws/build/tricycle' returned '1': CMAKE_PREFIX_PATH=/opt/ros/humble CONDA_PROMPT_MODIFIER=(mujoco_py) /usr/bin/cmake /home/dareum/ME454/ros2_ws/src/tricycle -DCMAKE_INSTALL_PREFIX=/home/dareum/ME454/ros2_ws/install/tricycle
[5.466s] Level 1:colcon.colcon_core.environment:checking '/home/dareum/ME454/ros2_ws/install/bowling' for CMake module files
[5.467s] Level 1:colcon.colcon_core.environment:checking '/home/dareum/ME454/ros2_ws/install/bowling' for CMake config files
[5.467s] Level 1:colcon.colcon_core.environment:checking '/home/dareum/ME454/ros2_ws/install/bowling/bin'
[5.467s] Level 1:colcon.colcon_core.environment:checking '/home/dareum/ME454/ros2_ws/install/bowling/lib/pkgconfig/bowling.pc'
[5.467s] Level 1:colcon.colcon_core.environment:checking '/home/dareum/ME454/ros2_ws/install/bowling/lib/python3.10/site-packages'
[5.468s] Level 1:colcon.colcon_core.environment:checking '/home/dareum/ME454/ros2_ws/install/bowling/bin'
[5.468s] INFO:colcon.colcon_core.shell:Creating package script '/home/dareum/ME454/ros2_ws/install/bowling/share/bowling/package.ps1'
[5.471s] INFO:colcon.colcon_core.shell:Creating package descriptor '/home/dareum/ME454/ros2_ws/install/bowling/share/bowling/package.dsv'
[5.472s] INFO:colcon.colcon_core.shell:Creating package script '/home/dareum/ME454/ros2_ws/install/bowling/share/bowling/package.sh'
[5.473s] INFO:colcon.colcon_core.shell:Creating package script '/home/dareum/ME454/ros2_ws/install/bowling/share/bowling/package.bash'
[5.476s] INFO:colcon.colcon_core.shell:Creating package script '/home/dareum/ME454/ros2_ws/install/bowling/share/bowling/package.zsh'
[5.478s] Level 1:colcon.colcon_core.environment:create_file_with_runtime_dependencies(/home/dareum/ME454/ros2_ws/install/bowling/share/colcon-core/packages/bowling)
[5.479s] Level 1:colcon.colcon_core.environment:create_environment_scripts_only(ball_throwing)
[5.480s] Level 1:colcon.colcon_core.environment:checking '/home/dareum/ME454/ros2_ws/install/ball_throwing' for CMake module files
[5.481s] Level 1:colcon.colcon_core.environment:checking '/home/dareum/ME454/ros2_ws/install/ball_throwing' for CMake config files
[5.482s] Level 1:colcon.colcon_core.environment:checking '/home/dareum/ME454/ros2_ws/install/ball_throwing/bin'
[5.482s] Level 1:colcon.colcon_core.environment:checking '/home/dareum/ME454/ros2_ws/install/ball_throwing/lib/pkgconfig/ball_throwing.pc'
[5.483s] Level 1:colcon.colcon_core.environment:checking '/home/dareum/ME454/ros2_ws/install/ball_throwing/lib/python3.10/site-packages'
[5.483s] Level 1:colcon.colcon_core.environment:checking '/home/dareum/ME454/ros2_ws/install/ball_throwing/bin'
[5.483s] INFO:colcon.colcon_core.shell:Creating package script '/home/dareum/ME454/ros2_ws/install/ball_throwing/share/ball_throwing/package.ps1'
[5.485s] INFO:colcon.colcon_core.shell:Creating package descriptor '/home/dareum/ME454/ros2_ws/install/ball_throwing/share/ball_throwing/package.dsv'
[5.485s] INFO:colcon.colcon_core.shell:Creating package script '/home/dareum/ME454/ros2_ws/install/ball_throwing/share/ball_throwing/package.sh'
[5.486s] INFO:colcon.colcon_core.shell:Creating package script '/home/dareum/ME454/ros2_ws/install/ball_throwing/share/ball_throwing/package.bash'
[5.486s] INFO:colcon.colcon_core.shell:Creating package script '/home/dareum/ME454/ros2_ws/install/ball_throwing/share/ball_throwing/package.zsh'
[5.487s] Level 1:colcon.colcon_core.environment:create_file_with_runtime_dependencies(/home/dareum/ME454/ros2_ws/install/ball_throwing/share/colcon-core/packages/ball_throwing)
[5.492s] DEBUG:colcon.colcon_core.event_handler.log_command:Invoked command in '/home/dareum/ME454/ros2_ws/build/my_package' returned '1': CMAKE_PREFIX_PATH=/opt/ros/humble CONDA_PROMPT_MODIFIER=(mujoco_py) /usr/bin/cmake /home/dareum/ME454/ros2_ws/src/my_package -DCMAKE_INSTALL_PREFIX=/home/dareum/ME454/ros2_ws/install/my_package
[22.649s] DEBUG:colcon.colcon_parallel_executor.executor.parallel:closing loop
[22.649s] DEBUG:colcon.colcon_parallel_executor.executor.parallel:loop closed
[22.649s] DEBUG:colcon.colcon_parallel_executor.executor.parallel:run_until_complete finished with '1'
[22.650s] DEBUG:colcon.colcon_core.event_reactor:joining thread
[22.721s] INFO:colcon.colcon_core.plugin_system:Skipping extension 'colcon_notification.desktop_notification.notify_send': Could not find 'notify-send'
[22.721s] INFO:colcon.colcon_core.plugin_system:Skipping extension 'colcon_notification.desktop_notification.terminal_notifier': Not used on non-Darwin systems
[22.721s] INFO:colcon.colcon_core.plugin_system:Skipping extension 'colcon_notification.desktop_notification.win32': Not used on non-Windows systems
[22.721s] INFO:colcon.colcon_notification.desktop_notification:Sending desktop notification using 'notify2'
[22.741s] DEBUG:colcon.colcon_notification.desktop_notification.notify2:Failed to initialize notify2: org.freedesktop.DBus.Error.ServiceUnknown: The name org.freedesktop.Notifications was not provided by any .service files
[22.742s] DEBUG:colcon.colcon_core.event_reactor:joined thread
[22.742s] INFO:colcon.colcon_core.shell:Creating prefix script '/home/dareum/ME454/ros2_ws/install/local_setup.ps1'
[22.743s] INFO:colcon.colcon_core.shell:Creating prefix util module '/home/dareum/ME454/ros2_ws/install/_local_setup_util_ps1.py'
[22.745s] INFO:colcon.colcon_core.shell:Creating prefix chain script '/home/dareum/ME454/ros2_ws/install/setup.ps1'
[22.746s] INFO:colcon.colcon_core.shell:Creating prefix script '/home/dareum/ME454/ros2_ws/install/local_setup.sh'
[22.747s] INFO:colcon.colcon_core.shell:Creating prefix util module '/home/dareum/ME454/ros2_ws/install/_local_setup_util_sh.py'
[22.748s] INFO:colcon.colcon_core.shell:Creating prefix chain script '/home/dareum/ME454/ros2_ws/install/setup.sh'
[22.749s] INFO:colcon.colcon_core.shell:Creating prefix script '/home/dareum/ME454/ros2_ws/install/local_setup.bash'
[22.751s] INFO:colcon.colcon_core.shell:Creating prefix chain script '/home/dareum/ME454/ros2_ws/install/setup.bash'
[22.752s] INFO:colcon.colcon_core.shell:Creating prefix script '/home/dareum/ME454/ros2_ws/install/local_setup.zsh'
[22.754s] INFO:colcon.colcon_core.shell:Creating prefix chain script '/home/dareum/ME454/ros2_ws/install/setup.zsh'
