[0.222s] Invoking command in '/home/dareum/ME454/ros2_ws/build/tricycle': CMAKE_PREFIX_PATH=/opt/ros/humble CONDA_PROMPT_MODIFIER=(base) /usr/bin/cmake /home/dareum/ME454/ros2_ws/src/tricycle -DCMAKE_INSTALL_PREFIX=/home/dareum/ME454/ros2_ws/install/tricycle
[0.633s] -- Found ament_cmake: 1.3.8 (/opt/ros/humble/share/ament_cmake/cmake)
[0.635s] -- Found ament_lint_auto: 0.12.10 (/opt/ros/humble/share/ament_lint_auto/cmake)
[0.703s] Traceback (most recent call last):
[0.704s]   File "/opt/ros/humble/share/ament_cmake_core/cmake/core/package_xml_2_cmake.py", line 22, in <module>
[0.704s]     from catkin_pkg.package import parse_package_string
[0.704s] ModuleNotFoundError: No module named 'catkin_pkg'
[0.716s] [31mCMake Error at /opt/ros/humble/share/ament_cmake_core/cmake/core/ament_package_xml.cmake:95 (message):
[0.716s]   execute_process(/home/dareum/anaconda3/envs/mujoco_py/bin/python3
[0.716s]   /opt/ros/humble/share/ament_cmake_core/cmake/core/package_xml_2_cmake.py
[0.716s]   /home/dareum/ME454/ros2_ws/src/tricycle/package.xml
[0.716s]   /home/dareum/ME454/ros2_ws/build/tricycle/ament_cmake_core/package.cmake)
[0.716s]   returned error code 1
[0.716s] Call Stack (most recent call first):
[0.716s]   /opt/ros/humble/share/ament_cmake_core/cmake/core/ament_package_xml.cmake:49 (_ament_package_xml)
[0.716s]   /opt/ros/humble/share/ament_lint_auto/cmake/ament_lint_auto_find_test_dependencies.cmake:31 (ament_package_xml)
[0.716s]   CMakeLists.txt:32 (ament_lint_auto_find_test_dependencies)
[0.716s] 
[0.716s] [0m
[0.717s] -- Configuring incomplete, errors occurred!
[0.717s] See also "/home/dareum/ME454/ros2_ws/build/tricycle/CMakeFiles/CMakeOutput.log".
