[0.100s] Invoking command in '/home/dareum/ME454/ros2_ws/build/cartpole': CMAKE_PREFIX_PATH=/opt/ros/humble CONDA_PROMPT_MODIFIER=(mujoco_py) /usr/bin/cmake /home/dareum/ME454/ros2_ws/src/cartpole -DCMAKE_INSTALL_PREFIX=/home/dareum/ME454/ros2_ws/install/cartpole
[0.655s] -- The C compiler identification is GNU 12.1.0
[2.134s] -- The CXX compiler identification is GNU 11.4.0
[2.896s] -- Detecting C compiler ABI info
[3.176s] -- Detecting C compiler ABI info - done
[3.186s] -- Check for working C compiler: /home/dareum/anaconda3/envs/mujoco_py/bin/cc - skipped
[3.186s] -- Detecting C compile features
[3.187s] -- Detecting C compile features - done
[3.191s] -- Detecting CXX compiler ABI info
[3.551s] -- Detecting CXX compiler ABI info - done
[3.557s] -- Check for working CXX compiler: /usr/bin/c++ - skipped
[3.557s] -- Detecting CXX compile features
[3.558s] -- Detecting CXX compile features - done
[3.561s] -- Found ament_cmake: 1.3.8 (/opt/ros/humble/share/ament_cmake/cmake)
[4.356s] -- Found Python3: /home/dareum/anaconda3/envs/mujoco_py/bin/python3 (found version "3.8.19") found components: Interpreter 
[4.504s] -- Found rclcpp: 16.0.8 (/opt/ros/humble/share/rclcpp/cmake)
[4.774s] -- Found rosidl_generator_c: 3.1.5 (/opt/ros/humble/share/rosidl_generator_c/cmake)
[4.779s] -- Found rosidl_adapter: 3.1.5 (/opt/ros/humble/share/rosidl_adapter/cmake)
[4.786s] -- Found rosidl_generator_cpp: 3.1.5 (/opt/ros/humble/share/rosidl_generator_cpp/cmake)
[4.798s] -- Using all available rosidl_typesupport_c: rosidl_typesupport_fastrtps_c;rosidl_typesupport_introspection_c
[4.818s] -- Using all available rosidl_typesupport_cpp: rosidl_typesupport_fastrtps_cpp;rosidl_typesupport_introspection_cpp
[4.877s] -- Found rmw_implementation_cmake: 6.1.1 (/opt/ros/humble/share/rmw_implementation_cmake/cmake)
[4.880s] -- Found rmw_fastrtps_cpp: 6.2.6 (/opt/ros/humble/share/rmw_fastrtps_cpp/cmake)
[6.596s] -- Found OpenSSL: /home/linuxbrew/.linuxbrew/Cellar/openssl@3/3.3.1/lib/libcrypto.so (found version "3.3.1")  
[7.585s] -- Found FastRTPS: /opt/ros/humble/include  
[10.371s] -- Using RMW implementation 'rmw_fastrtps_cpp' as default
[10.382s] -- Looking for pthread.h
[10.613s] -- Looking for pthread.h - found
[10.613s] -- Performing Test CMAKE_HAVE_LIBC_PTHREAD
[10.832s] -- Performing Test CMAKE_HAVE_LIBC_PTHREAD - Failed
[10.833s] -- Looking for pthread_create in pthreads
[11.040s] -- Looking for pthread_create in pthreads - not found
[11.040s] -- Looking for pthread_create in pthread
[11.255s] -- Looking for pthread_create in pthread - found
[11.257s] -- Found Threads: TRUE  
[11.413s] -- Found gazebo_msgs: 3.7.0 (/opt/ros/humble/share/gazebo_msgs/cmake)
[11.714s] -- Found sensor_msgs: 4.2.3 (/opt/ros/humble/share/sensor_msgs/cmake)
[11.800s] -- Found control_msgs: 4.4.0 (/opt/ros/humble/share/control_msgs/cmake)
[12.104s] -- Found rclcpp_action: 16.0.8 (/opt/ros/humble/share/rclcpp_action/cmake)
[12.146s] -- Found tf2: 0.25.6 (/opt/ros/humble/share/tf2/cmake)
[12.172s] -- Found tf2_geometry_msgs: 0.25.6 (/opt/ros/humble/share/tf2_geometry_msgs/cmake)
[12.258s] -- Found eigen3_cmake_module: 0.1.1 (/opt/ros/humble/share/eigen3_cmake_module/cmake)
[12.261s] -- Found Eigen3: TRUE (found version "3.4.0") 
[12.261s] -- Ensuring Eigen3 include directory is part of orocos-kdl CMake target
[12.527s] -- Found ament_lint_auto: 0.12.10 (/opt/ros/humble/share/ament_lint_auto/cmake)
[12.556s] Traceback (most recent call last):
[12.556s]   File "/opt/ros/humble/share/ament_cmake_core/cmake/core/package_xml_2_cmake.py", line 22, in <module>
[12.556s]     from catkin_pkg.package import parse_package_string
[12.556s] ModuleNotFoundError: No module named 'catkin_pkg'
[12.561s] [31mCMake Error at /opt/ros/humble/share/ament_cmake_core/cmake/core/ament_package_xml.cmake:95 (message):
[12.561s]   execute_process(/home/dareum/anaconda3/envs/mujoco_py/bin/python3
[12.561s]   /opt/ros/humble/share/ament_cmake_core/cmake/core/package_xml_2_cmake.py
[12.561s]   /home/dareum/ME454/ros2_ws/src/cartpole/package.xml
[12.561s]   /home/dareum/ME454/ros2_ws/build/cartpole/ament_cmake_core/package.cmake)
[12.561s]   returned error code 1
[12.561s] Call Stack (most recent call first):
[12.561s]   /opt/ros/humble/share/ament_cmake_core/cmake/core/ament_package_xml.cmake:49 (_ament_package_xml)
[12.561s]   /opt/ros/humble/share/ament_lint_auto/cmake/ament_lint_auto_find_test_dependencies.cmake:31 (ament_package_xml)
[12.561s]   CMakeLists.txt:58 (ament_lint_auto_find_test_dependencies)
[12.561s] 
[12.561s] [0m
[12.561s] -- Configuring incomplete, errors occurred!
[12.561s] See also "/home/dareum/ME454/ros2_ws/build/cartpole/CMakeFiles/CMakeOutput.log".
[12.561s] See also "/home/dareum/ME454/ros2_ws/build/cartpole/CMakeFiles/CMakeError.log".
