[0.014s] Invoking command in '/home/dareum/ME454/ros2_ws/build/lidar_basic': CMAKE_PREFIX_PATH=${CMAKE_PREFIX_PATH}:/opt/ros/humble /usr/bin/cmake --build /home/dareum/ME454/ros2_ws/build/lidar_basic -- -j16 -l16
[0.052s] [35m[1mConsolidate compiler generated dependencies of target lidar_process[0m
[0.077s] [ 50%] [32mBuilding CXX object CMakeFiles/lidar_process.dir/src/lidar_process.cpp.o[0m
[12.627s] [100%] [32m[1mLinking CXX executable lidar_process[0m
[13.730s] [100%] Built target lidar_process
[13.739s] Invoked command in '/home/dareum/ME454/ros2_ws/build/lidar_basic' returned '0': CMAKE_PREFIX_PATH=${CMAKE_PREFIX_PATH}:/opt/ros/humble /usr/bin/cmake --build /home/dareum/ME454/ros2_ws/build/lidar_basic -- -j16 -l16
[13.783s] Invoking command in '/home/dareum/ME454/ros2_ws/build/lidar_basic': CMAKE_PREFIX_PATH=${CMAKE_PREFIX_PATH}:/opt/ros/humble /usr/bin/cmake --install /home/dareum/ME454/ros2_ws/build/lidar_basic
[13.789s] -- Install configuration: ""
[13.789s] -- Up-to-date: /home/dareum/ME454/ros2_ws/install/lidar_basic/share/lidar_basic/launch
[13.789s] -- Up-to-date: /home/dareum/ME454/ros2_ws/install/lidar_basic/share/lidar_basic/launch/lidar_world.launch.py
[13.789s] -- Up-to-date: /home/dareum/ME454/ros2_ws/install/lidar_basic/share/lidar_basic/rsc
[13.789s] -- Up-to-date: /home/dareum/ME454/ros2_ws/install/lidar_basic/share/lidar_basic/rsc/sdf
[13.789s] -- Up-to-date: /home/dareum/ME454/ros2_ws/install/lidar_basic/share/lidar_basic/rsc/sdf/room.sdf
[13.789s] -- Up-to-date: /home/dareum/ME454/ros2_ws/install/lidar_basic/share/lidar_basic/rsc/sdf/lidar_car_sample.sdf
[13.789s] -- Up-to-date: /home/dareum/ME454/ros2_ws/install/lidar_basic/share/lidar_basic/worlds
[13.789s] -- Up-to-date: /home/dareum/ME454/ros2_ws/install/lidar_basic/share/lidar_basic/worlds/lidar_basic.world
[13.789s] -- Installing: /home/dareum/ME454/ros2_ws/install/lidar_basic/lib/lidar_basic/lidar_process
[13.794s] -- Set runtime path of "/home/dareum/ME454/ros2_ws/install/lidar_basic/lib/lidar_basic/lidar_process" to ""
[13.794s] -- Up-to-date: /home/dareum/ME454/ros2_ws/install/lidar_basic/share/ament_index/resource_index/package_run_dependencies/lidar_basic
[13.794s] -- Up-to-date: /home/dareum/ME454/ros2_ws/install/lidar_basic/share/ament_index/resource_index/parent_prefix_path/lidar_basic
[13.794s] -- Up-to-date: /home/dareum/ME454/ros2_ws/install/lidar_basic/share/lidar_basic/environment/ament_prefix_path.sh
[13.794s] -- Up-to-date: /home/dareum/ME454/ros2_ws/install/lidar_basic/share/lidar_basic/environment/ament_prefix_path.dsv
[13.794s] -- Up-to-date: /home/dareum/ME454/ros2_ws/install/lidar_basic/share/lidar_basic/environment/path.sh
[13.794s] -- Up-to-date: /home/dareum/ME454/ros2_ws/install/lidar_basic/share/lidar_basic/environment/path.dsv
[13.794s] -- Up-to-date: /home/dareum/ME454/ros2_ws/install/lidar_basic/share/lidar_basic/local_setup.bash
[13.794s] -- Up-to-date: /home/dareum/ME454/ros2_ws/install/lidar_basic/share/lidar_basic/local_setup.sh
[13.794s] -- Up-to-date: /home/dareum/ME454/ros2_ws/install/lidar_basic/share/lidar_basic/local_setup.zsh
[13.794s] -- Up-to-date: /home/dareum/ME454/ros2_ws/install/lidar_basic/share/lidar_basic/local_setup.dsv
[13.794s] -- Installing: /home/dareum/ME454/ros2_ws/install/lidar_basic/share/lidar_basic/package.dsv
[13.794s] -- Up-to-date: /home/dareum/ME454/ros2_ws/install/lidar_basic/share/ament_index/resource_index/packages/lidar_basic
[13.794s] -- Up-to-date: /home/dareum/ME454/ros2_ws/install/lidar_basic/share/lidar_basic/cmake/lidar_basicConfig.cmake
[13.794s] -- Up-to-date: /home/dareum/ME454/ros2_ws/install/lidar_basic/share/lidar_basic/cmake/lidar_basicConfig-version.cmake
[13.794s] -- Up-to-date: /home/dareum/ME454/ros2_ws/install/lidar_basic/share/lidar_basic/package.xml
[13.797s] Invoked command in '/home/dareum/ME454/ros2_ws/build/lidar_basic' returned '0': CMAKE_PREFIX_PATH=${CMAKE_PREFIX_PATH}:/opt/ros/humble /usr/bin/cmake --install /home/dareum/ME454/ros2_ws/build/lidar_basic
