[0.739s] DEBUG:colcon:Command line arguments: ['/usr/bin/colcon', 'build', '--packages-select', 'midterm_2024']
[0.739s] DEBUG:colcon:Parsed command line arguments: Namespace(log_base=None, log_level=None, verb_name='build', build_base='build', install_base='install', merge_install=False, symlink_install=False, test_result_base=None, continue_on_error=False, executor='parallel', parallel_workers=16, event_handlers=None, ignore_user_meta=False, metas=['./colcon.meta'], base_paths=['.'], packages_ignore=None, packages_ignore_regex=None, paths=None, packages_up_to=None, packages_up_to_regex=None, packages_above=None, packages_above_and_dependencies=None, packages_above_depth=None, packages_select_by_dep=None, packages_skip_by_dep=None, packages_skip_up_to=None, packages_select_build_failed=False, packages_skip_build_finished=False, packages_select_test_failures=False, packages_skip_test_passed=False, packages_select=['midterm_2024'], packages_skip=None, packages_select_regex=None, packages_skip_regex=None, packages_start=None, packages_end=None, allow_overriding=[], cmake_args=None, cmake_target=None, cmake_target_skip_unavailable=False, cmake_clean_cache=False, cmake_clean_first=False, cmake_force_configure=False, ament_cmake_args=None, catkin_cmake_args=None, catkin_skip_building_tests=False, verb_parser=<colcon_defaults.argument_parser.defaults.DefaultArgumentsDecorator object at 0x7f8cc5cb02e0>, verb_extension=<colcon_core.verb.build.BuildVerb object at 0x7f8cc5db7820>, main=<bound method BuildVerb.main of <colcon_core.verb.build.BuildVerb object at 0x7f8cc5db7820>>)
[0.765s] Level 1:colcon.colcon_core.package_discovery:discover_packages(colcon_meta) check parameters
[0.765s] Level 1:colcon.colcon_core.package_discovery:discover_packages(recursive) check parameters
[0.765s] Level 1:colcon.colcon_core.package_discovery:discover_packages(ignore) check parameters
[0.765s] Level 1:colcon.colcon_core.package_discovery:discover_packages(path) check parameters
[0.765s] Level 1:colcon.colcon_core.package_discovery:discover_packages(colcon_meta) discover
[0.765s] Level 1:colcon.colcon_core.package_discovery:discover_packages(recursive) discover
[0.765s] INFO:colcon.colcon_core.package_discovery:Crawling recursively for packages in '/home/dareum/ME454/cpp_ws'
[0.766s] Level 1:colcon.colcon_core.package_identification:_identify(.) by extensions ['ignore', 'ignore_ament_install']
[0.766s] Level 1:colcon.colcon_core.package_identification:_identify(.) by extension 'ignore'
[0.766s] Level 1:colcon.colcon_core.package_identification:_identify(.) by extension 'ignore_ament_install'
[0.766s] Level 1:colcon.colcon_core.package_identification:_identify(.) by extensions ['colcon_pkg']
[0.766s] Level 1:colcon.colcon_core.package_identification:_identify(.) by extension 'colcon_pkg'
[0.766s] Level 1:colcon.colcon_core.package_identification:_identify(.) by extensions ['colcon_meta']
[0.766s] Level 1:colcon.colcon_core.package_identification:_identify(.) by extension 'colcon_meta'
[0.766s] Level 1:colcon.colcon_core.package_identification:_identify(.) by extensions ['ros']
[0.766s] Level 1:colcon.colcon_core.package_identification:_identify(.) by extension 'ros'
[0.774s] Level 1:colcon.colcon_core.package_identification:_identify(.) by extensions ['cmake', 'python']
[0.774s] Level 1:colcon.colcon_core.package_identification:_identify(.) by extension 'cmake'
[0.774s] Level 1:colcon.colcon_core.package_identification:_identify(.) by extension 'python'
[0.774s] Level 1:colcon.colcon_core.package_identification:_identify(.) by extensions ['python_setup_py']
[0.774s] Level 1:colcon.colcon_core.package_identification:_identify(.) by extension 'python_setup_py'
[0.774s] Level 1:colcon.colcon_core.package_identification:_identify(build) by extensions ['ignore', 'ignore_ament_install']
[0.774s] Level 1:colcon.colcon_core.package_identification:_identify(build) by extension 'ignore'
[0.774s] Level 1:colcon.colcon_core.package_identification:_identify(build) ignored
[0.774s] Level 1:colcon.colcon_core.package_identification:_identify(cpp_practice1) by extensions ['ignore', 'ignore_ament_install']
[0.774s] Level 1:colcon.colcon_core.package_identification:_identify(cpp_practice1) by extension 'ignore'
[0.774s] Level 1:colcon.colcon_core.package_identification:_identify(cpp_practice1) by extension 'ignore_ament_install'
[0.774s] Level 1:colcon.colcon_core.package_identification:_identify(cpp_practice1) by extensions ['colcon_pkg']
[0.774s] Level 1:colcon.colcon_core.package_identification:_identify(cpp_practice1) by extension 'colcon_pkg'
[0.774s] Level 1:colcon.colcon_core.package_identification:_identify(cpp_practice1) by extensions ['colcon_meta']
[0.774s] Level 1:colcon.colcon_core.package_identification:_identify(cpp_practice1) by extension 'colcon_meta'
[0.774s] Level 1:colcon.colcon_core.package_identification:_identify(cpp_practice1) by extensions ['ros']
[0.774s] Level 1:colcon.colcon_core.package_identification:_identify(cpp_practice1) by extension 'ros'
[0.775s] Level 1:colcon.colcon_core.package_identification:_identify(cpp_practice1) by extensions ['cmake', 'python']
[0.775s] Level 1:colcon.colcon_core.package_identification:_identify(cpp_practice1) by extension 'cmake'
[0.777s] Level 1:colcon.colcon_core.package_identification:_identify(cpp_practice1) by extension 'python'
[0.777s] DEBUG:colcon.colcon_core.package_identification:Package 'cpp_practice1' with type 'cmake' and name 'list4arr'
[0.777s] Level 1:colcon.colcon_core.package_identification:_identify(cpp_practice2) by extensions ['ignore', 'ignore_ament_install']
[0.777s] Level 1:colcon.colcon_core.package_identification:_identify(cpp_practice2) by extension 'ignore'
[0.777s] Level 1:colcon.colcon_core.package_identification:_identify(cpp_practice2) by extension 'ignore_ament_install'
[0.777s] Level 1:colcon.colcon_core.package_identification:_identify(cpp_practice2) by extensions ['colcon_pkg']
[0.777s] Level 1:colcon.colcon_core.package_identification:_identify(cpp_practice2) by extension 'colcon_pkg'
[0.777s] Level 1:colcon.colcon_core.package_identification:_identify(cpp_practice2) by extensions ['colcon_meta']
[0.777s] Level 1:colcon.colcon_core.package_identification:_identify(cpp_practice2) by extension 'colcon_meta'
[0.777s] Level 1:colcon.colcon_core.package_identification:_identify(cpp_practice2) by extensions ['ros']
[0.777s] Level 1:colcon.colcon_core.package_identification:_identify(cpp_practice2) by extension 'ros'
[0.777s] Level 1:colcon.colcon_core.package_identification:_identify(cpp_practice2) by extensions ['cmake', 'python']
[0.777s] Level 1:colcon.colcon_core.package_identification:_identify(cpp_practice2) by extension 'cmake'
[0.777s] Level 1:colcon.colcon_core.package_identification:_identify(cpp_practice2) by extension 'python'
[0.777s] DEBUG:colcon.colcon_core.package_identification:Package 'cpp_practice2' with type 'cmake' and name 'list4ptr'
[0.778s] Level 1:colcon.colcon_core.package_identification:_identify(hw2_20200282) by extensions ['ignore', 'ignore_ament_install']
[0.778s] Level 1:colcon.colcon_core.package_identification:_identify(hw2_20200282) by extension 'ignore'
[0.778s] Level 1:colcon.colcon_core.package_identification:_identify(hw2_20200282) by extension 'ignore_ament_install'
[0.778s] Level 1:colcon.colcon_core.package_identification:_identify(hw2_20200282) by extensions ['colcon_pkg']
[0.778s] Level 1:colcon.colcon_core.package_identification:_identify(hw2_20200282) by extension 'colcon_pkg'
[0.778s] Level 1:colcon.colcon_core.package_identification:_identify(hw2_20200282) by extensions ['colcon_meta']
[0.778s] Level 1:colcon.colcon_core.package_identification:_identify(hw2_20200282) by extension 'colcon_meta'
[0.778s] Level 1:colcon.colcon_core.package_identification:_identify(hw2_20200282) by extensions ['ros']
[0.778s] Level 1:colcon.colcon_core.package_identification:_identify(hw2_20200282) by extension 'ros'
[0.778s] Level 1:colcon.colcon_core.package_identification:_identify(hw2_20200282) by extensions ['cmake', 'python']
[0.778s] Level 1:colcon.colcon_core.package_identification:_identify(hw2_20200282) by extension 'cmake'
[0.778s] Level 1:colcon.colcon_core.package_identification:_identify(hw2_20200282) by extension 'python'
[0.778s] Level 1:colcon.colcon_core.package_identification:_identify(hw2_20200282) by extensions ['python_setup_py']
[0.778s] Level 1:colcon.colcon_core.package_identification:_identify(hw2_20200282) by extension 'python_setup_py'
[0.778s] Level 1:colcon.colcon_core.package_identification:_identify(hw2_20200282/mymat) by extensions ['ignore', 'ignore_ament_install']
[0.778s] Level 1:colcon.colcon_core.package_identification:_identify(hw2_20200282/mymat) by extension 'ignore'
[0.778s] Level 1:colcon.colcon_core.package_identification:_identify(hw2_20200282/mymat) by extension 'ignore_ament_install'
[0.778s] Level 1:colcon.colcon_core.package_identification:_identify(hw2_20200282/mymat) by extensions ['colcon_pkg']
[0.778s] Level 1:colcon.colcon_core.package_identification:_identify(hw2_20200282/mymat) by extension 'colcon_pkg'
[0.778s] Level 1:colcon.colcon_core.package_identification:_identify(hw2_20200282/mymat) by extensions ['colcon_meta']
[0.778s] Level 1:colcon.colcon_core.package_identification:_identify(hw2_20200282/mymat) by extension 'colcon_meta'
[0.778s] Level 1:colcon.colcon_core.package_identification:_identify(hw2_20200282/mymat) by extensions ['ros']
[0.778s] Level 1:colcon.colcon_core.package_identification:_identify(hw2_20200282/mymat) by extension 'ros'
[0.778s] Level 1:colcon.colcon_core.package_identification:_identify(hw2_20200282/mymat) by extensions ['cmake', 'python']
[0.778s] Level 1:colcon.colcon_core.package_identification:_identify(hw2_20200282/mymat) by extension 'cmake'
[0.780s] Level 1:colcon.colcon_core.package_identification:_identify(hw2_20200282/mymat) by extension 'python'
[0.780s] DEBUG:colcon.colcon_core.package_identification:Package 'hw2_20200282/mymat' with type 'cmake' and name 'homework2'
[0.780s] Level 1:colcon.colcon_core.package_identification:_identify(hw2_20200282/simulation) by extensions ['ignore', 'ignore_ament_install']
[0.780s] Level 1:colcon.colcon_core.package_identification:_identify(hw2_20200282/simulation) by extension 'ignore'
[0.780s] Level 1:colcon.colcon_core.package_identification:_identify(hw2_20200282/simulation) by extension 'ignore_ament_install'
[0.780s] Level 1:colcon.colcon_core.package_identification:_identify(hw2_20200282/simulation) by extensions ['colcon_pkg']
[0.780s] Level 1:colcon.colcon_core.package_identification:_identify(hw2_20200282/simulation) by extension 'colcon_pkg'
[0.780s] Level 1:colcon.colcon_core.package_identification:_identify(hw2_20200282/simulation) by extensions ['colcon_meta']
[0.780s] Level 1:colcon.colcon_core.package_identification:_identify(hw2_20200282/simulation) by extension 'colcon_meta'
[0.780s] Level 1:colcon.colcon_core.package_identification:_identify(hw2_20200282/simulation) by extensions ['ros']
[0.781s] Level 1:colcon.colcon_core.package_identification:_identify(hw2_20200282/simulation) by extension 'ros'
[0.781s] Level 1:colcon.colcon_core.package_identification:_identify(hw2_20200282/simulation) by extensions ['cmake', 'python']
[0.781s] Level 1:colcon.colcon_core.package_identification:_identify(hw2_20200282/simulation) by extension 'cmake'
[0.782s] Level 1:colcon.colcon_core.package_identification:_identify(hw2_20200282/simulation) by extension 'python'
[0.782s] DEBUG:colcon.colcon_core.package_identification:Package 'hw2_20200282/simulation' with type 'cmake' and name 'homework2'
[0.782s] Level 1:colcon.colcon_core.package_identification:_identify(install) by extensions ['ignore', 'ignore_ament_install']
[0.782s] Level 1:colcon.colcon_core.package_identification:_identify(install) by extension 'ignore'
[0.782s] Level 1:colcon.colcon_core.package_identification:_identify(install) ignored
[0.782s] Level 1:colcon.colcon_core.package_identification:_identify(log) by extensions ['ignore', 'ignore_ament_install']
[0.782s] Level 1:colcon.colcon_core.package_identification:_identify(log) by extension 'ignore'
[0.782s] Level 1:colcon.colcon_core.package_identification:_identify(log) ignored
[0.782s] Level 1:colcon.colcon_core.package_identification:_identify(midterm_2024) by extensions ['ignore', 'ignore_ament_install']
[0.782s] Level 1:colcon.colcon_core.package_identification:_identify(midterm_2024) by extension 'ignore'
[0.782s] Level 1:colcon.colcon_core.package_identification:_identify(midterm_2024) by extension 'ignore_ament_install'
[0.783s] Level 1:colcon.colcon_core.package_identification:_identify(midterm_2024) by extensions ['colcon_pkg']
[0.783s] Level 1:colcon.colcon_core.package_identification:_identify(midterm_2024) by extension 'colcon_pkg'
[0.783s] Level 1:colcon.colcon_core.package_identification:_identify(midterm_2024) by extensions ['colcon_meta']
[0.783s] Level 1:colcon.colcon_core.package_identification:_identify(midterm_2024) by extension 'colcon_meta'
[0.783s] Level 1:colcon.colcon_core.package_identification:_identify(midterm_2024) by extensions ['ros']
[0.783s] Level 1:colcon.colcon_core.package_identification:_identify(midterm_2024) by extension 'ros'
[0.785s] DEBUG:colcon.colcon_core.package_identification:Package 'midterm_2024' with type 'ros.ament_cmake' and name 'midterm_2024'
[0.785s] Level 1:colcon.colcon_core.package_identification:_identify(midterm_2024_cpp) by extensions ['ignore', 'ignore_ament_install']
[0.785s] Level 1:colcon.colcon_core.package_identification:_identify(midterm_2024_cpp) by extension 'ignore'
[0.785s] Level 1:colcon.colcon_core.package_identification:_identify(midterm_2024_cpp) by extension 'ignore_ament_install'
[0.785s] Level 1:colcon.colcon_core.package_identification:_identify(midterm_2024_cpp) by extensions ['colcon_pkg']
[0.785s] Level 1:colcon.colcon_core.package_identification:_identify(midterm_2024_cpp) by extension 'colcon_pkg'
[0.785s] Level 1:colcon.colcon_core.package_identification:_identify(midterm_2024_cpp) by extensions ['colcon_meta']
[0.785s] Level 1:colcon.colcon_core.package_identification:_identify(midterm_2024_cpp) by extension 'colcon_meta'
[0.785s] Level 1:colcon.colcon_core.package_identification:_identify(midterm_2024_cpp) by extensions ['ros']
[0.785s] Level 1:colcon.colcon_core.package_identification:_identify(midterm_2024_cpp) by extension 'ros'
[0.785s] Level 1:colcon.colcon_core.package_identification:_identify(midterm_2024_cpp) by extensions ['cmake', 'python']
[0.785s] Level 1:colcon.colcon_core.package_identification:_identify(midterm_2024_cpp) by extension 'cmake'
[0.786s] Level 1:colcon.colcon_core.package_identification:_identify(midterm_2024_cpp) by extension 'python'
[0.786s] DEBUG:colcon.colcon_core.package_identification:Package 'midterm_2024_cpp' with type 'cmake' and name 'midterm'
[0.787s] Level 1:colcon.colcon_core.package_identification:_identify(midterm_2024_lib) by extensions ['ignore', 'ignore_ament_install']
[0.787s] Level 1:colcon.colcon_core.package_identification:_identify(midterm_2024_lib) by extension 'ignore'
[0.787s] Level 1:colcon.colcon_core.package_identification:_identify(midterm_2024_lib) by extension 'ignore_ament_install'
[0.787s] Level 1:colcon.colcon_core.package_identification:_identify(midterm_2024_lib) by extensions ['colcon_pkg']
[0.787s] Level 1:colcon.colcon_core.package_identification:_identify(midterm_2024_lib) by extension 'colcon_pkg'
[0.787s] Level 1:colcon.colcon_core.package_identification:_identify(midterm_2024_lib) by extensions ['colcon_meta']
[0.787s] Level 1:colcon.colcon_core.package_identification:_identify(midterm_2024_lib) by extension 'colcon_meta'
[0.787s] Level 1:colcon.colcon_core.package_identification:_identify(midterm_2024_lib) by extensions ['ros']
[0.787s] Level 1:colcon.colcon_core.package_identification:_identify(midterm_2024_lib) by extension 'ros'
[0.787s] Level 1:colcon.colcon_core.package_identification:_identify(midterm_2024_lib) by extensions ['cmake', 'python']
[0.787s] Level 1:colcon.colcon_core.package_identification:_identify(midterm_2024_lib) by extension 'cmake'
[0.788s] Level 1:colcon.colcon_core.package_identification:_identify(midterm_2024_lib) by extension 'python'
[0.788s] DEBUG:colcon.colcon_core.package_identification:Package 'midterm_2024_lib' with type 'cmake' and name 'midterm'
[0.789s] Level 1:colcon.colcon_core.package_identification:_identify(midterm_2024_msg) by extensions ['ignore', 'ignore_ament_install']
[0.789s] Level 1:colcon.colcon_core.package_identification:_identify(midterm_2024_msg) by extension 'ignore'
[0.789s] Level 1:colcon.colcon_core.package_identification:_identify(midterm_2024_msg) by extension 'ignore_ament_install'
[0.789s] Level 1:colcon.colcon_core.package_identification:_identify(midterm_2024_msg) by extensions ['colcon_pkg']
[0.789s] Level 1:colcon.colcon_core.package_identification:_identify(midterm_2024_msg) by extension 'colcon_pkg'
[0.789s] Level 1:colcon.colcon_core.package_identification:_identify(midterm_2024_msg) by extensions ['colcon_meta']
[0.789s] Level 1:colcon.colcon_core.package_identification:_identify(midterm_2024_msg) by extension 'colcon_meta'
[0.789s] Level 1:colcon.colcon_core.package_identification:_identify(midterm_2024_msg) by extensions ['ros']
[0.789s] Level 1:colcon.colcon_core.package_identification:_identify(midterm_2024_msg) by extension 'ros'
[0.789s] DEBUG:colcon.colcon_core.package_identification:Package 'midterm_2024_msg' with type 'ros.ament_cmake' and name 'midterm_2024_msg'
[0.789s] Level 1:colcon.colcon_core.package_discovery:discover_packages(recursive) using defaults
[0.789s] Level 1:colcon.colcon_core.package_discovery:discover_packages(ignore) discover
[0.789s] Level 1:colcon.colcon_core.package_discovery:discover_packages(ignore) using defaults
[0.789s] Level 1:colcon.colcon_core.package_discovery:discover_packages(path) discover
[0.789s] Level 1:colcon.colcon_core.package_discovery:discover_packages(path) using defaults
[0.827s] INFO:colcon.colcon_core.package_selection:Skipping not selected package 'homework2' in 'hw2_20200282/simulation'
[0.827s] INFO:colcon.colcon_core.package_selection:Skipping not selected package 'homework2' in 'hw2_20200282/mymat'
[0.827s] INFO:colcon.colcon_core.package_selection:Skipping not selected package 'list4arr' in 'cpp_practice1'
[0.827s] INFO:colcon.colcon_core.package_selection:Skipping not selected package 'list4ptr' in 'cpp_practice2'
[0.827s] INFO:colcon.colcon_core.package_selection:Skipping not selected package 'midterm' in 'midterm_2024_lib'
[0.827s] INFO:colcon.colcon_core.package_selection:Skipping not selected package 'midterm' in 'midterm_2024_cpp'
[0.827s] INFO:colcon.colcon_core.package_selection:Skipping not selected package 'midterm_2024_msg' in 'midterm_2024_msg'
[0.841s] Level 1:colcon.colcon_core.package_discovery:discover_packages(prefix_path) check parameters
[0.841s] Level 1:colcon.colcon_core.package_discovery:discover_packages(prefix_path) discover
[0.856s] DEBUG:colcon.colcon_installed_package_information.package_discovery:Found 309 installed packages in /opt/ros/humble
[0.857s] Level 1:colcon.colcon_core.package_discovery:discover_packages(prefix_path) using defaults
[0.929s] Level 5:colcon.colcon_core.verb:set package 'midterm_2024' build argument 'cmake_args' from command line to 'None'
[0.929s] Level 5:colcon.colcon_core.verb:set package 'midterm_2024' build argument 'cmake_target' from command line to 'None'
[0.929s] Level 5:colcon.colcon_core.verb:set package 'midterm_2024' build argument 'cmake_target_skip_unavailable' from command line to 'False'
[0.929s] Level 5:colcon.colcon_core.verb:set package 'midterm_2024' build argument 'cmake_clean_cache' from command line to 'False'
[0.929s] Level 5:colcon.colcon_core.verb:set package 'midterm_2024' build argument 'cmake_clean_first' from command line to 'False'
[0.929s] Level 5:colcon.colcon_core.verb:set package 'midterm_2024' build argument 'cmake_force_configure' from command line to 'False'
[0.929s] Level 5:colcon.colcon_core.verb:set package 'midterm_2024' build argument 'ament_cmake_args' from command line to 'None'
[0.929s] Level 5:colcon.colcon_core.verb:set package 'midterm_2024' build argument 'catkin_cmake_args' from command line to 'None'
[0.929s] Level 5:colcon.colcon_core.verb:set package 'midterm_2024' build argument 'catkin_skip_building_tests' from command line to 'False'
[0.929s] DEBUG:colcon.colcon_core.verb:Building package 'midterm_2024' with the following arguments: {'ament_cmake_args': None, 'build_base': '/home/dareum/ME454/cpp_ws/build/midterm_2024', 'catkin_cmake_args': None, 'catkin_skip_building_tests': False, 'cmake_args': None, 'cmake_clean_cache': False, 'cmake_clean_first': False, 'cmake_force_configure': False, 'cmake_target': None, 'cmake_target_skip_unavailable': False, 'install_base': '/home/dareum/ME454/cpp_ws/install/midterm_2024', 'merge_install': False, 'path': '/home/dareum/ME454/cpp_ws/midterm_2024', 'symlink_install': False, 'test_result_base': None}
[0.938s] INFO:colcon.colcon_core.executor:Executing jobs using 'parallel' executor
[0.950s] DEBUG:colcon.colcon_parallel_executor.executor.parallel:run_until_complete
[0.950s] INFO:colcon.colcon_ros.task.ament_cmake.build:Building ROS package in '/home/dareum/ME454/cpp_ws/midterm_2024' with build type 'ament_cmake'
[0.951s] INFO:colcon.colcon_cmake.task.cmake.build:Building CMake package in '/home/dareum/ME454/cpp_ws/midterm_2024'
[0.974s] INFO:colcon.colcon_core.plugin_system:Skipping extension 'colcon_core.shell.bat': Not used on non-Windows systems
[0.975s] INFO:colcon.colcon_core.shell:Skip shell extension 'powershell' for command environment: Not usable outside of PowerShell
[0.975s] DEBUG:colcon.colcon_core.shell:Skip shell extension 'dsv' for command environment
[1.107s] DEBUG:colcon.colcon_core.event_handler.log_command:Invoking command in '/home/dareum/ME454/cpp_ws/build/midterm_2024': AMENT_PREFIX_PATH=/home/dareum/ME454/cpp_ws/install/midterm_2024_msg:${AMENT_PREFIX_PATH} CMAKE_PREFIX_PATH=/home/dareum/ME454/cpp_ws/install/midterm_2024_msg:/opt/ros/humble LD_LIBRARY_PATH=/home/dareum/ME454/cpp_ws/install/midterm_2024_msg/lib:${LD_LIBRARY_PATH} PYTHONPATH=/home/dareum/ME454/cpp_ws/install/midterm_2024_msg/local/lib/python3.10/dist-packages:${PYTHONPATH} /usr/bin/cmake --build /home/dareum/ME454/cpp_ws/build/midterm_2024 -- -j16 -l16
[5.896s] DEBUG:colcon.colcon_core.event_handler.log_command:Invoked command in '/home/dareum/ME454/cpp_ws/build/midterm_2024' returned '2': AMENT_PREFIX_PATH=/home/dareum/ME454/cpp_ws/install/midterm_2024_msg:${AMENT_PREFIX_PATH} CMAKE_PREFIX_PATH=/home/dareum/ME454/cpp_ws/install/midterm_2024_msg:/opt/ros/humble LD_LIBRARY_PATH=/home/dareum/ME454/cpp_ws/install/midterm_2024_msg/lib:${LD_LIBRARY_PATH} PYTHONPATH=/home/dareum/ME454/cpp_ws/install/midterm_2024_msg/local/lib/python3.10/dist-packages:${PYTHONPATH} /usr/bin/cmake --build /home/dareum/ME454/cpp_ws/build/midterm_2024 -- -j16 -l16
[5.928s] Level 1:colcon.colcon_core.environment:create_environment_scripts_only(midterm_2024)
[5.937s] Level 1:colcon.colcon_core.environment:checking '/home/dareum/ME454/cpp_ws/install/midterm_2024' for CMake module files
[5.937s] Level 1:colcon.colcon_core.environment:checking '/home/dareum/ME454/cpp_ws/install/midterm_2024' for CMake config files
[5.937s] Level 1:colcon.colcon_core.environment:checking '/home/dareum/ME454/cpp_ws/install/midterm_2024/bin'
[5.938s] Level 1:colcon.colcon_core.environment:checking '/home/dareum/ME454/cpp_ws/install/midterm_2024/lib/pkgconfig/midterm_2024.pc'
[5.938s] Level 1:colcon.colcon_core.environment:checking '/home/dareum/ME454/cpp_ws/install/midterm_2024/lib/python3.10/site-packages'
[5.938s] Level 1:colcon.colcon_core.environment:checking '/home/dareum/ME454/cpp_ws/install/midterm_2024/bin'
[5.944s] INFO:colcon.colcon_core.shell:Creating package script '/home/dareum/ME454/cpp_ws/install/midterm_2024/share/midterm_2024/package.ps1'
[5.945s] INFO:colcon.colcon_core.shell:Creating package descriptor '/home/dareum/ME454/cpp_ws/install/midterm_2024/share/midterm_2024/package.dsv'
[5.945s] INFO:colcon.colcon_core.shell:Creating package script '/home/dareum/ME454/cpp_ws/install/midterm_2024/share/midterm_2024/package.sh'
[5.946s] INFO:colcon.colcon_core.shell:Creating package script '/home/dareum/ME454/cpp_ws/install/midterm_2024/share/midterm_2024/package.bash'
[5.946s] INFO:colcon.colcon_core.shell:Creating package script '/home/dareum/ME454/cpp_ws/install/midterm_2024/share/midterm_2024/package.zsh'
[5.947s] Level 1:colcon.colcon_core.environment:create_file_with_runtime_dependencies(/home/dareum/ME454/cpp_ws/install/midterm_2024/share/colcon-core/packages/midterm_2024)
[5.958s] DEBUG:colcon.colcon_parallel_executor.executor.parallel:closing loop
[5.958s] DEBUG:colcon.colcon_parallel_executor.executor.parallel:loop closed
[5.958s] DEBUG:colcon.colcon_parallel_executor.executor.parallel:run_until_complete finished with '2'
[5.958s] DEBUG:colcon.colcon_core.event_reactor:joining thread
[6.023s] INFO:colcon.colcon_core.plugin_system:Skipping extension 'colcon_notification.desktop_notification.notify_send': Could not find 'notify-send'
[6.023s] INFO:colcon.colcon_core.plugin_system:Skipping extension 'colcon_notification.desktop_notification.terminal_notifier': Not used on non-Darwin systems
[6.024s] INFO:colcon.colcon_core.plugin_system:Skipping extension 'colcon_notification.desktop_notification.win32': Not used on non-Windows systems
[6.024s] INFO:colcon.colcon_notification.desktop_notification:Sending desktop notification using 'notify2'
