[0.098s] Invoking command in '/home/dareum/ME454/ros2_ws/build/ball_throwing': CMAKE_PREFIX_PATH=/opt/ros/humble CONDA_PROMPT_MODIFIER=(mujoco_py) /usr/bin/cmake /home/dareum/ME454/ros2_ws/src/ball_throwing -DCMAKE_INSTALL_PREFIX=/home/dareum/ME454/ros2_ws/install/ball_throwing
[0.663s] -- The C compiler identification is GNU 12.1.0
[2.282s] -- The CXX compiler identification is GNU 11.4.0
[2.956s] -- Detecting C compiler ABI info
[3.257s] -- Detecting C compiler ABI info - done
[3.269s] -- Check for working C compiler: /home/dareum/anaconda3/envs/mujoco_py/bin/cc - skipped
[3.269s] -- Detecting C compile features
[3.270s] -- Detecting C compile features - done
[3.274s] -- Detecting CXX compiler ABI info
[3.603s] -- Detecting CXX compiler ABI info - done
[3.603s] -- Check for working CXX compiler: /usr/bin/c++ - skipped
[3.604s] -- Detecting CXX compile features
[3.604s] -- Detecting CXX compile features - done
[3.608s] -- Found ament_cmake: 1.3.8 (/opt/ros/humble/share/ament_cmake/cmake)
[4.399s] -- Found Python3: /home/dareum/anaconda3/envs/mujoco_py/bin/python3 (found version "3.8.19") found components: Interpreter 
[4.546s] -- Found ament_lint_auto: 0.12.10 (/opt/ros/humble/share/ament_lint_auto/cmake)
[4.588s] Traceback (most recent call last):
[4.588s]   File "/opt/ros/humble/share/ament_cmake_core/cmake/core/package_xml_2_cmake.py", line 22, in <module>
[4.588s]     from catkin_pkg.package import parse_package_string
[4.588s] ModuleNotFoundError: No module named 'catkin_pkg'
[4.599s] -- Configuring incomplete, errors occurred!
[4.599s] See also "/home/dareum/ME454/ros2_ws/build/ball_throwing/CMakeFiles/CMakeOutput.log".
[4.599s] [31mCMake Error at /opt/ros/humble/share/ament_cmake_core/cmake/core/ament_package_xml.cmake:95 (message):
[4.599s]   execute_process(/home/dareum/anaconda3/envs/mujoco_py/bin/python3
[4.599s]   /opt/ros/humble/share/ament_cmake_core/cmake/core/package_xml_2_cmake.py
[4.599s]   /home/dareum/ME454/ros2_ws/src/ball_throwing/package.xml
[4.599s]   /home/dareum/ME454/ros2_ws/build/ball_throwing/ament_cmake_core/package.cmake)
[4.599s]   returned error code 1
[4.599s] Call Stack (most recent call first):
[4.599s]   /opt/ros/humble/share/ament_cmake_core/cmake/core/ament_package_xml.cmake:49 (_ament_package_xml)
[4.599s]   /opt/ros/humble/share/ament_lint_auto/cmake/ament_lint_auto_find_test_dependencies.cmake:31 (ament_package_xml)
[4.599s]   CMakeLists.txt:36 (ament_lint_auto_find_test_dependencies)
[4.599s] 
[4.599s] [0m
[4.628s] Invoked command in '/home/dareum/ME454/ros2_ws/build/ball_throwing' returned '1': CMAKE_PREFIX_PATH=/opt/ros/humble CONDA_PROMPT_MODIFIER=(mujoco_py) /usr/bin/cmake /home/dareum/ME454/ros2_ws/src/ball_throwing -DCMAKE_INSTALL_PREFIX=/home/dareum/ME454/ros2_ws/install/ball_throwing
