[0.099s] Invoking command in '/home/dareum/ME454/ros2_ws/build/bowling': CMAKE_PREFIX_PATH=/opt/ros/humble CONDA_PROMPT_MODIFIER=(mujoco_py) /usr/bin/cmake /home/dareum/ME454/ros2_ws/src/bowling -DCMAKE_INSTALL_PREFIX=/home/dareum/ME454/ros2_ws/install/bowling
[0.659s] -- The C compiler identification is GNU 12.1.0
[2.284s] -- The CXX compiler identification is GNU 11.4.0
[2.973s] -- Detecting C compiler ABI info
[3.263s] -- Detecting C compiler ABI info - done
[3.276s] -- Check for working C compiler: /home/dareum/anaconda3/envs/mujoco_py/bin/cc - skipped
[3.276s] -- Detecting C compile features
[3.277s] -- Detecting C compile features - done
[3.282s] -- Detecting CXX compiler ABI info
[3.581s] -- Detecting CXX compiler ABI info - done
[3.590s] -- Check for working CXX compiler: /usr/bin/c++ - skipped
[3.590s] -- Detecting CXX compile features
[3.591s] -- Detecting CXX compile features - done
[3.599s] -- Found ament_cmake: 1.3.8 (/opt/ros/humble/share/ament_cmake/cmake)
[4.376s] -- Found Python3: /home/dareum/anaconda3/envs/mujoco_py/bin/python3 (found version "3.8.19") found components: Interpreter 
[4.528s] -- Found ament_lint_auto: 0.12.10 (/opt/ros/humble/share/ament_lint_auto/cmake)
[4.573s] Traceback (most recent call last):
[4.573s]   File "/opt/ros/humble/share/ament_cmake_core/cmake/core/package_xml_2_cmake.py", line 22, in <module>
[4.574s]     from catkin_pkg.package import parse_package_string
[4.574s] ModuleNotFoundError: No module named 'catkin_pkg'
[4.581s] [31mCMake Error at /opt/ros/humble/share/ament_cmake_core/cmake/core/ament_package_xml.cmake:95 (message):
[4.581s]   execute_process(/home/dareum/anaconda3/envs/mujoco_py/bin/python3
[4.581s]   /opt/ros/humble/share/ament_cmake_core/cmake/core/package_xml_2_cmake.py
[4.581s]   /home/dareum/ME454/ros2_ws/src/bowling/package.xml
[4.581s]   /home/dareum/ME454/ros2_ws/build/bowling/ament_cmake_core/package.cmake)
[4.581s]   returned error code 1
[4.581s] Call Stack (most recent call first):
[4.581s]   /opt/ros/humble/share/ament_cmake_core/cmake/core/ament_package_xml.cmake:49 (_ament_package_xml)
[4.581s]   /opt/ros/humble/share/ament_lint_auto/cmake/ament_lint_auto_find_test_dependencies.cmake:31 (ament_package_xml)
[4.581s]   CMakeLists.txt:38 (ament_lint_auto_find_test_dependencies)
[4.581s] 
[4.581s] [0m
[4.581s] -- Configuring incomplete, errors occurred!
[4.582s] See also "/home/dareum/ME454/ros2_ws/build/bowling/CMakeFiles/CMakeOutput.log".
[4.595s] Invoked command in '/home/dareum/ME454/ros2_ws/build/bowling' returned '1': CMAKE_PREFIX_PATH=/opt/ros/humble CONDA_PROMPT_MODIFIER=(mujoco_py) /usr/bin/cmake /home/dareum/ME454/ros2_ws/src/bowling -DCMAKE_INSTALL_PREFIX=/home/dareum/ME454/ros2_ws/install/bowling
