[0.123s] Invoking command in '/home/dareum/ME454/ros2_ws/build/four_bar_linkage': CMAKE_PREFIX_PATH=/opt/ros/humble CONDA_PROMPT_MODIFIER=(base) /usr/bin/cmake /home/dareum/ME454/ros2_ws/src/four_bar_linkage -DCMAKE_INSTALL_PREFIX=/home/dareum/ME454/ros2_ws/install/four_bar_linkage
[0.361s] -- Found ament_cmake: 1.3.8 (/opt/ros/humble/share/ament_cmake/cmake)
[0.580s] -- Found rclcpp: 16.0.8 (/opt/ros/humble/share/rclcpp/cmake)
[0.893s] -- Found rosidl_generator_c: 3.1.5 (/opt/ros/humble/share/rosidl_generator_c/cmake)
[0.895s] -- Found rosidl_adapter: 3.1.5 (/opt/ros/humble/share/rosidl_adapter/cmake)
[0.901s] -- Found rosidl_generator_cpp: 3.1.5 (/opt/ros/humble/share/rosidl_generator_cpp/cmake)
[0.913s] -- Using all available rosidl_typesupport_c: rosidl_typesupport_fastrtps_c;rosidl_typesupport_introspection_c
[0.931s] -- Using all available rosidl_typesupport_cpp: rosidl_typesupport_fastrtps_cpp;rosidl_typesupport_introspection_cpp
[0.985s] -- Found rmw_implementation_cmake: 6.1.1 (/opt/ros/humble/share/rmw_implementation_cmake/cmake)
[0.986s] -- Found rmw_fastrtps_cpp: 6.2.6 (/opt/ros/humble/share/rmw_fastrtps_cpp/cmake)
[4.409s] -- Using RMW implementation 'rmw_fastrtps_cpp' as default
[4.577s] -- Found gazebo_msgs: 3.7.0 (/opt/ros/humble/share/gazebo_msgs/cmake)
[4.806s] -- Found ament_lint_auto: 0.12.10 (/opt/ros/humble/share/ament_lint_auto/cmake)
[4.833s] Traceback (most recent call last):
[4.834s]   File "/opt/ros/humble/share/ament_cmake_core/cmake/core/package_xml_2_cmake.py", line 22, in <module>
[4.834s]     from catkin_pkg.package import parse_package_string
[4.834s] ModuleNotFoundError: No module named 'catkin_pkg'
[4.837s] [31mCMake Error at /opt/ros/humble/share/ament_cmake_core/cmake/core/ament_package_xml.cmake:95 (message):
[4.837s]   execute_process(/home/dareum/anaconda3/envs/mujoco_py/bin/python3
[4.837s]   /opt/ros/humble/share/ament_cmake_core/cmake/core/package_xml_2_cmake.py
[4.838s]   /home/dareum/ME454/ros2_ws/src/four_bar_linkage/package.xml
[4.838s]   /home/dareum/ME454/ros2_ws/build/four_bar_linkage/ament_cmake_core/package.cmake)
[4.838s]   returned error code 1
[4.838s] Call Stack (most recent call first):
[4.838s]   /opt/ros/humble/share/ament_cmake_core/cmake/core/ament_package_xml.cmake:49 (_ament_package_xml)
[4.838s]   /opt/ros/humble/share/ament_lint_auto/cmake/ament_lint_auto_find_test_dependencies.cmake:31 (ament_package_xml)
[4.838s]   CMakeLists.txt:41 (ament_lint_auto_find_test_dependencies)
[4.838s] 
[4.838s] [0m
[4.838s] -- Configuring incomplete, errors occurred!
[4.838s] See also "/home/dareum/ME454/ros2_ws/build/four_bar_linkage/CMakeFiles/CMakeOutput.log".
[4.838s] See also "/home/dareum/ME454/ros2_ws/build/four_bar_linkage/CMakeFiles/CMakeError.log".
