[0.013s] Invoking command in '/home/dareum/ME454/ros2_ws/build/lidar_basic': CMAKE_PREFIX_PATH=${CMAKE_PREFIX_PATH}:/opt/ros/humble /usr/bin/cmake --build /home/dareum/ME454/ros2_ws/build/lidar_basic -- -j16 -l16
[0.051s] [35m[1mConsolidate compiler generated dependencies of target lidar_process[0m
[0.074s] [ 50%] [32mBuilding CXX object CMakeFiles/lidar_process.dir/src/lidar_process.cpp.o[0m
[13.520s] [100%] [32m[1mLinking CXX executable lidar_process[0m
[14.628s] [100%] Built target lidar_process
[14.643s] Invoked command in '/home/dareum/ME454/ros2_ws/build/lidar_basic' returned '0': CMAKE_PREFIX_PATH=${CMAKE_PREFIX_PATH}:/opt/ros/humble /usr/bin/cmake --build /home/dareum/ME454/ros2_ws/build/lidar_basic -- -j16 -l16
[14.682s] Invoking command in '/home/dareum/ME454/ros2_ws/build/lidar_basic': CMAKE_PREFIX_PATH=${CMAKE_PREFIX_PATH}:/opt/ros/humble /usr/bin/cmake --install /home/dareum/ME454/ros2_ws/build/lidar_basic
[14.688s] -- Install configuration: ""
[14.688s] -- Up-to-date: /home/dareum/ME454/ros2_ws/install/lidar_basic/share/lidar_basic/launch
[14.688s] -- Up-to-date: /home/dareum/ME454/ros2_ws/install/lidar_basic/share/lidar_basic/launch/lidar_world.launch.py
[14.688s] -- Up-to-date: /home/dareum/ME454/ros2_ws/install/lidar_basic/share/lidar_basic/rsc
[14.688s] -- Up-to-date: /home/dareum/ME454/ros2_ws/install/lidar_basic/share/lidar_basic/rsc/sdf
[14.688s] -- Up-to-date: /home/dareum/ME454/ros2_ws/install/lidar_basic/share/lidar_basic/rsc/sdf/room.sdf
[14.688s] -- Up-to-date: /home/dareum/ME454/ros2_ws/install/lidar_basic/share/lidar_basic/rsc/sdf/lidar_car_sample.sdf
[14.688s] -- Up-to-date: /home/dareum/ME454/ros2_ws/install/lidar_basic/share/lidar_basic/worlds
[14.688s] -- Up-to-date: /home/dareum/ME454/ros2_ws/install/lidar_basic/share/lidar_basic/worlds/lidar_basic.world
[14.688s] -- Installing: /home/dareum/ME454/ros2_ws/install/lidar_basic/lib/lidar_basic/lidar_process
[14.693s] -- Set runtime path of "/home/dareum/ME454/ros2_ws/install/lidar_basic/lib/lidar_basic/lidar_process" to ""
[14.693s] -- Up-to-date: /home/dareum/ME454/ros2_ws/install/lidar_basic/share/ament_index/resource_index/package_run_dependencies/lidar_basic
[14.693s] -- Up-to-date: /home/dareum/ME454/ros2_ws/install/lidar_basic/share/ament_index/resource_index/parent_prefix_path/lidar_basic
[14.693s] -- Up-to-date: /home/dareum/ME454/ros2_ws/install/lidar_basic/share/lidar_basic/environment/ament_prefix_path.sh
[14.693s] -- Up-to-date: /home/dareum/ME454/ros2_ws/install/lidar_basic/share/lidar_basic/environment/ament_prefix_path.dsv
[14.693s] -- Up-to-date: /home/dareum/ME454/ros2_ws/install/lidar_basic/share/lidar_basic/environment/path.sh
[14.693s] -- Up-to-date: /home/dareum/ME454/ros2_ws/install/lidar_basic/share/lidar_basic/environment/path.dsv
[14.694s] -- Up-to-date: /home/dareum/ME454/ros2_ws/install/lidar_basic/share/lidar_basic/local_setup.bash
[14.694s] -- Up-to-date: /home/dareum/ME454/ros2_ws/install/lidar_basic/share/lidar_basic/local_setup.sh
[14.694s] -- Up-to-date: /home/dareum/ME454/ros2_ws/install/lidar_basic/share/lidar_basic/local_setup.zsh
[14.694s] -- Up-to-date: /home/dareum/ME454/ros2_ws/install/lidar_basic/share/lidar_basic/local_setup.dsv
[14.694s] -- Installing: /home/dareum/ME454/ros2_ws/install/lidar_basic/share/lidar_basic/package.dsv
[14.694s] -- Up-to-date: /home/dareum/ME454/ros2_ws/install/lidar_basic/share/ament_index/resource_index/packages/lidar_basic
[14.694s] -- Up-to-date: /home/dareum/ME454/ros2_ws/install/lidar_basic/share/lidar_basic/cmake/lidar_basicConfig.cmake
[14.694s] -- Up-to-date: /home/dareum/ME454/ros2_ws/install/lidar_basic/share/lidar_basic/cmake/lidar_basicConfig-version.cmake
[14.694s] -- Up-to-date: /home/dareum/ME454/ros2_ws/install/lidar_basic/share/lidar_basic/package.xml
[14.695s] Invoked command in '/home/dareum/ME454/ros2_ws/build/lidar_basic' returned '0': CMAKE_PREFIX_PATH=${CMAKE_PREFIX_PATH}:/opt/ros/humble /usr/bin/cmake --install /home/dareum/ME454/ros2_ws/build/lidar_basic
